<?xml version="1.0" encoding="utf-8"?>
<test-run id="2" testcasecount="10" result="Passed" total="10" passed="10" failed="0" inconclusive="0" skipped="0" asserts="0" engine-version="3.5.0.0" clr-version="4.0.30319.42000" start-time="2026-07-16 21:34:21Z" end-time="2026-07-16 21:34:23Z" duration="2.0256295">
  <test-suite type="TestSuite" id="1652" name="Cheddar and Cocoa" fullname="Cheddar and Cocoa" runstate="Runnable" testcasecount="554" result="Passed" start-time="2026-07-16 21:34:21Z" end-time="2026-07-16 21:34:23Z" duration="2.025630" total="10" passed="10" failed="0" inconclusive="0" skipped="0" asserts="0">
    <properties>
      <property name="platform" value="PlayMode" />
    </properties>
    <test-suite type="SetUpFixture" id="1001" name="CheddarAndCocoa.Tests.PlayMode.dll" fullname="PlayModeGlobalTestSetup" classname="PlayModeGlobalTestSetup" runstate="Runnable" testcasecount="554" result="Passed" start-time="2026-07-16 21:34:21Z" end-time="2026-07-16 21:34:23Z" duration="2.020035" total="10" passed="10" failed="0" inconclusive="0" skipped="0" asserts="0">
      <properties>
        <property name="_PID" value="13787" />
        <property name="_APPDOMAIN" value="Unity Child Domain" />
        <property name="platform" value="PlayMode" />
        <property name="EditorOnly" value="False" />
      </properties>
      <test-suite type="TestSuite" id="1645" name="CheddarAndCocoa" fullname="CheddarAndCocoa" runstate="Runnable" testcasecount="554" result="Passed" start-time="2026-07-16 21:34:21Z" end-time="2026-07-16 21:34:23Z" duration="2.015386" total="10" passed="10" failed="0" inconclusive="0" skipped="0" asserts="0">
        <properties />
        <test-suite type="TestSuite" id="1648" name="Tests" fullname="CheddarAndCocoa.Tests" runstate="Runnable" testcasecount="552" result="Passed" start-time="2026-07-16 21:34:21Z" end-time="2026-07-16 21:34:23Z" duration="2.011999" total="10" passed="10" failed="0" inconclusive="0" skipped="0" asserts="0">
          <properties />
          <test-suite type="TestFixture" id="1200" name="CoopBoneRelayPlayModeTests" fullname="CheddarAndCocoa.Tests.CoopBoneRelayPlayModeTests" classname="CheddarAndCocoa.Tests.CoopBoneRelayPlayModeTests" runstate="Runnable" testcasecount="10" result="Passed" start-time="2026-07-16 21:34:21Z" end-time="2026-07-16 21:34:23Z" duration="2.005533" total="10" passed="10" failed="0" inconclusive="0" skipped="0" asserts="0">
            <properties />
            <test-case id="1202" name="Bone_AppearsInMissionSelectRotation" fullname="CheddarAndCocoa.Tests.CoopBoneRelayPlayModeTests.Bone_AppearsInMissionSelectRotation" methodname="Bone_AppearsInMissionSelectRotation" classname="CheddarAndCocoa.Tests.CoopBoneRelayPlayModeTests" runstate="Runnable" seed="2026489482" result="Passed" start-time="2026-07-16 21:34:21Z" end-time="2026-07-16 21:34:21Z" duration="0.481365" asserts="0">
              <properties>
                <property name="_JOINTYPE" value="UnityCombinatorial" />
                <property name="retryIteration" value="0" />
                <property name="repeatIteration" value="0" />
              </properties>
            </test-case>
            <test-case id="1203" name="Bone_ClearPath_RevealThenDigTheCallThreeTimes" fullname="CheddarAndCocoa.Tests.CoopBoneRelayPlayModeTests.Bone_ClearPath_RevealThenDigTheCallThreeTimes" methodname="Bone_ClearPath_RevealThenDigTheCallThreeTimes" classname="CheddarAndCocoa.Tests.CoopBoneRelayPlayModeTests" runstate="Runnable" seed="2143232635" result="Passed" start-time="2026-07-16 21:34:21Z" end-time="2026-07-16 21:34:21Z" duration="0.072642" asserts="0">
              <properties>
                <property name="_JOINTYPE" value="UnityCombinatorial" />
                <property name="retryIteration" value="0" />
                <property name="repeatIteration" value="0" />
              </properties>
            </test-case>
            <test-case id="1204" name="Bone_CocoaMustBarkAtTheScentPost_ToCallCheddarsMound" fullname="CheddarAndCocoa.Tests.CoopBoneRelayPlayModeTests.Bone_CocoaMustBarkAtTheScentPost_ToCallCheddarsMound" methodname="Bone_CocoaMustBarkAtTheScentPost_ToCallCheddarsMound" classname="CheddarAndCocoa.Tests.CoopBoneRelayPlayModeTests" runstate="Runnable" seed="458074887" result="Passed" start-time="2026-07-16 21:34:21Z" end-time="2026-07-16 21:34:21Z" duration="0.044952" asserts="0">
              <properties>
                <property name="_JOINTYPE" value="UnityCombinatorial" />
                <property name="retryIteration" value="0" />
                <property name="repeatIteration" value="0" />
              </properties>
            </test-case>
            <test-case id="1205" name="Bone_DigBeforeCall_IsABlindDig" fullname="CheddarAndCocoa.Tests.CoopBoneRelayPlayModeTests.Bone_DigBeforeCall_IsABlindDig" methodname="Bone_DigBeforeCall_IsABlindDig" classname="CheddarAndCocoa.Tests.CoopBoneRelayPlayModeTests" runstate="Runnable" seed="727783366" result="Passed" start-time="2026-07-16 21:34:21Z" end-time="2026-07-16 21:34:21Z" duration="0.042202" asserts="0">
              <properties>
                <property name="_JOINTYPE" value="UnityCombinatorial" />
                <property name="retryIteration" value="0" />
                <property name="repeatIteration" value="0" />
              </properties>
            </test-case>
            <test-case id="1206" name="Bone_DigWrongMound_IsAHarmlessDecoy" fullname="CheddarAndCocoa.Tests.CoopBoneRelayPlayModeTests.Bone_DigWrongMound_IsAHarmlessDecoy" methodname="Bone_DigWrongMound_IsAHarmlessDecoy" classname="CheddarAndCocoa.Tests.CoopBoneRelayPlayModeTests" runstate="Runnable" seed="2068629283" result="Passed" start-time="2026-07-16 21:34:21Z" end-time="2026-07-16 21:34:21Z" duration="0.039677" asserts="0">
              <properties>
                <property name="_JOINTYPE" value="UnityCombinatorial" />
                <property name="retryIteration" value="0" />
                <property name="repeatIteration" value="0" />
              </properties>
            </test-case>
            <test-case id="1207" name="Bone_FailPath_TooManyWastedDigs" fullname="CheddarAndCocoa.Tests.CoopBoneRelayPlayModeTests.Bone_FailPath_TooManyWastedDigs" methodname="Bone_FailPath_TooManyWastedDigs" classname="CheddarAndCocoa.Tests.CoopBoneRelayPlayModeTests" runstate="Runnable" seed="1135576194" result="Passed" start-time="2026-07-16 21:34:21Z" end-time="2026-07-16 21:34:21Z" duration="0.045030" asserts="0">
              <properties>
                <property name="_JOINTYPE" value="UnityCombinatorial" />
                <property name="retryIteration" value="0" />
                <property name="repeatIteration" value="0" />
              </properties>
            </test-case>
            <test-case id="1209" name="Bone_MoundOverrideExpiresInsteadOfStayingStuck" fullname="CheddarAndCocoa.Tests.CoopBoneRelayPlayModeTests.Bone_MoundOverrideExpiresInsteadOfStayingStuck" methodname="Bone_MoundOverrideExpiresInsteadOfStayingStuck" classname="CheddarAndCocoa.Tests.CoopBoneRelayPlayModeTests" runstate="Runnable" seed="602092604" result="Passed" start-time="2026-07-16 21:34:21Z" end-time="2026-07-16 21:34:23Z" duration="1.143089" asserts="0">
              <properties>
                <property name="_JOINTYPE" value="UnityCombinatorial" />
                <property name="retryIteration" value="0" />
                <property name="repeatIteration" value="0" />
              </properties>
            </test-case>
            <test-case id="1210" name="Bone_PositionDriven_ReadAtPostThenDigTheCall" fullname="CheddarAndCocoa.Tests.CoopBoneRelayPlayModeTests.Bone_PositionDriven_ReadAtPostThenDigTheCall" methodname="Bone_PositionDriven_ReadAtPostThenDigTheCall" classname="CheddarAndCocoa.Tests.CoopBoneRelayPlayModeTests" runstate="Runnable" seed="236304711" result="Passed" start-time="2026-07-16 21:34:23Z" end-time="2026-07-16 21:34:23Z" duration="0.043678" asserts="0">
              <properties>
                <property name="_JOINTYPE" value="UnityCombinatorial" />
                <property name="retryIteration" value="0" />
                <property name="repeatIteration" value="0" />
              </properties>
            </test-case>
            <test-case id="1208" name="Bone_Replay_ResetsThePuzzle" fullname="CheddarAndCocoa.Tests.CoopBoneRelayPlayModeTests.Bone_Replay_ResetsThePuzzle" methodname="Bone_Replay_ResetsThePuzzle" classname="CheddarAndCocoa.Tests.CoopBoneRelayPlayModeTests" runstate="Runnable" seed="250239798" result="Passed" start-time="2026-07-16 21:34:23Z" end-time="2026-07-16 21:34:23Z" duration="0.042735" asserts="0">
              <properties>
                <property name="_JOINTYPE" value="UnityCombinatorial" />
                <property name="retryIteration" value="0" />
                <property name="repeatIteration" value="0" />
              </properties>
            </test-case>
            <test-case id="1201" name="Bone_RunsThroughDedicatedController" fullname="CheddarAndCocoa.Tests.CoopBoneRelayPlayModeTests.Bone_RunsThroughDedicatedController" methodname="Bone_RunsThroughDedicatedController" classname="CheddarAndCocoa.Tests.CoopBoneRelayPlayModeTests" runstate="Runnable" seed="100810600" result="Passed" start-time="2026-07-16 21:34:23Z" end-time="2026-07-16 21:34:23Z" duration="0.044514" asserts="0">
              <properties>
                <property name="_JOINTYPE" value="UnityCombinatorial" />
                <property name="retryIteration" value="0" />
                <property name="repeatIteration" value="0" />
              </properties>
              <output><![CDATA[Saving results to: /Users/kchapman/Weeniegame/unity/bone-relay-polish-results.xml
]]></output>
            </test-case>
          </test-suite>
        </test-suite>
      </test-suite>
    </test-suite>
  </test-suite>
</test-run>