<?xml version="1.0" encoding="utf-8"?>
<test-run id="2" testcasecount="565" result="Passed" total="565" passed="565" failed="0" inconclusive="0" skipped="0" asserts="0" engine-version="3.5.0.0" clr-version="4.0.30319.42000" start-time="2026-07-17 20:23:43Z" end-time="2026-07-17 20:24:47Z" duration="63.6713896">
  <test-suite type="TestSuite" id="1663" name="Cheddar and Cocoa" fullname="Cheddar and Cocoa" runstate="Runnable" testcasecount="565" result="Passed" start-time="2026-07-17 20:23:43Z" end-time="2026-07-17 20:24:47Z" duration="63.671390" total="565" passed="565" failed="0" inconclusive="0" skipped="0" asserts="0">
    <properties>
      <property name="platform" value="PlayMode" />
    </properties>
    <test-suite type="SetUpFixture" id="1001" name="CheddarAndCocoa.Tests.PlayMode.dll" fullname="PlayModeGlobalTestSetup" classname="PlayModeGlobalTestSetup" runstate="Runnable" testcasecount="565" result="Passed" start-time="2026-07-17 20:23:43Z" end-time="2026-07-17 20:24:47Z" duration="63.663124" total="565" passed="565" failed="0" inconclusive="0" skipped="0" asserts="0">
      <properties>
        <property name="_PID" value="75186" />
        <property name="_APPDOMAIN" value="Unity Child Domain" />
        <property name="platform" value="PlayMode" />
        <property name="EditorOnly" value="False" />
      </properties>
      <test-suite type="TestSuite" id="1656" name="CheddarAndCocoa" fullname="CheddarAndCocoa" runstate="Runnable" testcasecount="565" result="Passed" start-time="2026-07-17 20:23:43Z" end-time="2026-07-17 20:24:47Z" duration="63.655956" total="565" passed="565" failed="0" inconclusive="0" skipped="0" asserts="0">
        <properties />
        <test-suite type="TestSuite" id="1657" name="Game" fullname="CheddarAndCocoa.Game" runstate="Runnable" testcasecount="2" result="Passed" start-time="2026-07-17 20:23:43Z" end-time="2026-07-17 20:23:43Z" duration="0.021730" total="2" passed="2" failed="0" inconclusive="0" skipped="0" asserts="0">
          <properties />
          <test-suite type="TestSuite" id="1658" name="Tests" fullname="CheddarAndCocoa.Game.Tests" runstate="Runnable" testcasecount="2" result="Passed" start-time="2026-07-17 20:23:43Z" end-time="2026-07-17 20:23:43Z" duration="0.021613" total="2" passed="2" failed="0" inconclusive="0" skipped="0" asserts="0">
            <properties />
            <test-suite type="TestFixture" id="1002" name="MissionControllerRegistryTests" fullname="CheddarAndCocoa.Game.Tests.MissionControllerRegistryTests" classname="CheddarAndCocoa.Game.Tests.MissionControllerRegistryTests" runstate="Runnable" testcasecount="2" result="Passed" start-time="2026-07-17 20:23:43Z" end-time="2026-07-17 20:23:43Z" duration="0.021371" total="2" passed="2" failed="0" inconclusive="0" skipped="0" asserts="0">
              <properties />
              <test-case id="1003" name="RegisteredMissions_HaveMatchingControllerAndDefinition" fullname="CheddarAndCocoa.Game.Tests.MissionControllerRegistryTests.RegisteredMissions_HaveMatchingControllerAndDefinition" methodname="RegisteredMissions_HaveMatchingControllerAndDefinition" classname="CheddarAndCocoa.Game.Tests.MissionControllerRegistryTests" runstate="Runnable" seed="25856593" result="Passed" start-time="2026-07-17 20:23:43Z" end-time="2026-07-17 20:23:43Z" duration="0.015770" asserts="0">
                <properties>
                  <property name="retryIteration" value="0" />
                  <property name="repeatIteration" value="0" />
                </properties>
              </test-case>
              <test-case id="1004" name="UnknownVariant_HasNoControllerRegistration" fullname="CheddarAndCocoa.Game.Tests.MissionControllerRegistryTests.UnknownVariant_HasNoControllerRegistration" methodname="UnknownVariant_HasNoControllerRegistration" classname="CheddarAndCocoa.Game.Tests.MissionControllerRegistryTests" runstate="Runnable" seed="1618382907" result="Passed" start-time="2026-07-17 20:23:43Z" end-time="2026-07-17 20:23:43Z" duration="0.000262" asserts="0">
                <properties>
                  <property name="retryIteration" value="0" />
                  <property name="repeatIteration" value="0" />
                </properties>
              </test-case>
            </test-suite>
          </test-suite>
        </test-suite>
        <test-suite type="TestSuite" id="1659" name="Tests" fullname="CheddarAndCocoa.Tests" runstate="Runnable" testcasecount="563" result="Passed" start-time="2026-07-17 20:23:43Z" end-time="2026-07-17 20:24:47Z" duration="63.630249" total="563" passed="563" failed="0" inconclusive="0" skipped="0" asserts="0">
          <properties />
          <test-suite type="TestFixture" id="1005" name="ActionTutorialPlayModeTests" fullname="CheddarAndCocoa.Tests.ActionTutorialPlayModeTests" classname="CheddarAndCocoa.Tests.ActionTutorialPlayModeTests" runstate="Runnable" testcasecount="8" result="Passed" start-time="2026-07-17 20:23:43Z" end-time="2026-07-17 20:23:46Z" duration="2.495597" total="8" passed="8" failed="0" inconclusive="0" skipped="0" asserts="0">
            <properties />
            <test-case id="1010" name="Actions_UnlockProgressively_AndRequireBothDogs" fullname="CheddarAndCocoa.Tests.ActionTutorialPlayModeTests.Actions_UnlockProgressively_AndRequireBothDogs" methodname="Actions_UnlockProgressively_AndRequireBothDogs" classname="CheddarAndCocoa.Tests.ActionTutorialPlayModeTests" runstate="Runnable" seed="1354946091" result="Passed" start-time="2026-07-17 20:23:43Z" end-time="2026-07-17 20:23:45Z" duration="2.188363" asserts="0">
              <properties>
                <property name="_JOINTYPE" value="UnityCombinatorial" />
                <property name="retryIteration" value="0" />
                <property name="repeatIteration" value="0" />
              </properties>
              <output><![CDATA[[Cheddar] WOOF!
[Cocoa] WOOF!
[Cheddar] interact (grab placeholder)
[Cocoa] interact (grab placeholder)
[Cheddar] HOP!
[Cocoa] HOP!
[Cheddar] WRESTLE!
[Cocoa] WRESTLE!
]]></output>
            </test-case>
            <test-case id="1007" name="BackyardRescue_StartsWithTutorialVisibleAndNothingLearnedYet" fullname="CheddarAndCocoa.Tests.ActionTutorialPlayModeTests.BackyardRescue_StartsWithTutorialVisibleAndNothingLearnedYet" methodname="BackyardRescue_StartsWithTutorialVisibleAndNothingLearnedYet" classname="CheddarAndCocoa.Tests.ActionTutorialPlayModeTests" runstate="Runnable" seed="1000598906" result="Passed" start-time="2026-07-17 20:23:45Z" end-time="2026-07-17 20:23:45Z" duration="0.039878" asserts="0">
              <properties>
                <property name="_JOINTYPE" value="UnityCombinatorial" />
                <property name="retryIteration" value="0" />
                <property name="repeatIteration" value="0" />
              </properties>
            </test-case>
            <test-case id="1012" name="CameraShakeComfortSetting_GatesFutureShakeRequests" fullname="CheddarAndCocoa.Tests.ActionTutorialPlayModeTests.CameraShakeComfortSetting_GatesFutureShakeRequests" methodname="CameraShakeComfortSetting_GatesFutureShakeRequests" classname="CheddarAndCocoa.Tests.ActionTutorialPlayModeTests" runstate="Runnable" seed="1523066602" result="Passed" start-time="2026-07-17 20:23:45Z" end-time="2026-07-17 20:23:45Z" duration="0.085280" asserts="0">
              <properties>
                <property name="_JOINTYPE" value="UnityCombinatorial" />
                <property name="retryIteration" value="0" />
                <property name="repeatIteration" value="0" />
              </properties>
            </test-case>
            <test-case id="1009" name="OnePlayer_CannotClearTheirPartnersPrompt_AndLaterActionsWaitTheirTurn" fullname="CheddarAndCocoa.Tests.ActionTutorialPlayModeTests.OnePlayer_CannotClearTheirPartnersPrompt_AndLaterActionsWaitTheirTurn" methodname="OnePlayer_CannotClearTheirPartnersPrompt_AndLaterActionsWaitTheirTurn" classname="CheddarAndCocoa.Tests.ActionTutorialPlayModeTests" runstate="Runnable" seed="1192528035" result="Passed" start-time="2026-07-17 20:23:45Z" end-time="2026-07-17 20:23:45Z" duration="0.051681" asserts="0">
              <properties>
                <property name="_JOINTYPE" value="UnityCombinatorial" />
                <property name="retryIteration" value="0" />
                <property name="repeatIteration" value="0" />
              </properties>
              <output><![CDATA[[Cheddar] interact (grab placeholder)
[Cheddar] HOP!
[Cheddar] WRESTLE!
[Cheddar] WOOF!
]]></output>
            </test-case>
            <test-case id="1008" name="OtherMissions_NeverShowTheBackyardRescueTutorial" fullname="CheddarAndCocoa.Tests.ActionTutorialPlayModeTests.OtherMissions_NeverShowTheBackyardRescueTutorial" methodname="OtherMissions_NeverShowTheBackyardRescueTutorial" classname="CheddarAndCocoa.Tests.ActionTutorialPlayModeTests" runstate="Runnable" seed="2059516042" result="Passed" start-time="2026-07-17 20:23:45Z" end-time="2026-07-17 20:23:45Z" duration="0.067101" asserts="0">
              <properties>
                <property name="_JOINTYPE" value="UnityCombinatorial" />
                <property name="retryIteration" value="0" />
                <property name="repeatIteration" value="0" />
              </properties>
            </test-case>
            <test-case id="1006" name="ProductionHud_KeepsObjectiveAndPlayerIdentityReadableWithoutCoveringThePlayfield" fullname="CheddarAndCocoa.Tests.ActionTutorialPlayModeTests.ProductionHud_KeepsObjectiveAndPlayerIdentityReadableWithoutCoveringThePlayfield" methodname="ProductionHud_KeepsObjectiveAndPlayerIdentityReadableWithoutCoveringThePlayfield" classname="CheddarAndCocoa.Tests.ActionTutorialPlayModeTests" runstate="Runnable" seed="1457721366" result="Passed" start-time="2026-07-17 20:23:45Z" end-time="2026-07-17 20:23:45Z" duration="0.001584" asserts="0">
              <properties>
                <property name="retryIteration" value="0" />
                <property name="repeatIteration" value="0" />
              </properties>
            </test-case>
            <test-case id="1013" name="Restarting_TheMission_RearmsTheTutorial" fullname="CheddarAndCocoa.Tests.ActionTutorialPlayModeTests.Restarting_TheMission_RearmsTheTutorial" methodname="Restarting_TheMission_RearmsTheTutorial" classname="CheddarAndCocoa.Tests.ActionTutorialPlayModeTests" runstate="Runnable" seed="598582107" result="Passed" start-time="2026-07-17 20:23:45Z" end-time="2026-07-17 20:23:46Z" duration="0.030421" asserts="0">
              <properties>
                <property name="_JOINTYPE" value="UnityCombinatorial" />
                <property name="retryIteration" value="0" />
                <property name="repeatIteration" value="0" />
              </properties>
            </test-case>
            <test-case id="1011" name="Tutorial_CanBeSkippedAndReplayedWithoutRestartingTheMission" fullname="CheddarAndCocoa.Tests.ActionTutorialPlayModeTests.Tutorial_CanBeSkippedAndReplayedWithoutRestartingTheMission" methodname="Tutorial_CanBeSkippedAndReplayedWithoutRestartingTheMission" classname="CheddarAndCocoa.Tests.ActionTutorialPlayModeTests" runstate="Runnable" seed="1399700292" result="Passed" start-time="2026-07-17 20:23:46Z" end-time="2026-07-17 20:23:46Z" duration="0.030025" asserts="0">
              <properties>
                <property name="_JOINTYPE" value="UnityCombinatorial" />
                <property name="retryIteration" value="0" />
                <property name="repeatIteration" value="0" />
              </properties>
            </test-case>
          </test-suite>
          <test-suite type="TestFixture" id="1014" name="ActorSignalBadgePlayModeTests" fullname="CheddarAndCocoa.Tests.ActorSignalBadgePlayModeTests" classname="CheddarAndCocoa.Tests.ActorSignalBadgePlayModeTests" runstate="Runnable" testcasecount="23" result="Passed" start-time="2026-07-17 20:23:46Z" end-time="2026-07-17 20:23:48Z" duration="2.293824" total="23" passed="23" failed="0" inconclusive="0" skipped="0" asserts="0">
            <properties />
            <test-case id="1026" name="BackyardRescue_EscapeGap_SignalsUntilTheGapDogHoldsIt" fullname="CheddarAndCocoa.Tests.ActorSignalBadgePlayModeTests.BackyardRescue_EscapeGap_SignalsUntilTheGapDogHoldsIt" methodname="BackyardRescue_EscapeGap_SignalsUntilTheGapDogHoldsIt" classname="CheddarAndCocoa.Tests.ActorSignalBadgePlayModeTests" runstate="Runnable" seed="538135860" result="Passed" start-time="2026-07-17 20:23:46Z" end-time="2026-07-17 20:23:46Z" duration="0.149833" asserts="0">
              <properties>
                <property name="_JOINTYPE" value="UnityCombinatorial" />
                <property name="retryIteration" value="0" />
                <property name="repeatIteration" value="0" />
              </properties>
            </test-case>
            <test-case id="1037" name="BoneRelay_CalledMoundText_StaysDigQuestion_TheBadgeCarriesTheCall" fullname="CheddarAndCocoa.Tests.ActorSignalBadgePlayModeTests.BoneRelay_CalledMoundText_StaysDigQuestion_TheBadgeCarriesTheCall" methodname="BoneRelay_CalledMoundText_StaysDigQuestion_TheBadgeCarriesTheCall" classname="CheddarAndCocoa.Tests.ActorSignalBadgePlayModeTests" runstate="Runnable" seed="1870242140" result="Passed" start-time="2026-07-17 20:23:46Z" end-time="2026-07-17 20:23:46Z" duration="0.075265" asserts="0">
              <properties>
                <property name="_JOINTYPE" value="UnityCombinatorial" />
                <property name="retryIteration" value="0" />
                <property name="repeatIteration" value="0" />
              </properties>
            </test-case>
            <test-case id="1024" name="BoneRelay_SignalMovesFromScentPostToCalledMound" fullname="CheddarAndCocoa.Tests.ActorSignalBadgePlayModeTests.BoneRelay_SignalMovesFromScentPostToCalledMound" methodname="BoneRelay_SignalMovesFromScentPostToCalledMound" classname="CheddarAndCocoa.Tests.ActorSignalBadgePlayModeTests" runstate="Runnable" seed="610900914" result="Passed" start-time="2026-07-17 20:23:46Z" end-time="2026-07-17 20:23:46Z" duration="0.041534" asserts="0">
              <properties>
                <property name="_JOINTYPE" value="UnityCombinatorial" />
                <property name="retryIteration" value="0" />
                <property name="repeatIteration" value="0" />
              </properties>
            </test-case>
            <test-case id="1021" name="CarRide_DriverTelegraph_RaisesWarningSignal" fullname="CheddarAndCocoa.Tests.ActorSignalBadgePlayModeTests.CarRide_DriverTelegraph_RaisesWarningSignal" methodname="CarRide_DriverTelegraph_RaisesWarningSignal" classname="CheddarAndCocoa.Tests.ActorSignalBadgePlayModeTests" runstate="Runnable" seed="1849684059" result="Passed" start-time="2026-07-17 20:23:46Z" end-time="2026-07-17 20:23:46Z" duration="0.106701" asserts="0">
              <properties>
                <property name="_JOINTYPE" value="UnityCombinatorial" />
                <property name="retryIteration" value="0" />
                <property name="repeatIteration" value="0" />
              </properties>
            </test-case>
            <test-case id="1023" name="ChaosMachine_DistanceSignalFollowsTheCascade" fullname="CheddarAndCocoa.Tests.ActorSignalBadgePlayModeTests.ChaosMachine_DistanceSignalFollowsTheCascade" methodname="ChaosMachine_DistanceSignalFollowsTheCascade" classname="CheddarAndCocoa.Tests.ActorSignalBadgePlayModeTests" runstate="Runnable" seed="2119023723" result="Passed" start-time="2026-07-17 20:23:46Z" end-time="2026-07-17 20:23:46Z" duration="0.092934" asserts="0">
              <properties>
                <property name="_JOINTYPE" value="UnityCombinatorial" />
                <property name="retryIteration" value="0" />
                <property name="repeatIteration" value="0" />
              </properties>
            </test-case>
            <test-case id="1035" name="CoyotesFence_ActiveWeakSpot_WarnsThenCommandsWhenPinned" fullname="CheddarAndCocoa.Tests.ActorSignalBadgePlayModeTests.CoyotesFence_ActiveWeakSpot_WarnsThenCommandsWhenPinned" methodname="CoyotesFence_ActiveWeakSpot_WarnsThenCommandsWhenPinned" classname="CheddarAndCocoa.Tests.ActorSignalBadgePlayModeTests" runstate="Runnable" seed="1071990427" result="Passed" start-time="2026-07-17 20:23:46Z" end-time="2026-07-17 20:23:46Z" duration="0.076314" asserts="0">
              <properties>
                <property name="_JOINTYPE" value="UnityCombinatorial" />
                <property name="retryIteration" value="0" />
                <property name="repeatIteration" value="0" />
              </properties>
            </test-case>
            <test-case id="1034" name="EagleShadow_CoverPads_SignalUntilADogTucksIn" fullname="CheddarAndCocoa.Tests.ActorSignalBadgePlayModeTests.EagleShadow_CoverPads_SignalUntilADogTucksIn" methodname="EagleShadow_CoverPads_SignalUntilADogTucksIn" classname="CheddarAndCocoa.Tests.ActorSignalBadgePlayModeTests" runstate="Runnable" seed="695261055" result="Passed" start-time="2026-07-17 20:23:46Z" end-time="2026-07-17 20:23:46Z" duration="0.061075" asserts="0">
              <properties>
                <property name="_JOINTYPE" value="UnityCombinatorial" />
                <property name="retryIteration" value="0" />
                <property name="repeatIteration" value="0" />
              </properties>
            </test-case>
            <test-case id="1020" name="EagleShadow_TalonRescue_SignalsWigglePhaseThenPullWindow" fullname="CheddarAndCocoa.Tests.ActorSignalBadgePlayModeTests.EagleShadow_TalonRescue_SignalsWigglePhaseThenPullWindow" methodname="EagleShadow_TalonRescue_SignalsWigglePhaseThenPullWindow" classname="CheddarAndCocoa.Tests.ActorSignalBadgePlayModeTests" runstate="Runnable" seed="2106875366" result="Passed" start-time="2026-07-17 20:23:46Z" end-time="2026-07-17 20:23:46Z" duration="0.071448" asserts="0">
              <properties>
                <property name="_JOINTYPE" value="UnityCombinatorial" />
                <property name="retryIteration" value="0" />
                <property name="repeatIteration" value="0" />
              </properties>
            </test-case>
            <test-case id="1029" name="GateCrash_HoldReleaseRhythm_AlternatesStationSignals" fullname="CheddarAndCocoa.Tests.ActorSignalBadgePlayModeTests.GateCrash_HoldReleaseRhythm_AlternatesStationSignals" methodname="GateCrash_HoldReleaseRhythm_AlternatesStationSignals" classname="CheddarAndCocoa.Tests.ActorSignalBadgePlayModeTests" runstate="Runnable" seed="1229708428" result="Passed" start-time="2026-07-17 20:23:46Z" end-time="2026-07-17 20:23:46Z" duration="0.054315" asserts="0">
              <properties>
                <property name="_JOINTYPE" value="UnityCombinatorial" />
                <property name="retryIteration" value="0" />
                <property name="repeatIteration" value="0" />
              </properties>
            </test-case>
            <test-case id="1036" name="GateCrash_StationText_StaysIdentityOnly_AcrossTheHoldFlip" fullname="CheddarAndCocoa.Tests.ActorSignalBadgePlayModeTests.GateCrash_StationText_StaysIdentityOnly_AcrossTheHoldFlip" methodname="GateCrash_StationText_StaysIdentityOnly_AcrossTheHoldFlip" classname="CheddarAndCocoa.Tests.ActorSignalBadgePlayModeTests" runstate="Runnable" seed="1885000441" result="Passed" start-time="2026-07-17 20:23:46Z" end-time="2026-07-17 20:23:46Z" duration="0.048969" asserts="0">
              <properties>
                <property name="_JOINTYPE" value="UnityCombinatorial" />
                <property name="retryIteration" value="0" />
                <property name="repeatIteration" value="0" />
              </properties>
            </test-case>
            <test-case id="1022" name="GreatEscape_ActiveStation_CarriesTheDistanceSignal" fullname="CheddarAndCocoa.Tests.ActorSignalBadgePlayModeTests.GreatEscape_ActiveStation_CarriesTheDistanceSignal" methodname="GreatEscape_ActiveStation_CarriesTheDistanceSignal" classname="CheddarAndCocoa.Tests.ActorSignalBadgePlayModeTests" runstate="Runnable" seed="94323478" result="Passed" start-time="2026-07-17 20:23:46Z" end-time="2026-07-17 20:23:46Z" duration="0.069308" asserts="0">
              <properties>
                <property name="_JOINTYPE" value="UnityCombinatorial" />
                <property name="retryIteration" value="0" />
                <property name="repeatIteration" value="0" />
              </properties>
            </test-case>
            <test-case id="1028" name="LeashWalk_CommandSignalRidesTheActiveCheckpoint" fullname="CheddarAndCocoa.Tests.ActorSignalBadgePlayModeTests.LeashWalk_CommandSignalRidesTheActiveCheckpoint" methodname="LeashWalk_CommandSignalRidesTheActiveCheckpoint" classname="CheddarAndCocoa.Tests.ActorSignalBadgePlayModeTests" runstate="Runnable" seed="346849255" result="Passed" start-time="2026-07-17 20:23:46Z" end-time="2026-07-17 20:23:46Z" duration="0.077104" asserts="0">
              <properties>
                <property name="_JOINTYPE" value="UnityCombinatorial" />
                <property name="retryIteration" value="0" />
                <property name="repeatIteration" value="0" />
              </properties>
            </test-case>
            <test-case id="1018" name="MarkTheYard_StealingProwl_RaisesDistanceSignal" fullname="CheddarAndCocoa.Tests.ActorSignalBadgePlayModeTests.MarkTheYard_StealingProwl_RaisesDistanceSignal" methodname="MarkTheYard_StealingProwl_RaisesDistanceSignal" classname="CheddarAndCocoa.Tests.ActorSignalBadgePlayModeTests" runstate="Runnable" seed="599899248" result="Passed" start-time="2026-07-17 20:23:46Z" end-time="2026-07-17 20:23:47Z" duration="0.675258" asserts="0">
              <properties>
                <property name="_JOINTYPE" value="UnityCombinatorial" />
                <property name="retryIteration" value="0" />
                <property name="repeatIteration" value="0" />
              </properties>
            </test-case>
            <test-case id="1027" name="PeeBreak_BeatStations_SignalUntilTheirDogHoldsThem" fullname="CheddarAndCocoa.Tests.ActorSignalBadgePlayModeTests.PeeBreak_BeatStations_SignalUntilTheirDogHoldsThem" methodname="PeeBreak_BeatStations_SignalUntilTheirDogHoldsThem" classname="CheddarAndCocoa.Tests.ActorSignalBadgePlayModeTests" runstate="Runnable" seed="2103208789" result="Passed" start-time="2026-07-17 20:23:47Z" end-time="2026-07-17 20:23:47Z" duration="0.089124" asserts="0">
              <properties>
                <property name="_JOINTYPE" value="UnityCombinatorial" />
                <property name="retryIteration" value="0" />
                <property name="repeatIteration" value="0" />
              </properties>
            </test-case>
            <test-case id="1016" name="PredatorWarning_ShowsWarningIcon_UntilHuddleBarkResolves" fullname="CheddarAndCocoa.Tests.ActorSignalBadgePlayModeTests.PredatorWarning_ShowsWarningIcon_UntilHuddleBarkResolves" methodname="PredatorWarning_ShowsWarningIcon_UntilHuddleBarkResolves" classname="CheddarAndCocoa.Tests.ActorSignalBadgePlayModeTests" runstate="Runnable" seed="1243038207" result="Passed" start-time="2026-07-17 20:23:47Z" end-time="2026-07-17 20:23:47Z" duration="0.050084" asserts="0">
              <properties>
                <property name="_JOINTYPE" value="UnityCombinatorial" />
                <property name="retryIteration" value="0" />
                <property name="repeatIteration" value="0" />
              </properties>
              <output><![CDATA[[Cheddar] WOOF!
[Cocoa] WOOF!
]]></output>
            </test-case>
            <test-case id="1017" name="SignalBadge_KeepsFixedUprightWorldPose" fullname="CheddarAndCocoa.Tests.ActorSignalBadgePlayModeTests.SignalBadge_KeepsFixedUprightWorldPose" methodname="SignalBadge_KeepsFixedUprightWorldPose" classname="CheddarAndCocoa.Tests.ActorSignalBadgePlayModeTests" runstate="Runnable" seed="223422386" result="Passed" start-time="2026-07-17 20:23:47Z" end-time="2026-07-17 20:23:47Z" duration="0.074318" asserts="0">
              <properties>
                <property name="_JOINTYPE" value="UnityCombinatorial" />
                <property name="retryIteration" value="0" />
                <property name="repeatIteration" value="0" />
              </properties>
            </test-case>
            <test-case id="1019" name="SockPanic_OpenBasketDiveWindow_RaisesCommandSignal" fullname="CheddarAndCocoa.Tests.ActorSignalBadgePlayModeTests.SockPanic_OpenBasketDiveWindow_RaisesCommandSignal" methodname="SockPanic_OpenBasketDiveWindow_RaisesCommandSignal" classname="CheddarAndCocoa.Tests.ActorSignalBadgePlayModeTests" runstate="Runnable" seed="1999438964" result="Passed" start-time="2026-07-17 20:23:47Z" end-time="2026-07-17 20:23:47Z" duration="0.080988" asserts="0">
              <properties>
                <property name="_JOINTYPE" value="UnityCombinatorial" />
                <property name="retryIteration" value="0" />
                <property name="repeatIteration" value="0" />
              </properties>
            </test-case>
            <test-case id="1025" name="SquirrelConspiracy_ActiveCutoff_CarriesTheDistanceSignal" fullname="CheddarAndCocoa.Tests.ActorSignalBadgePlayModeTests.SquirrelConspiracy_ActiveCutoff_CarriesTheDistanceSignal" methodname="SquirrelConspiracy_ActiveCutoff_CarriesTheDistanceSignal" classname="CheddarAndCocoa.Tests.ActorSignalBadgePlayModeTests" runstate="Runnable" seed="1957777275" result="Passed" start-time="2026-07-17 20:23:47Z" end-time="2026-07-17 20:23:48Z" duration="0.059692" asserts="0">
              <properties>
                <property name="_JOINTYPE" value="UnityCombinatorial" />
                <property name="retryIteration" value="0" />
                <property name="repeatIteration" value="0" />
              </properties>
            </test-case>
            <test-case id="1015" name="SquirrelSteal_ShowsDistanceIconSignal_WhileTextStaysContextual" fullname="CheddarAndCocoa.Tests.ActorSignalBadgePlayModeTests.SquirrelSteal_ShowsDistanceIconSignal_WhileTextStaysContextual" methodname="SquirrelSteal_ShowsDistanceIconSignal_WhileTextStaysContextual" classname="CheddarAndCocoa.Tests.ActorSignalBadgePlayModeTests" runstate="Runnable" seed="1548137150" result="Passed" start-time="2026-07-17 20:23:48Z" end-time="2026-07-17 20:23:48Z" duration="0.047200" asserts="0">
              <properties>
                <property name="_JOINTYPE" value="UnityCombinatorial" />
                <property name="retryIteration" value="0" />
                <property name="repeatIteration" value="0" />
              </properties>
            </test-case>
            <test-case id="1031" name="Switcheroo_CommitWindow_MovesSignalFromDecoyToStash" fullname="CheddarAndCocoa.Tests.ActorSignalBadgePlayModeTests.Switcheroo_CommitWindow_MovesSignalFromDecoyToStash" methodname="Switcheroo_CommitWindow_MovesSignalFromDecoyToStash" classname="CheddarAndCocoa.Tests.ActorSignalBadgePlayModeTests" runstate="Runnable" seed="1472656166" result="Passed" start-time="2026-07-17 20:23:48Z" end-time="2026-07-17 20:23:48Z" duration="0.069395" asserts="0">
              <properties>
                <property name="_JOINTYPE" value="UnityCombinatorial" />
                <property name="retryIteration" value="0" />
                <property name="repeatIteration" value="0" />
              </properties>
            </test-case>
            <test-case id="1030" name="TableStealth_SneakWindow_MovesSignalFromHumanToSteak" fullname="CheddarAndCocoa.Tests.ActorSignalBadgePlayModeTests.TableStealth_SneakWindow_MovesSignalFromHumanToSteak" methodname="TableStealth_SneakWindow_MovesSignalFromHumanToSteak" classname="CheddarAndCocoa.Tests.ActorSignalBadgePlayModeTests" runstate="Runnable" seed="118588256" result="Passed" start-time="2026-07-17 20:23:48Z" end-time="2026-07-17 20:23:48Z" duration="0.078907" asserts="0">
              <properties>
                <property name="_JOINTYPE" value="UnityCombinatorial" />
                <property name="retryIteration" value="0" />
                <property name="repeatIteration" value="0" />
              </properties>
            </test-case>
            <test-case id="1032" name="WalkCampaign_MessageHalves_SignalUntilTheirDogSendsThem" fullname="CheddarAndCocoa.Tests.ActorSignalBadgePlayModeTests.WalkCampaign_MessageHalves_SignalUntilTheirDogSendsThem" methodname="WalkCampaign_MessageHalves_SignalUntilTheirDogSendsThem" classname="CheddarAndCocoa.Tests.ActorSignalBadgePlayModeTests" runstate="Runnable" seed="1860322463" result="Passed" start-time="2026-07-17 20:23:48Z" end-time="2026-07-17 20:23:48Z" duration="0.069130" asserts="0">
              <properties>
                <property name="_JOINTYPE" value="UnityCombinatorial" />
                <property name="retryIteration" value="0" />
                <property name="repeatIteration" value="0" />
              </properties>
              <output><![CDATA[[Cheddar] interact (grab placeholder)
]]></output>
            </test-case>
            <test-case id="1033" name="WeenieRoundup_CarriedWeenie_RaisesBringItHomeSignal" fullname="CheddarAndCocoa.Tests.ActorSignalBadgePlayModeTests.WeenieRoundup_CarriedWeenie_RaisesBringItHomeSignal" methodname="WeenieRoundup_CarriedWeenie_RaisesBringItHomeSignal" classname="CheddarAndCocoa.Tests.ActorSignalBadgePlayModeTests" runstate="Runnable" seed="1243082573" result="Passed" start-time="2026-07-17 20:23:48Z" end-time="2026-07-17 20:23:48Z" duration="0.071819" asserts="0">
              <properties>
                <property name="_JOINTYPE" value="UnityCombinatorial" />
                <property name="retryIteration" value="0" />
                <property name="repeatIteration" value="0" />
              </properties>
            </test-case>
          </test-suite>
          <test-suite type="TestFixture" id="1038" name="AdventureArenaProgressBridgePlayModeTests" fullname="CheddarAndCocoa.Tests.AdventureArenaProgressBridgePlayModeTests" classname="CheddarAndCocoa.Tests.AdventureArenaProgressBridgePlayModeTests" runstate="Runnable" testcasecount="1" result="Passed" start-time="2026-07-17 20:23:48Z" end-time="2026-07-17 20:23:48Z" duration="0.065885" total="1" passed="1" failed="0" inconclusive="0" skipped="0" asserts="0">
            <properties />
            <test-case id="1039" name="Bridge_StartsQueuedMissionAndRecordsClearResultToProgress" fullname="CheddarAndCocoa.Tests.AdventureArenaProgressBridgePlayModeTests.Bridge_StartsQueuedMissionAndRecordsClearResultToProgress" methodname="Bridge_StartsQueuedMissionAndRecordsClearResultToProgress" classname="CheddarAndCocoa.Tests.AdventureArenaProgressBridgePlayModeTests" runstate="Runnable" seed="1163997209" result="Passed" start-time="2026-07-17 20:23:48Z" end-time="2026-07-17 20:23:48Z" duration="0.063367" asserts="0">
              <properties>
                <property name="_JOINTYPE" value="UnityCombinatorial" />
                <property name="retryIteration" value="0" />
                <property name="repeatIteration" value="0" />
              </properties>
              <output><![CDATA[Adventure progress recorded: front_yard/CarRide score 2420, stars 3, saved=False
]]></output>
            </test-case>
          </test-suite>
          <test-suite type="TestFixture" id="1040" name="AdventureMapControllerPlayModeTests" fullname="CheddarAndCocoa.Tests.AdventureMapControllerPlayModeTests" classname="CheddarAndCocoa.Tests.AdventureMapControllerPlayModeTests" runstate="Runnable" testcasecount="6" result="Passed" start-time="2026-07-17 20:23:48Z" end-time="2026-07-17 20:23:48Z" duration="0.059859" total="6" passed="6" failed="0" inconclusive="0" skipped="0" asserts="0">
            <properties />
            <test-case id="1046" name="AdventureMapPreviews_UseRealSprites_NotPrimitiveSquares" fullname="CheddarAndCocoa.Tests.AdventureMapControllerPlayModeTests.AdventureMapPreviews_UseRealSprites_NotPrimitiveSquares" methodname="AdventureMapPreviews_UseRealSprites_NotPrimitiveSquares" classname="CheddarAndCocoa.Tests.AdventureMapControllerPlayModeTests" runstate="Runnable" seed="1132406792" result="Passed" start-time="2026-07-17 20:23:48Z" end-time="2026-07-17 20:23:48Z" duration="0.057699" asserts="0">
              <properties>
                <property name="retryIteration" value="0" />
                <property name="repeatIteration" value="0" />
              </properties>
            </test-case>
            <test-case id="1041" name="FreshMap_SelectsUnlockedBackyardAndQueuesMission" fullname="CheddarAndCocoa.Tests.AdventureMapControllerPlayModeTests.FreshMap_SelectsUnlockedBackyardAndQueuesMission" methodname="FreshMap_SelectsUnlockedBackyardAndQueuesMission" classname="CheddarAndCocoa.Tests.AdventureMapControllerPlayModeTests" runstate="Runnable" seed="1624492529" result="Passed" start-time="2026-07-17 20:23:48Z" end-time="2026-07-17 20:23:48Z" duration="0.000446" asserts="0">
              <properties>
                <property name="retryIteration" value="0" />
                <property name="repeatIteration" value="0" />
              </properties>
            </test-case>
            <test-case id="1045" name="LocationSelection_WrapsAndResetsMissionSelection" fullname="CheddarAndCocoa.Tests.AdventureMapControllerPlayModeTests.LocationSelection_WrapsAndResetsMissionSelection" methodname="LocationSelection_WrapsAndResetsMissionSelection" classname="CheddarAndCocoa.Tests.AdventureMapControllerPlayModeTests" runstate="Runnable" seed="434876319" result="Passed" start-time="2026-07-17 20:23:48Z" end-time="2026-07-17 20:23:48Z" duration="0.000171" asserts="0">
              <properties>
                <property name="retryIteration" value="0" />
                <property name="repeatIteration" value="0" />
              </properties>
            </test-case>
            <test-case id="1042" name="LockedLocation_DoesNotQueueMissionLaunch" fullname="CheddarAndCocoa.Tests.AdventureMapControllerPlayModeTests.LockedLocation_DoesNotQueueMissionLaunch" methodname="LockedLocation_DoesNotQueueMissionLaunch" classname="CheddarAndCocoa.Tests.AdventureMapControllerPlayModeTests" runstate="Runnable" seed="297530623" result="Passed" start-time="2026-07-17 20:23:48Z" end-time="2026-07-17 20:23:48Z" duration="0.000099" asserts="0">
              <properties>
                <property name="retryIteration" value="0" />
                <property name="repeatIteration" value="0" />
              </properties>
            </test-case>
            <test-case id="1044" name="MissionRows_ShowBestProgressFromSave" fullname="CheddarAndCocoa.Tests.AdventureMapControllerPlayModeTests.MissionRows_ShowBestProgressFromSave" methodname="MissionRows_ShowBestProgressFromSave" classname="CheddarAndCocoa.Tests.AdventureMapControllerPlayModeTests" runstate="Runnable" seed="2119885675" result="Passed" start-time="2026-07-17 20:23:48Z" end-time="2026-07-17 20:23:48Z" duration="0.000259" asserts="0">
              <properties>
                <property name="retryIteration" value="0" />
                <property name="repeatIteration" value="0" />
              </properties>
            </test-case>
            <test-case id="1043" name="UnlockedLocation_QueuesSelectedMission" fullname="CheddarAndCocoa.Tests.AdventureMapControllerPlayModeTests.UnlockedLocation_QueuesSelectedMission" methodname="UnlockedLocation_QueuesSelectedMission" classname="CheddarAndCocoa.Tests.AdventureMapControllerPlayModeTests" runstate="Runnable" seed="744981051" result="Passed" start-time="2026-07-17 20:23:48Z" end-time="2026-07-17 20:23:48Z" duration="0.000149" asserts="0">
              <properties>
                <property name="retryIteration" value="0" />
                <property name="repeatIteration" value="0" />
              </properties>
            </test-case>
          </test-suite>
          <test-suite type="TestFixture" id="1047" name="AdventureMapScenePlayModeTests" fullname="CheddarAndCocoa.Tests.AdventureMapScenePlayModeTests" classname="CheddarAndCocoa.Tests.AdventureMapScenePlayModeTests" runstate="Runnable" testcasecount="1" result="Passed" start-time="2026-07-17 20:23:48Z" end-time="2026-07-17 20:23:48Z" duration="0.058131" total="1" passed="1" failed="0" inconclusive="0" skipped="0" asserts="0">
            <properties />
            <test-case id="1048" name="AdventureMapScene_LoadsAndBuildsTheMapHudWithoutError" fullname="CheddarAndCocoa.Tests.AdventureMapScenePlayModeTests.AdventureMapScene_LoadsAndBuildsTheMapHudWithoutError" methodname="AdventureMapScene_LoadsAndBuildsTheMapHudWithoutError" classname="CheddarAndCocoa.Tests.AdventureMapScenePlayModeTests" runstate="Runnable" seed="283846503" result="Passed" start-time="2026-07-17 20:23:48Z" end-time="2026-07-17 20:23:48Z" duration="0.057331" asserts="0">
              <properties>
                <property name="_JOINTYPE" value="UnityCombinatorial" />
                <property name="retryIteration" value="0" />
                <property name="repeatIteration" value="0" />
              </properties>
            </test-case>
          </test-suite>
          <test-suite type="TestFixture" id="1049" name="AdventureProgressionPlayModeTests" fullname="CheddarAndCocoa.Tests.AdventureProgressionPlayModeTests" classname="CheddarAndCocoa.Tests.AdventureProgressionPlayModeTests" runstate="Runnable" testcasecount="6" result="Passed" start-time="2026-07-17 20:23:48Z" end-time="2026-07-17 20:23:48Z" duration="0.062345" total="6" passed="6" failed="0" inconclusive="0" skipped="0" asserts="0">
            <properties />
            <test-case id="1054" name="CorruptSave_FallsBackToFreshProgress" fullname="CheddarAndCocoa.Tests.AdventureProgressionPlayModeTests.CorruptSave_FallsBackToFreshProgress" methodname="CorruptSave_FallsBackToFreshProgress" classname="CheddarAndCocoa.Tests.AdventureProgressionPlayModeTests" runstate="Runnable" seed="922094285" result="Passed" start-time="2026-07-17 20:23:48Z" end-time="2026-07-17 20:23:48Z" duration="0.019826" asserts="0">
              <properties>
                <property name="retryIteration" value="0" />
                <property name="repeatIteration" value="0" />
              </properties>
              <output><![CDATA[Adventure progress save could not be read. Starting fresh. JSON parse error: Invalid value.
]]></output>
            </test-case>
            <test-case id="1055" name="EighteenStars_UnlocksNeighborhoodPark" fullname="CheddarAndCocoa.Tests.AdventureProgressionPlayModeTests.EighteenStars_UnlocksNeighborhoodPark" methodname="EighteenStars_UnlocksNeighborhoodPark" classname="CheddarAndCocoa.Tests.AdventureProgressionPlayModeTests" runstate="Runnable" seed="2056572518" result="Passed" start-time="2026-07-17 20:23:48Z" end-time="2026-07-17 20:23:48Z" duration="0.000145" asserts="0">
              <properties>
                <property name="retryIteration" value="0" />
                <property name="repeatIteration" value="0" />
              </properties>
            </test-case>
            <test-case id="1050" name="FreshProgress_StartsWithOnlyBackyardUnlocked" fullname="CheddarAndCocoa.Tests.AdventureProgressionPlayModeTests.FreshProgress_StartsWithOnlyBackyardUnlocked" methodname="FreshProgress_StartsWithOnlyBackyardUnlocked" classname="CheddarAndCocoa.Tests.AdventureProgressionPlayModeTests" runstate="Runnable" seed="287166313" result="Passed" start-time="2026-07-17 20:23:48Z" end-time="2026-07-17 20:23:48Z" duration="0.000481" asserts="0">
              <properties>
                <property name="retryIteration" value="0" />
                <property name="repeatIteration" value="0" />
              </properties>
            </test-case>
            <test-case id="1051" name="RecordingMissionResult_StoresBestAndUnlocksByStars" fullname="CheddarAndCocoa.Tests.AdventureProgressionPlayModeTests.RecordingMissionResult_StoresBestAndUnlocksByStars" methodname="RecordingMissionResult_StoresBestAndUnlocksByStars" classname="CheddarAndCocoa.Tests.AdventureProgressionPlayModeTests" runstate="Runnable" seed="1632886927" result="Passed" start-time="2026-07-17 20:23:48Z" end-time="2026-07-17 20:23:48Z" duration="0.000091" asserts="0">
              <properties>
                <property name="retryIteration" value="0" />
                <property name="repeatIteration" value="0" />
              </properties>
            </test-case>
            <test-case id="1053" name="SaveLoad_RoundTripsMissionProgressAndUnlocks" fullname="CheddarAndCocoa.Tests.AdventureProgressionPlayModeTests.SaveLoad_RoundTripsMissionProgressAndUnlocks" methodname="SaveLoad_RoundTripsMissionProgressAndUnlocks" classname="CheddarAndCocoa.Tests.AdventureProgressionPlayModeTests" runstate="Runnable" seed="99156526" result="Passed" start-time="2026-07-17 20:23:48Z" end-time="2026-07-17 20:23:48Z" duration="0.013438" asserts="0">
              <properties>
                <property name="retryIteration" value="0" />
                <property name="repeatIteration" value="0" />
              </properties>
            </test-case>
            <test-case id="1052" name="WeakerReplay_DoesNotLowerBestResult" fullname="CheddarAndCocoa.Tests.AdventureProgressionPlayModeTests.WeakerReplay_DoesNotLowerBestResult" methodname="WeakerReplay_DoesNotLowerBestResult" classname="CheddarAndCocoa.Tests.AdventureProgressionPlayModeTests" runstate="Runnable" seed="1722529491" result="Passed" start-time="2026-07-17 20:23:48Z" end-time="2026-07-17 20:23:48Z" duration="0.000202" asserts="0">
              <properties>
                <property name="retryIteration" value="0" />
                <property name="repeatIteration" value="0" />
              </properties>
            </test-case>
          </test-suite>
          <test-suite type="TestFixture" id="1056" name="AllMissionsSmokePlayModeTests" fullname="CheddarAndCocoa.Tests.AllMissionsSmokePlayModeTests" classname="CheddarAndCocoa.Tests.AllMissionsSmokePlayModeTests" runstate="Runnable" testcasecount="2" result="Passed" start-time="2026-07-17 20:23:48Z" end-time="2026-07-17 20:23:48Z" duration="0.279555" total="2" passed="2" failed="0" inconclusive="0" skipped="0" asserts="0">
            <properties />
            <test-case id="1058" name="EveryMission_ReplaysCleanlyFromTheEndScreen" fullname="CheddarAndCocoa.Tests.AllMissionsSmokePlayModeTests.EveryMission_ReplaysCleanlyFromTheEndScreen" methodname="EveryMission_ReplaysCleanlyFromTheEndScreen" classname="CheddarAndCocoa.Tests.AllMissionsSmokePlayModeTests" runstate="Runnable" seed="1474896237" result="Passed" start-time="2026-07-17 20:23:48Z" end-time="2026-07-17 20:23:48Z" duration="0.210607" asserts="0">
              <properties>
                <property name="_JOINTYPE" value="UnityCombinatorial" />
                <property name="retryIteration" value="0" />
                <property name="repeatIteration" value="0" />
              </properties>
            </test-case>
            <test-case id="1057" name="EveryMission_StartsIntoAPlayableRound" fullname="CheddarAndCocoa.Tests.AllMissionsSmokePlayModeTests.EveryMission_StartsIntoAPlayableRound" methodname="EveryMission_StartsIntoAPlayableRound" classname="CheddarAndCocoa.Tests.AllMissionsSmokePlayModeTests" runstate="Runnable" seed="211575404" result="Passed" start-time="2026-07-17 20:23:48Z" end-time="2026-07-17 20:23:48Z" duration="0.068075" asserts="0">
              <properties>
                <property name="_JOINTYPE" value="UnityCombinatorial" />
                <property name="retryIteration" value="0" />
                <property name="repeatIteration" value="0" />
              </properties>
            </test-case>
          </test-suite>
          <test-suite type="TestFixture" id="1059" name="ArenaGameLoopPlayModeTests" fullname="CheddarAndCocoa.Tests.ArenaGameLoopPlayModeTests" classname="CheddarAndCocoa.Tests.ArenaGameLoopPlayModeTests" runstate="Runnable" testcasecount="15" result="Passed" start-time="2026-07-17 20:23:48Z" end-time="2026-07-17 20:23:58Z" duration="9.578318" total="15" passed="15" failed="0" inconclusive="0" skipped="0" asserts="0">
            <properties />
            <test-case id="1061" name="ArenaArtCatalog_DefinesReplaceableVisualSlots" fullname="CheddarAndCocoa.Tests.ArenaGameLoopPlayModeTests.ArenaArtCatalog_DefinesReplaceableVisualSlots" methodname="ArenaArtCatalog_DefinesReplaceableVisualSlots" classname="CheddarAndCocoa.Tests.ArenaGameLoopPlayModeTests" runstate="Runnable" seed="991758312" result="Passed" start-time="2026-07-17 20:23:48Z" end-time="2026-07-17 20:23:48Z" duration="0.010747" asserts="0">
              <properties>
                <property name="retryIteration" value="0" />
                <property name="repeatIteration" value="0" />
              </properties>
            </test-case>
            <test-case id="1067" name="ArenaFeedback_AudioAndRumbleRequests_AreEventDrivenAndToggleable" fullname="CheddarAndCocoa.Tests.ArenaGameLoopPlayModeTests.ArenaFeedback_AudioAndRumbleRequests_AreEventDrivenAndToggleable" methodname="ArenaFeedback_AudioAndRumbleRequests_AreEventDrivenAndToggleable" classname="CheddarAndCocoa.Tests.ArenaGameLoopPlayModeTests" runstate="Runnable" seed="1835922035" result="Passed" start-time="2026-07-17 20:23:48Z" end-time="2026-07-17 20:23:49Z" duration="0.151973" asserts="0">
              <properties>
                <property name="_JOINTYPE" value="UnityCombinatorial" />
                <property name="retryIteration" value="0" />
                <property name="repeatIteration" value="0" />
              </properties>
              <output><![CDATA[[Cheddar] WOOF!
[Cheddar] WOOF!
[Cocoa] WOOF!
[Cheddar] WOOF!
[Cheddar] WOOF!
]]></output>
            </test-case>
            <test-case id="1062" name="ArenaFeedbackCatalog_DefinesReplaceableAudioCueSlots" fullname="CheddarAndCocoa.Tests.ArenaGameLoopPlayModeTests.ArenaFeedbackCatalog_DefinesReplaceableAudioCueSlots" methodname="ArenaFeedbackCatalog_DefinesReplaceableAudioCueSlots" classname="CheddarAndCocoa.Tests.ArenaGameLoopPlayModeTests" runstate="Runnable" seed="1365579311" result="Passed" start-time="2026-07-17 20:23:49Z" end-time="2026-07-17 20:23:49Z" duration="0.000849" asserts="0">
              <properties>
                <property name="retryIteration" value="0" />
                <property name="repeatIteration" value="0" />
              </properties>
            </test-case>
            <test-case id="1064" name="ArenaMovementCameraAndRangeFeel_AreConfigured_AndStateDriven" fullname="CheddarAndCocoa.Tests.ArenaGameLoopPlayModeTests.ArenaMovementCameraAndRangeFeel_AreConfigured_AndStateDriven" methodname="ArenaMovementCameraAndRangeFeel_AreConfigured_AndStateDriven" classname="CheddarAndCocoa.Tests.ArenaGameLoopPlayModeTests" runstate="Runnable" seed="1304210613" result="Passed" start-time="2026-07-17 20:23:49Z" end-time="2026-07-17 20:23:49Z" duration="0.840396" asserts="0">
              <properties>
                <property name="_JOINTYPE" value="UnityCombinatorial" />
                <property name="retryIteration" value="0" />
                <property name="repeatIteration" value="0" />
              </properties>
            </test-case>
            <test-case id="1060" name="ArenaTuningDefaults_AreCentralized_AndKeepMissionBalanceInRange" fullname="CheddarAndCocoa.Tests.ArenaGameLoopPlayModeTests.ArenaTuningDefaults_AreCentralized_AndKeepMissionBalanceInRange" methodname="ArenaTuningDefaults_AreCentralized_AndKeepMissionBalanceInRange" classname="CheddarAndCocoa.Tests.ArenaGameLoopPlayModeTests" runstate="Runnable" seed="1680159986" result="Passed" start-time="2026-07-17 20:23:49Z" end-time="2026-07-17 20:23:49Z" duration="0.000774" asserts="0">
              <properties>
                <property name="retryIteration" value="0" />
                <property name="repeatIteration" value="0" />
              </properties>
            </test-case>
            <test-case id="1063" name="AuthoredAudioCatalog_ImportsEveryNamedClip_AndMapsEveryCue" fullname="CheddarAndCocoa.Tests.ArenaGameLoopPlayModeTests.AuthoredAudioCatalog_ImportsEveryNamedClip_AndMapsEveryCue" methodname="AuthoredAudioCatalog_ImportsEveryNamedClip_AndMapsEveryCue" classname="CheddarAndCocoa.Tests.ArenaGameLoopPlayModeTests" runstate="Runnable" seed="750386405" result="Passed" start-time="2026-07-17 20:23:49Z" end-time="2026-07-17 20:23:49Z" duration="0.000862" asserts="0">
              <properties>
                <property name="retryIteration" value="0" />
                <property name="repeatIteration" value="0" />
              </properties>
            </test-case>
            <test-case id="1065" name="BackyardMission_Objectives_Hazards_Tug_Clear_AndRestart" fullname="CheddarAndCocoa.Tests.ArenaGameLoopPlayModeTests.BackyardMission_Objectives_Hazards_Tug_Clear_AndRestart" methodname="BackyardMission_Objectives_Hazards_Tug_Clear_AndRestart" classname="CheddarAndCocoa.Tests.ArenaGameLoopPlayModeTests" runstate="Runnable" seed="368931206" result="Passed" start-time="2026-07-17 20:23:49Z" end-time="2026-07-17 20:23:55Z" duration="5.464941" asserts="0">
              <properties>
                <property name="_JOINTYPE" value="UnityCombinatorial" />
                <property name="retryIteration" value="0" />
                <property name="repeatIteration" value="0" />
              </properties>
              <output><![CDATA[[Cheddar] WOOF!
[Cheddar] WOOF!
[Cocoa] WOOF!
[Cheddar] WOOF!
[Cocoa] WOOF!
[Cheddar] WOOF!
[Cheddar] WOOF!
[Cocoa] WOOF!
[Cheddar] WOOF!
[Cocoa] WOOF!
[Cheddar] WOOF!
[Cocoa] WOOF!
]]></output>
            </test-case>
            <test-case id="1070" name="DemoRegression_ColdStartFlowDogsCameraOverlay_StayReachable" fullname="CheddarAndCocoa.Tests.ArenaGameLoopPlayModeTests.DemoRegression_ColdStartFlowDogsCameraOverlay_StayReachable" methodname="DemoRegression_ColdStartFlowDogsCameraOverlay_StayReachable" classname="CheddarAndCocoa.Tests.ArenaGameLoopPlayModeTests" runstate="Runnable" seed="734095091" result="Passed" start-time="2026-07-17 20:23:55Z" end-time="2026-07-17 20:23:55Z" duration="0.083475" asserts="0">
              <properties>
                <property name="_JOINTYPE" value="UnityCombinatorial" />
                <property name="retryIteration" value="0" />
                <property name="repeatIteration" value="0" />
              </properties>
            </test-case>
            <test-case id="1069" name="MissionFlow_Select_StartsEveryMission_AndEndActionsNavigate" fullname="CheddarAndCocoa.Tests.ArenaGameLoopPlayModeTests.MissionFlow_Select_StartsEveryMission_AndEndActionsNavigate" methodname="MissionFlow_Select_StartsEveryMission_AndEndActionsNavigate" classname="CheddarAndCocoa.Tests.ArenaGameLoopPlayModeTests" runstate="Runnable" seed="101239287" result="Passed" start-time="2026-07-17 20:23:55Z" end-time="2026-07-17 20:23:55Z" duration="0.049151" asserts="0">
              <properties>
                <property name="_JOINTYPE" value="UnityCombinatorial" />
                <property name="retryIteration" value="0" />
                <property name="repeatIteration" value="0" />
              </properties>
            </test-case>
            <test-case id="1071" name="MissionFlow_SessionTotals_UpdateAcrossTwoMissions" fullname="CheddarAndCocoa.Tests.ArenaGameLoopPlayModeTests.MissionFlow_SessionTotals_UpdateAcrossTwoMissions" methodname="MissionFlow_SessionTotals_UpdateAcrossTwoMissions" classname="CheddarAndCocoa.Tests.ArenaGameLoopPlayModeTests" runstate="Runnable" seed="1491656315" result="Passed" start-time="2026-07-17 20:23:55Z" end-time="2026-07-17 20:23:55Z" duration="0.064742" asserts="0">
              <properties>
                <property name="_JOINTYPE" value="UnityCombinatorial" />
                <property name="retryIteration" value="0" />
                <property name="repeatIteration" value="0" />
              </properties>
            </test-case>
            <test-case id="1068" name="Pause_DisablesPlay_AndAlwaysRestoresTimeScale" fullname="CheddarAndCocoa.Tests.ArenaGameLoopPlayModeTests.Pause_DisablesPlay_AndAlwaysRestoresTimeScale" methodname="Pause_DisablesPlay_AndAlwaysRestoresTimeScale" classname="CheddarAndCocoa.Tests.ArenaGameLoopPlayModeTests" runstate="Runnable" seed="1350977912" result="Passed" start-time="2026-07-17 20:23:55Z" end-time="2026-07-17 20:23:55Z" duration="0.041552" asserts="0">
              <properties>
                <property name="_JOINTYPE" value="UnityCombinatorial" />
                <property name="retryIteration" value="0" />
                <property name="repeatIteration" value="0" />
              </properties>
            </test-case>
            <test-case id="1066" name="PlaytestOverlay_Toggles_AndEventLogCapturesFlowEvents" fullname="CheddarAndCocoa.Tests.ArenaGameLoopPlayModeTests.PlaytestOverlay_Toggles_AndEventLogCapturesFlowEvents" methodname="PlaytestOverlay_Toggles_AndEventLogCapturesFlowEvents" classname="CheddarAndCocoa.Tests.ArenaGameLoopPlayModeTests" runstate="Runnable" seed="1551458171" result="Passed" start-time="2026-07-17 20:23:55Z" end-time="2026-07-17 20:23:55Z" duration="0.052616" asserts="0">
              <properties>
                <property name="_JOINTYPE" value="UnityCombinatorial" />
                <property name="retryIteration" value="0" />
                <property name="repeatIteration" value="0" />
              </properties>
              <output><![CDATA[[Cheddar] WOOF!
[Cheddar] interact (grab placeholder)
]]></output>
            </test-case>
            <test-case id="1072" name="SnackHeist_Initializes_Scores_Clears_Fails_AndReplays" fullname="CheddarAndCocoa.Tests.ArenaGameLoopPlayModeTests.SnackHeist_Initializes_Scores_Clears_Fails_AndReplays" methodname="SnackHeist_Initializes_Scores_Clears_Fails_AndReplays" classname="CheddarAndCocoa.Tests.ArenaGameLoopPlayModeTests" runstate="Runnable" seed="1873166631" result="Passed" start-time="2026-07-17 20:23:55Z" end-time="2026-07-17 20:23:56Z" duration="1.198014" asserts="0">
              <properties>
                <property name="_JOINTYPE" value="UnityCombinatorial" />
                <property name="retryIteration" value="0" />
                <property name="repeatIteration" value="0" />
              </properties>
            </test-case>
            <test-case id="1073" name="SockPanic_Initializes_Scores_Clears_Fails_AndReplays" fullname="CheddarAndCocoa.Tests.ArenaGameLoopPlayModeTests.SockPanic_Initializes_Scores_Clears_Fails_AndReplays" methodname="SockPanic_Initializes_Scores_Clears_Fails_AndReplays" classname="CheddarAndCocoa.Tests.ArenaGameLoopPlayModeTests" runstate="Runnable" seed="1775833225" result="Passed" start-time="2026-07-17 20:23:56Z" end-time="2026-07-17 20:23:56Z" duration="0.075255" asserts="0">
              <properties>
                <property name="_JOINTYPE" value="UnityCombinatorial" />
                <property name="retryIteration" value="0" />
                <property name="repeatIteration" value="0" />
              </properties>
            </test-case>
            <test-case id="1074" name="ThreatActors_AreOnScreenAndReadable_NotOffscreenSpinningBlobs" fullname="CheddarAndCocoa.Tests.ArenaGameLoopPlayModeTests.ThreatActors_AreOnScreenAndReadable_NotOffscreenSpinningBlobs" methodname="ThreatActors_AreOnScreenAndReadable_NotOffscreenSpinningBlobs" classname="CheddarAndCocoa.Tests.ArenaGameLoopPlayModeTests" runstate="Runnable" seed="1655660224" result="Passed" start-time="2026-07-17 20:23:56Z" end-time="2026-07-17 20:23:58Z" duration="1.540802" asserts="0">
              <properties>
                <property name="_JOINTYPE" value="UnityCombinatorial" />
                <property name="retryIteration" value="0" />
                <property name="repeatIteration" value="0" />
              </properties>
            </test-case>
          </test-suite>
          <test-suite type="TestFixture" id="1075" name="BackyardArtEnhancerScenePlayModeTests" fullname="CheddarAndCocoa.Tests.BackyardArtEnhancerScenePlayModeTests" classname="CheddarAndCocoa.Tests.BackyardArtEnhancerScenePlayModeTests" runstate="Runnable" testcasecount="13" result="Passed" start-time="2026-07-17 20:23:58Z" end-time="2026-07-17 20:24:00Z" duration="1.837096" total="13" passed="13" failed="0" inconclusive="0" skipped="0" asserts="0">
            <properties />
            <test-case id="1087" name="ArenaWowSetDressing_InstallsAnimatedDetailsForEveryMission" fullname="CheddarAndCocoa.Tests.BackyardArtEnhancerScenePlayModeTests.ArenaWowSetDressing_InstallsAnimatedDetailsForEveryMission" methodname="ArenaWowSetDressing_InstallsAnimatedDetailsForEveryMission" classname="CheddarAndCocoa.Tests.BackyardArtEnhancerScenePlayModeTests" runstate="Runnable" seed="1571152373" result="Passed" start-time="2026-07-17 20:23:58Z" end-time="2026-07-17 20:23:58Z" duration="0.119658" asserts="0">
              <properties>
                <property name="_JOINTYPE" value="UnityCombinatorial" />
                <property name="retryIteration" value="0" />
                <property name="repeatIteration" value="0" />
              </properties>
            </test-case>
            <test-case id="1077" name="BackyardArtEnhancer_AddsNoDogPaintedBackyardPlateBehindGameplay" fullname="CheddarAndCocoa.Tests.BackyardArtEnhancerScenePlayModeTests.BackyardArtEnhancer_AddsNoDogPaintedBackyardPlateBehindGameplay" methodname="BackyardArtEnhancer_AddsNoDogPaintedBackyardPlateBehindGameplay" classname="CheddarAndCocoa.Tests.BackyardArtEnhancerScenePlayModeTests" runstate="Runnable" seed="36301766" result="Passed" start-time="2026-07-17 20:23:58Z" end-time="2026-07-17 20:23:58Z" duration="0.043143" asserts="0">
              <properties>
                <property name="_JOINTYPE" value="UnityCombinatorial" />
                <property name="retryIteration" value="0" />
                <property name="repeatIteration" value="0" />
              </properties>
            </test-case>
            <test-case id="1076" name="BackyardArtEnhancer_InstallsWithoutBlockingArenaStart" fullname="CheddarAndCocoa.Tests.BackyardArtEnhancerScenePlayModeTests.BackyardArtEnhancer_InstallsWithoutBlockingArenaStart" methodname="BackyardArtEnhancer_InstallsWithoutBlockingArenaStart" classname="CheddarAndCocoa.Tests.BackyardArtEnhancerScenePlayModeTests" runstate="Runnable" seed="1664533336" result="Passed" start-time="2026-07-17 20:23:58Z" end-time="2026-07-17 20:23:58Z" duration="0.040552" asserts="0">
              <properties>
                <property name="_JOINTYPE" value="UnityCombinatorial" />
                <property name="retryIteration" value="0" />
                <property name="repeatIteration" value="0" />
              </properties>
            </test-case>
            <test-case id="1084" name="BackyardThreatPresentation_UsesQuietReferenceArtGroundShadowsAndEagleMotion" fullname="CheddarAndCocoa.Tests.BackyardArtEnhancerScenePlayModeTests.BackyardThreatPresentation_UsesQuietReferenceArtGroundShadowsAndEagleMotion" methodname="BackyardThreatPresentation_UsesQuietReferenceArtGroundShadowsAndEagleMotion" classname="CheddarAndCocoa.Tests.BackyardArtEnhancerScenePlayModeTests" runstate="Runnable" seed="1980705977" result="Passed" start-time="2026-07-17 20:23:58Z" end-time="2026-07-17 20:23:58Z" duration="0.040524" asserts="0">
              <properties>
                <property name="_JOINTYPE" value="UnityCombinatorial" />
                <property name="retryIteration" value="0" />
                <property name="repeatIteration" value="0" />
              </properties>
            </test-case>
            <test-case id="1078" name="CocoaSunbeamGag_FiresWhenIdleAndStaysQuietWhenMoving" fullname="CheddarAndCocoa.Tests.BackyardArtEnhancerScenePlayModeTests.CocoaSunbeamGag_FiresWhenIdleAndStaysQuietWhenMoving" methodname="CocoaSunbeamGag_FiresWhenIdleAndStaysQuietWhenMoving" classname="CheddarAndCocoa.Tests.BackyardArtEnhancerScenePlayModeTests" runstate="Runnable" seed="1047285135" result="Passed" start-time="2026-07-17 20:23:58Z" end-time="2026-07-17 20:23:58Z" duration="0.040714" asserts="0">
              <properties>
                <property name="_JOINTYPE" value="UnityCombinatorial" />
                <property name="retryIteration" value="0" />
                <property name="repeatIteration" value="0" />
              </properties>
            </test-case>
            <test-case id="1086" name="EagleRescuePresentation_HidesSquirrelOverlayFromTalonGripMarker" fullname="CheddarAndCocoa.Tests.BackyardArtEnhancerScenePlayModeTests.EagleRescuePresentation_HidesSquirrelOverlayFromTalonGripMarker" methodname="EagleRescuePresentation_HidesSquirrelOverlayFromTalonGripMarker" classname="CheddarAndCocoa.Tests.BackyardArtEnhancerScenePlayModeTests" runstate="Runnable" seed="1552566701" result="Passed" start-time="2026-07-17 20:23:58Z" end-time="2026-07-17 20:23:58Z" duration="0.042479" asserts="0">
              <properties>
                <property name="_JOINTYPE" value="UnityCombinatorial" />
                <property name="retryIteration" value="0" />
                <property name="repeatIteration" value="0" />
              </properties>
            </test-case>
            <test-case id="1085" name="EagleThreat_AnimatesWithWingFramesNotBodyScalePulse" fullname="CheddarAndCocoa.Tests.BackyardArtEnhancerScenePlayModeTests.EagleThreat_AnimatesWithWingFramesNotBodyScalePulse" methodname="EagleThreat_AnimatesWithWingFramesNotBodyScalePulse" classname="CheddarAndCocoa.Tests.BackyardArtEnhancerScenePlayModeTests" runstate="Runnable" seed="1080953548" result="Passed" start-time="2026-07-17 20:23:58Z" end-time="2026-07-17 20:24:00Z" duration="1.239376" asserts="0">
              <properties>
                <property name="_JOINTYPE" value="UnityCombinatorial" />
                <property name="retryIteration" value="0" />
                <property name="repeatIteration" value="0" />
              </properties>
            </test-case>
            <test-case id="1082" name="PoolFascinationGag_FiresAtTheWatersEdgeAndStaysQuietAwayFromIt" fullname="CheddarAndCocoa.Tests.BackyardArtEnhancerScenePlayModeTests.PoolFascinationGag_FiresAtTheWatersEdgeAndStaysQuietAwayFromIt" methodname="PoolFascinationGag_FiresAtTheWatersEdgeAndStaysQuietAwayFromIt" classname="CheddarAndCocoa.Tests.BackyardArtEnhancerScenePlayModeTests" runstate="Runnable" seed="342007800" result="Passed" start-time="2026-07-17 20:24:00Z" end-time="2026-07-17 20:24:00Z" duration="0.043456" asserts="0">
              <properties>
                <property name="_JOINTYPE" value="UnityCombinatorial" />
                <property name="retryIteration" value="0" />
                <property name="repeatIteration" value="0" />
              </properties>
            </test-case>
            <test-case id="1083" name="ReactToFeedbackAndScore_OnlyFireDuringBackyardRescueNotOtherMissions" fullname="CheddarAndCocoa.Tests.BackyardArtEnhancerScenePlayModeTests.ReactToFeedbackAndScore_OnlyFireDuringBackyardRescueNotOtherMissions" methodname="ReactToFeedbackAndScore_OnlyFireDuringBackyardRescueNotOtherMissions" classname="CheddarAndCocoa.Tests.BackyardArtEnhancerScenePlayModeTests" runstate="Runnable" seed="972532657" result="Passed" start-time="2026-07-17 20:24:00Z" end-time="2026-07-17 20:24:00Z" duration="0.052961" asserts="0">
              <properties>
                <property name="_JOINTYPE" value="UnityCombinatorial" />
                <property name="retryIteration" value="0" />
                <property name="repeatIteration" value="0" />
              </properties>
            </test-case>
            <test-case id="1088" name="RopeOverlay_RendersAtALegibleSizeNotATinySpeck" fullname="CheddarAndCocoa.Tests.BackyardArtEnhancerScenePlayModeTests.RopeOverlay_RendersAtALegibleSizeNotATinySpeck" methodname="RopeOverlay_RendersAtALegibleSizeNotATinySpeck" classname="CheddarAndCocoa.Tests.BackyardArtEnhancerScenePlayModeTests" runstate="Runnable" seed="1336989957" result="Passed" start-time="2026-07-17 20:24:00Z" end-time="2026-07-17 20:24:00Z" duration="0.041546" asserts="0">
              <properties>
                <property name="_JOINTYPE" value="UnityCombinatorial" />
                <property name="retryIteration" value="0" />
                <property name="repeatIteration" value="0" />
              </properties>
            </test-case>
            <test-case id="1079" name="SquirrelMumbleGag_FiresWhenCalmAndStaysQuietDuringRealStealWarning" fullname="CheddarAndCocoa.Tests.BackyardArtEnhancerScenePlayModeTests.SquirrelMumbleGag_FiresWhenCalmAndStaysQuietDuringRealStealWarning" methodname="SquirrelMumbleGag_FiresWhenCalmAndStaysQuietDuringRealStealWarning" classname="CheddarAndCocoa.Tests.BackyardArtEnhancerScenePlayModeTests" runstate="Runnable" seed="1242567228" result="Passed" start-time="2026-07-17 20:24:00Z" end-time="2026-07-17 20:24:00Z" duration="0.042536" asserts="0">
              <properties>
                <property name="_JOINTYPE" value="UnityCombinatorial" />
                <property name="retryIteration" value="0" />
                <property name="repeatIteration" value="0" />
              </properties>
            </test-case>
            <test-case id="1080" name="ToyEnvyGag_FiresWhenBothDogsClaimTheRopeAndStaysQuietWithOnlyOneDogThere" fullname="CheddarAndCocoa.Tests.BackyardArtEnhancerScenePlayModeTests.ToyEnvyGag_FiresWhenBothDogsClaimTheRopeAndStaysQuietWithOnlyOneDogThere" methodname="ToyEnvyGag_FiresWhenBothDogsClaimTheRopeAndStaysQuietWithOnlyOneDogThere" classname="CheddarAndCocoa.Tests.BackyardArtEnhancerScenePlayModeTests" runstate="Runnable" seed="284091539" result="Passed" start-time="2026-07-17 20:24:00Z" end-time="2026-07-17 20:24:00Z" duration="0.043809" asserts="0">
              <properties>
                <property name="_JOINTYPE" value="UnityCombinatorial" />
                <property name="retryIteration" value="0" />
                <property name="repeatIteration" value="0" />
              </properties>
            </test-case>
            <test-case id="1081" name="TreatReverenceGag_FiresWhenIdleNearATreatAndStaysQuietWhenFar" fullname="CheddarAndCocoa.Tests.BackyardArtEnhancerScenePlayModeTests.TreatReverenceGag_FiresWhenIdleNearATreatAndStaysQuietWhenFar" methodname="TreatReverenceGag_FiresWhenIdleNearATreatAndStaysQuietWhenFar" classname="CheddarAndCocoa.Tests.BackyardArtEnhancerScenePlayModeTests" runstate="Runnable" seed="1119524444" result="Passed" start-time="2026-07-17 20:24:00Z" end-time="2026-07-17 20:24:00Z" duration="0.044465" asserts="0">
              <properties>
                <property name="_JOINTYPE" value="UnityCombinatorial" />
                <property name="retryIteration" value="0" />
                <property name="repeatIteration" value="0" />
              </properties>
            </test-case>
          </test-suite>
          <test-suite type="TestFixture" id="1089" name="BackyardArtIntegrationPlayModeTests" fullname="CheddarAndCocoa.Tests.BackyardArtIntegrationPlayModeTests" classname="CheddarAndCocoa.Tests.BackyardArtIntegrationPlayModeTests" runstate="Runnable" testcasecount="9" result="Passed" start-time="2026-07-17 20:24:00Z" end-time="2026-07-17 20:24:00Z" duration="0.013146" total="9" passed="9" failed="0" inconclusive="0" skipped="0" asserts="0">
            <properties />
            <test-case id="1096" name="ArtSpriteOverlay_CanSwapRuntimeSprite" fullname="CheddarAndCocoa.Tests.BackyardArtIntegrationPlayModeTests.ArtSpriteOverlay_CanSwapRuntimeSprite" methodname="ArtSpriteOverlay_CanSwapRuntimeSprite" classname="CheddarAndCocoa.Tests.BackyardArtIntegrationPlayModeTests" runstate="Runnable" seed="2062203559" result="Passed" start-time="2026-07-17 20:24:00Z" end-time="2026-07-17 20:24:00Z" duration="0.000289" asserts="0">
              <properties>
                <property name="retryIteration" value="0" />
                <property name="repeatIteration" value="0" />
              </properties>
            </test-case>
            <test-case id="1095" name="ArtSpriteOverlay_WithGeneratedSprite_ReportsRuntimeSprite" fullname="CheddarAndCocoa.Tests.BackyardArtIntegrationPlayModeTests.ArtSpriteOverlay_WithGeneratedSprite_ReportsRuntimeSprite" methodname="ArtSpriteOverlay_WithGeneratedSprite_ReportsRuntimeSprite" classname="CheddarAndCocoa.Tests.BackyardArtIntegrationPlayModeTests" runstate="Runnable" seed="439996881" result="Passed" start-time="2026-07-17 20:24:00Z" end-time="2026-07-17 20:24:00Z" duration="0.000168" asserts="0">
              <properties>
                <property name="retryIteration" value="0" />
                <property name="repeatIteration" value="0" />
              </properties>
            </test-case>
            <test-case id="1094" name="ArtSpriteOverlay_WithNullSprite_DoesNotBreakFallbackObject" fullname="CheddarAndCocoa.Tests.BackyardArtIntegrationPlayModeTests.ArtSpriteOverlay_WithNullSprite_DoesNotBreakFallbackObject" methodname="ArtSpriteOverlay_WithNullSprite_DoesNotBreakFallbackObject" classname="CheddarAndCocoa.Tests.BackyardArtIntegrationPlayModeTests" runstate="Runnable" seed="1331964995" result="Passed" start-time="2026-07-17 20:24:00Z" end-time="2026-07-17 20:24:00Z" duration="0.000159" asserts="0">
              <properties>
                <property name="retryIteration" value="0" />
                <property name="repeatIteration" value="0" />
              </properties>
            </test-case>
            <test-case id="1097" name="BackyardArtVfxPulse_MissingDraftSprite_ReturnsNullSafely" fullname="CheddarAndCocoa.Tests.BackyardArtIntegrationPlayModeTests.BackyardArtVfxPulse_MissingDraftSprite_ReturnsNullSafely" methodname="BackyardArtVfxPulse_MissingDraftSprite_ReturnsNullSafely" classname="CheddarAndCocoa.Tests.BackyardArtIntegrationPlayModeTests" runstate="Runnable" seed="884835469" result="Passed" start-time="2026-07-17 20:24:00Z" end-time="2026-07-17 20:24:00Z" duration="0.000568" asserts="0">
              <properties>
                <property name="retryIteration" value="0" />
                <property name="repeatIteration" value="0" />
              </properties>
            </test-case>
            <test-case id="1098" name="DynamicTreatArtEnhancer_NoFinalArtStillScansSafely" fullname="CheddarAndCocoa.Tests.BackyardArtIntegrationPlayModeTests.DynamicTreatArtEnhancer_NoFinalArtStillScansSafely" methodname="DynamicTreatArtEnhancer_NoFinalArtStillScansSafely" classname="CheddarAndCocoa.Tests.BackyardArtIntegrationPlayModeTests" runstate="Runnable" seed="1299066427" result="Passed" start-time="2026-07-17 20:24:00Z" end-time="2026-07-17 20:24:00Z" duration="0.000456" asserts="0">
              <properties>
                <property name="retryIteration" value="0" />
                <property name="repeatIteration" value="0" />
              </properties>
            </test-case>
            <test-case id="1093" name="FinalDogPoseArt_ProvidesStableCheddarCocoaPosePaths" fullname="CheddarAndCocoa.Tests.BackyardArtIntegrationPlayModeTests.FinalDogPoseArt_ProvidesStableCheddarCocoaPosePaths" methodname="FinalDogPoseArt_ProvidesStableCheddarCocoaPosePaths" classname="CheddarAndCocoa.Tests.BackyardArtIntegrationPlayModeTests" runstate="Runnable" seed="478421264" result="Passed" start-time="2026-07-17 20:24:00Z" end-time="2026-07-17 20:24:00Z" duration="0.000192" asserts="0">
              <properties>
                <property name="retryIteration" value="0" />
                <property name="repeatIteration" value="0" />
              </properties>
            </test-case>
            <test-case id="1091" name="FinalGameplayArt_ProvidesStableRuntimeResourcePaths" fullname="CheddarAndCocoa.Tests.BackyardArtIntegrationPlayModeTests.FinalGameplayArt_ProvidesStableRuntimeResourcePaths" methodname="FinalGameplayArt_ProvidesStableRuntimeResourcePaths" classname="CheddarAndCocoa.Tests.BackyardArtIntegrationPlayModeTests" runstate="Runnable" seed="1018416593" result="Passed" start-time="2026-07-17 20:24:00Z" end-time="2026-07-17 20:24:00Z" duration="0.000071" asserts="0">
              <properties>
                <property name="retryIteration" value="0" />
                <property name="repeatIteration" value="0" />
              </properties>
            </test-case>
            <test-case id="1092" name="GeneratedBackyardPlate_IsSceneryOnly_NotFrozenDogBackground" fullname="CheddarAndCocoa.Tests.BackyardArtIntegrationPlayModeTests.GeneratedBackyardPlate_IsSceneryOnly_NotFrozenDogBackground" methodname="GeneratedBackyardPlate_IsSceneryOnly_NotFrozenDogBackground" classname="CheddarAndCocoa.Tests.BackyardArtIntegrationPlayModeTests" runstate="Runnable" seed="829016772" result="Passed" start-time="2026-07-17 20:24:00Z" end-time="2026-07-17 20:24:00Z" duration="0.000129" asserts="0">
              <properties>
                <property name="retryIteration" value="0" />
                <property name="repeatIteration" value="0" />
              </properties>
            </test-case>
            <test-case id="1090" name="RuntimeArtSpriteFactory_MissingOrPresentDraftArt_IsSafeToQuery" fullname="CheddarAndCocoa.Tests.BackyardArtIntegrationPlayModeTests.RuntimeArtSpriteFactory_MissingOrPresentDraftArt_IsSafeToQuery" methodname="RuntimeArtSpriteFactory_MissingOrPresentDraftArt_IsSafeToQuery" classname="CheddarAndCocoa.Tests.BackyardArtIntegrationPlayModeTests" runstate="Runnable" seed="1924345309" result="Passed" start-time="2026-07-17 20:24:00Z" end-time="2026-07-17 20:24:00Z" duration="0.008088" asserts="0">
              <properties>
                <property name="retryIteration" value="0" />
                <property name="repeatIteration" value="0" />
              </properties>
            </test-case>
          </test-suite>
          <test-suite type="TestFixture" id="1099" name="BackyardEnvironmentPlayModeTests" fullname="CheddarAndCocoa.Tests.BackyardEnvironmentPlayModeTests" classname="CheddarAndCocoa.Tests.BackyardEnvironmentPlayModeTests" runstate="Runnable" testcasecount="23" result="Passed" start-time="2026-07-17 20:24:00Z" end-time="2026-07-17 20:24:01Z" duration="0.764159" total="23" passed="23" failed="0" inconclusive="0" skipped="0" asserts="0">
            <properties />
            <test-case id="1109" name="ArenaHud_LoadsGeneratedHudSkinForMenusAndOverlays" fullname="CheddarAndCocoa.Tests.BackyardEnvironmentPlayModeTests.ArenaHud_LoadsGeneratedHudSkinForMenusAndOverlays" methodname="ArenaHud_LoadsGeneratedHudSkinForMenusAndOverlays" classname="CheddarAndCocoa.Tests.BackyardEnvironmentPlayModeTests" runstate="Runnable" seed="1752296773" result="Passed" start-time="2026-07-17 20:24:00Z" end-time="2026-07-17 20:24:00Z" duration="0.058334" asserts="0">
              <properties>
                <property name="_JOINTYPE" value="UnityCombinatorial" />
                <property name="retryIteration" value="0" />
                <property name="repeatIteration" value="0" />
              </properties>
            </test-case>
            <test-case id="1117" name="ArenaWowSetDressing_AddsShowcaseSceneryWithoutGameplayColliders" fullname="CheddarAndCocoa.Tests.BackyardEnvironmentPlayModeTests.ArenaWowSetDressing_AddsShowcaseSceneryWithoutGameplayColliders" methodname="ArenaWowSetDressing_AddsShowcaseSceneryWithoutGameplayColliders" classname="CheddarAndCocoa.Tests.BackyardEnvironmentPlayModeTests" runstate="Runnable" seed="497701239" result="Passed" start-time="2026-07-17 20:24:00Z" end-time="2026-07-17 20:24:00Z" duration="0.039728" asserts="0">
              <properties>
                <property name="_JOINTYPE" value="UnityCombinatorial" />
                <property name="retryIteration" value="0" />
                <property name="repeatIteration" value="0" />
              </properties>
            </test-case>
            <test-case id="1118" name="BackyardEnvironment_BuildsDecorativePropsInsideLargeYard" fullname="CheddarAndCocoa.Tests.BackyardEnvironmentPlayModeTests.BackyardEnvironment_BuildsDecorativePropsInsideLargeYard" methodname="BackyardEnvironment_BuildsDecorativePropsInsideLargeYard" classname="CheddarAndCocoa.Tests.BackyardEnvironmentPlayModeTests" runstate="Runnable" seed="1139676707" result="Passed" start-time="2026-07-17 20:24:00Z" end-time="2026-07-17 20:24:00Z" duration="0.047190" asserts="0">
              <properties>
                <property name="_JOINTYPE" value="UnityCombinatorial" />
                <property name="retryIteration" value="0" />
                <property name="repeatIteration" value="0" />
              </properties>
            </test-case>
            <test-case id="1123" name="BackyardEnvironment_UsesGeneratedBuildingSpritesForHouseCluster" fullname="CheddarAndCocoa.Tests.BackyardEnvironmentPlayModeTests.BackyardEnvironment_UsesGeneratedBuildingSpritesForHouseCluster" methodname="BackyardEnvironment_UsesGeneratedBuildingSpritesForHouseCluster" classname="CheddarAndCocoa.Tests.BackyardEnvironmentPlayModeTests" runstate="Runnable" seed="172132137" result="Passed" start-time="2026-07-17 20:24:00Z" end-time="2026-07-17 20:24:00Z" duration="0.040103" asserts="0">
              <properties>
                <property name="_JOINTYPE" value="UnityCombinatorial" />
                <property name="retryIteration" value="0" />
                <property name="repeatIteration" value="0" />
              </properties>
            </test-case>
            <test-case id="1122" name="BackyardEnvironment_UsesGeneratedEnvironmentSpritesOverDistrictMarkers" fullname="CheddarAndCocoa.Tests.BackyardEnvironmentPlayModeTests.BackyardEnvironment_UsesGeneratedEnvironmentSpritesOverDistrictMarkers" methodname="BackyardEnvironment_UsesGeneratedEnvironmentSpritesOverDistrictMarkers" classname="CheddarAndCocoa.Tests.BackyardEnvironmentPlayModeTests" runstate="Runnable" seed="963294879" result="Passed" start-time="2026-07-17 20:24:00Z" end-time="2026-07-17 20:24:00Z" duration="0.040473" asserts="0">
              <properties>
                <property name="_JOINTYPE" value="UnityCombinatorial" />
                <property name="retryIteration" value="0" />
                <property name="repeatIteration" value="0" />
              </properties>
            </test-case>
            <test-case id="1120" name="DistantObjective_EnablesVisibleTravelAssist_AndReleasesNearTarget" fullname="CheddarAndCocoa.Tests.BackyardEnvironmentPlayModeTests.DistantObjective_EnablesVisibleTravelAssist_AndReleasesNearTarget" methodname="DistantObjective_EnablesVisibleTravelAssist_AndReleasesNearTarget" classname="CheddarAndCocoa.Tests.BackyardEnvironmentPlayModeTests" runstate="Runnable" seed="846227414" result="Passed" start-time="2026-07-17 20:24:00Z" end-time="2026-07-17 20:24:00Z" duration="0.041726" asserts="0">
              <properties>
                <property name="_JOINTYPE" value="UnityCombinatorial" />
                <property name="retryIteration" value="0" />
                <property name="repeatIteration" value="0" />
              </properties>
            </test-case>
            <test-case id="1113" name="DogIdentityPoseLabels_AreDebugTextNotProductionOverlays" fullname="CheddarAndCocoa.Tests.BackyardEnvironmentPlayModeTests.DogIdentityPoseLabels_AreDebugTextNotProductionOverlays" methodname="DogIdentityPoseLabels_AreDebugTextNotProductionOverlays" classname="CheddarAndCocoa.Tests.BackyardEnvironmentPlayModeTests" runstate="Runnable" seed="282098608" result="Passed" start-time="2026-07-17 20:24:00Z" end-time="2026-07-17 20:24:00Z" duration="0.041040" asserts="0">
              <properties>
                <property name="_JOINTYPE" value="UnityCombinatorial" />
                <property name="retryIteration" value="0" />
                <property name="repeatIteration" value="0" />
              </properties>
            </test-case>
[...]
              </properties>
            </test-case>
            <test-case id="1618" name="ThunderstormComfort_AppearsInMissionSelectRotation" fullname="CheddarAndCocoa.Tests.ThunderstormComfortPlayModeTests.ThunderstormComfort_AppearsInMissionSelectRotation" methodname="ThunderstormComfort_AppearsInMissionSelectRotation" classname="CheddarAndCocoa.Tests.ThunderstormComfortPlayModeTests" runstate="Runnable" seed="2092270971" result="Passed" start-time="2026-07-17 20:24:40Z" end-time="2026-07-17 20:24:40Z" duration="0.069588" asserts="0">
              <properties>
                <property name="_JOINTYPE" value="UnityCombinatorial" />
                <property name="retryIteration" value="0" />
                <property name="repeatIteration" value="0" />
              </properties>
            </test-case>
            <test-case id="1622" name="ThunderstormComfort_Bolt_FiresADistinctGagNotJustTheEndCard" fullname="CheddarAndCocoa.Tests.ThunderstormComfortPlayModeTests.ThunderstormComfort_Bolt_FiresADistinctGagNotJustTheEndCard" methodname="ThunderstormComfort_Bolt_FiresADistinctGagNotJustTheEndCard" classname="CheddarAndCocoa.Tests.ThunderstormComfortPlayModeTests" runstate="Runnable" seed="220273804" result="Passed" start-time="2026-07-17 20:24:40Z" end-time="2026-07-17 20:24:40Z" duration="0.057090" asserts="0">
              <properties>
                <property name="_JOINTYPE" value="UnityCombinatorial" />
                <property name="retryIteration" value="0" />
                <property name="repeatIteration" value="0" />
              </properties>
            </test-case>
            <test-case id="1623" name="ThunderstormComfort_Bolt_JuicePopSurvivesTheEndRoundClobber" fullname="CheddarAndCocoa.Tests.ThunderstormComfortPlayModeTests.ThunderstormComfort_Bolt_JuicePopSurvivesTheEndRoundClobber" methodname="ThunderstormComfort_Bolt_JuicePopSurvivesTheEndRoundClobber" classname="CheddarAndCocoa.Tests.ThunderstormComfortPlayModeTests" runstate="Runnable" seed="1321339157" result="Passed" start-time="2026-07-17 20:24:40Z" end-time="2026-07-17 20:24:40Z" duration="0.045770" asserts="0">
              <properties>
                <property name="_JOINTYPE" value="UnityCombinatorial" />
                <property name="retryIteration" value="0" />
                <property name="repeatIteration" value="0" />
              </properties>
            </test-case>
            <test-case id="1619" name="ThunderstormComfort_ClearPath_CocoaReassuresCheddarAnswersThroughEveryClap" fullname="CheddarAndCocoa.Tests.ThunderstormComfortPlayModeTests.ThunderstormComfort_ClearPath_CocoaReassuresCheddarAnswersThroughEveryClap" methodname="ThunderstormComfort_ClearPath_CocoaReassuresCheddarAnswersThroughEveryClap" classname="CheddarAndCocoa.Tests.ThunderstormComfortPlayModeTests" runstate="Runnable" seed="1406092910" result="Passed" start-time="2026-07-17 20:24:40Z" end-time="2026-07-17 20:24:40Z" duration="0.069621" asserts="0">
              <properties>
                <property name="_JOINTYPE" value="UnityCombinatorial" />
                <property name="retryIteration" value="0" />
                <property name="repeatIteration" value="0" />
              </properties>
              <output><![CDATA[[Cocoa] WOOF!
[Cheddar] WOOF!
[Cocoa] WOOF!
[Cheddar] WOOF!
[Cocoa] WOOF!
[Cheddar] WOOF!
[Cocoa] WOOF!
[Cheddar] WOOF!
[Cocoa] WOOF!
[Cheddar] WOOF!
]]></output>
            </test-case>
            <test-case id="1621" name="ThunderstormComfort_FailPath_PanicMaxesWhenApart" fullname="CheddarAndCocoa.Tests.ThunderstormComfortPlayModeTests.ThunderstormComfort_FailPath_PanicMaxesWhenApart" methodname="ThunderstormComfort_FailPath_PanicMaxesWhenApart" classname="CheddarAndCocoa.Tests.ThunderstormComfortPlayModeTests" runstate="Runnable" seed="1631518284" result="Passed" start-time="2026-07-17 20:24:40Z" end-time="2026-07-17 20:24:40Z" duration="0.044820" asserts="0">
              <properties>
                <property name="_JOINTYPE" value="UnityCombinatorial" />
                <property name="retryIteration" value="0" />
                <property name="repeatIteration" value="0" />
              </properties>
            </test-case>
            <test-case id="1624" name="ThunderstormComfort_Replay_ResetsStormAndPanic" fullname="CheddarAndCocoa.Tests.ThunderstormComfortPlayModeTests.ThunderstormComfort_Replay_ResetsStormAndPanic" methodname="ThunderstormComfort_Replay_ResetsStormAndPanic" classname="CheddarAndCocoa.Tests.ThunderstormComfortPlayModeTests" runstate="Runnable" seed="1316188052" result="Passed" start-time="2026-07-17 20:24:40Z" end-time="2026-07-17 20:24:40Z" duration="0.043268" asserts="0">
              <properties>
                <property name="_JOINTYPE" value="UnityCombinatorial" />
                <property name="retryIteration" value="0" />
                <property name="repeatIteration" value="0" />
              </properties>
            </test-case>
            <test-case id="1620" name="ThunderstormComfort_RequiresOrderedHuddleBarks_AndMissesRecoverNextClap" fullname="CheddarAndCocoa.Tests.ThunderstormComfortPlayModeTests.ThunderstormComfort_RequiresOrderedHuddleBarks_AndMissesRecoverNextClap" methodname="ThunderstormComfort_RequiresOrderedHuddleBarks_AndMissesRecoverNextClap" classname="CheddarAndCocoa.Tests.ThunderstormComfortPlayModeTests" runstate="Runnable" seed="537879145" result="Passed" start-time="2026-07-17 20:24:40Z" end-time="2026-07-17 20:24:42Z" duration="1.799802" asserts="0">
              <properties>
                <property name="_JOINTYPE" value="UnityCombinatorial" />
                <property name="retryIteration" value="0" />
                <property name="repeatIteration" value="0" />
              </properties>
              <output><![CDATA[[Cheddar] WOOF!
[Cocoa] WOOF!
[Cheddar] WOOF!
[Cocoa] WOOF!
[Cheddar] WOOF!
[Cocoa] WOOF!
[Cheddar] WOOF!
]]></output>
            </test-case>
            <test-case id="1625" name="ThunderstormComfort_Snapshot_ReportsExposedClapsAsMistakes" fullname="CheddarAndCocoa.Tests.ThunderstormComfortPlayModeTests.ThunderstormComfort_Snapshot_ReportsExposedClapsAsMistakes" methodname="ThunderstormComfort_Snapshot_ReportsExposedClapsAsMistakes" classname="CheddarAndCocoa.Tests.ThunderstormComfortPlayModeTests" runstate="Runnable" seed="319421122" result="Passed" start-time="2026-07-17 20:24:42Z" end-time="2026-07-17 20:24:42Z" duration="0.046105" asserts="0">
              <properties>
                <property name="_JOINTYPE" value="UnityCombinatorial" />
                <property name="retryIteration" value="0" />
                <property name="repeatIteration" value="0" />
              </properties>
              <output><![CDATA[[Cocoa] WOOF!
[Cheddar] WOOF!
]]></output>
            </test-case>
            <test-case id="1626" name="ThunderstormComfort_Thunderclap_MakesDogsFlinch" fullname="CheddarAndCocoa.Tests.ThunderstormComfortPlayModeTests.ThunderstormComfort_Thunderclap_MakesDogsFlinch" methodname="ThunderstormComfort_Thunderclap_MakesDogsFlinch" classname="CheddarAndCocoa.Tests.ThunderstormComfortPlayModeTests" runstate="Runnable" seed="1199436632" result="Passed" start-time="2026-07-17 20:24:42Z" end-time="2026-07-17 20:24:42Z" duration="0.044062" asserts="0">
              <properties>
                <property name="_JOINTYPE" value="UnityCombinatorial" />
                <property name="retryIteration" value="0" />
                <property name="repeatIteration" value="0" />
              </properties>
            </test-case>
          </test-suite>
          <test-suite type="TestFixture" id="1627" name="TugFeelPlayModeTests" fullname="CheddarAndCocoa.Tests.TugFeelPlayModeTests" classname="CheddarAndCocoa.Tests.TugFeelPlayModeTests" runstate="Runnable" testcasecount="2" result="Passed" start-time="2026-07-17 20:24:42Z" end-time="2026-07-17 20:24:43Z" duration="0.446589" total="2" passed="2" failed="0" inconclusive="0" skipped="0" asserts="0">
            <properties />
            <test-case id="1629" name="TeamTug_BothDogsTugAndFaceTheRopeFromOppositeSides" fullname="CheddarAndCocoa.Tests.TugFeelPlayModeTests.TeamTug_BothDogsTugAndFaceTheRopeFromOppositeSides" methodname="TeamTug_BothDogsTugAndFaceTheRopeFromOppositeSides" classname="CheddarAndCocoa.Tests.TugFeelPlayModeTests" runstate="Runnable" seed="524676560" result="Passed" start-time="2026-07-17 20:24:42Z" end-time="2026-07-17 20:24:43Z" duration="0.446000" asserts="0">
              <properties>
                <property name="_JOINTYPE" value="UnityCombinatorial" />
                <property name="retryIteration" value="0" />
                <property name="repeatIteration" value="0" />
              </properties>
            </test-case>
            <test-case id="1628" name="TugCadence_DiffersBetweenCheddarAndCocoa" fullname="CheddarAndCocoa.Tests.TugFeelPlayModeTests.TugCadence_DiffersBetweenCheddarAndCocoa" methodname="TugCadence_DiffersBetweenCheddarAndCocoa" classname="CheddarAndCocoa.Tests.TugFeelPlayModeTests" runstate="Runnable" seed="1669598844" result="Passed" start-time="2026-07-17 20:24:43Z" end-time="2026-07-17 20:24:43Z" duration="0.000148" asserts="0">
              <properties>
                <property name="retryIteration" value="0" />
                <property name="repeatIteration" value="0" />
              </properties>
            </test-case>
          </test-suite>
          <test-suite type="TestFixture" id="1630" name="WeenieRoundupPlayModeTests" fullname="CheddarAndCocoa.Tests.WeenieRoundupPlayModeTests" classname="CheddarAndCocoa.Tests.WeenieRoundupPlayModeTests" runstate="Runnable" testcasecount="6" result="Passed" start-time="2026-07-17 20:24:43Z" end-time="2026-07-17 20:24:45Z" duration="2.447847" total="6" passed="6" failed="0" inconclusive="0" skipped="0" asserts="0">
            <properties />
            <test-case id="1631" name="WeenieRoundup_AppearsInMissionSelectRotation" fullname="CheddarAndCocoa.Tests.WeenieRoundupPlayModeTests.WeenieRoundup_AppearsInMissionSelectRotation" methodname="WeenieRoundup_AppearsInMissionSelectRotation" classname="CheddarAndCocoa.Tests.WeenieRoundupPlayModeTests" runstate="Runnable" seed="1627387574" result="Passed" start-time="2026-07-17 20:24:43Z" end-time="2026-07-17 20:24:43Z" duration="0.053314" asserts="0">
              <properties>
                <property name="_JOINTYPE" value="UnityCombinatorial" />
                <property name="retryIteration" value="0" />
                <property name="repeatIteration" value="0" />
              </properties>
            </test-case>
            <test-case id="1635" name="WeenieRoundup_CarryPosePersistsUntilCargoLeavesDog" fullname="CheddarAndCocoa.Tests.WeenieRoundupPlayModeTests.WeenieRoundup_CarryPosePersistsUntilCargoLeavesDog" methodname="WeenieRoundup_CarryPosePersistsUntilCargoLeavesDog" classname="CheddarAndCocoa.Tests.WeenieRoundupPlayModeTests" runstate="Runnable" seed="289199356" result="Passed" start-time="2026-07-17 20:24:43Z" end-time="2026-07-17 20:24:44Z" duration="1.246337" asserts="0">
              <properties>
                <property name="_JOINTYPE" value="UnityCombinatorial" />
                <property name="retryIteration" value="0" />
                <property name="repeatIteration" value="0" />
              </properties>
            </test-case>
            <test-case id="1632" name="WeenieRoundup_ClearPath_EndsWithSteadyJumboTeamHaulAndLivePayoff" fullname="CheddarAndCocoa.Tests.WeenieRoundupPlayModeTests.WeenieRoundup_ClearPath_EndsWithSteadyJumboTeamHaulAndLivePayoff" methodname="WeenieRoundup_ClearPath_EndsWithSteadyJumboTeamHaulAndLivePayoff" classname="CheddarAndCocoa.Tests.WeenieRoundupPlayModeTests" runstate="Runnable" seed="1953489684" result="Passed" start-time="2026-07-17 20:24:44Z" end-time="2026-07-17 20:24:44Z" duration="0.053067" asserts="0">
              <properties>
                <property name="_JOINTYPE" value="UnityCombinatorial" />
                <property name="retryIteration" value="0" />
                <property name="repeatIteration" value="0" />
              </properties>
            </test-case>
            <test-case id="1634" name="WeenieRoundup_Drop_ReturnsWeenieToTheYard" fullname="CheddarAndCocoa.Tests.WeenieRoundupPlayModeTests.WeenieRoundup_Drop_ReturnsWeenieToTheYard" methodname="WeenieRoundup_Drop_ReturnsWeenieToTheYard" classname="CheddarAndCocoa.Tests.WeenieRoundupPlayModeTests" runstate="Runnable" seed="1440655597" result="Passed" start-time="2026-07-17 20:24:44Z" end-time="2026-07-17 20:24:44Z" duration="0.050326" asserts="0">
              <properties>
                <property name="_JOINTYPE" value="UnityCombinatorial" />
                <property name="retryIteration" value="0" />
                <property name="repeatIteration" value="0" />
              </properties>
            </test-case>
            <test-case id="1633" name="WeenieRoundup_JumboRejectsSoloGrab_AndSeparationFumblesRecoverably" fullname="CheddarAndCocoa.Tests.WeenieRoundupPlayModeTests.WeenieRoundup_JumboRejectsSoloGrab_AndSeparationFumblesRecoverably" methodname="WeenieRoundup_JumboRejectsSoloGrab_AndSeparationFumblesRecoverably" classname="CheddarAndCocoa.Tests.WeenieRoundupPlayModeTests" runstate="Runnable" seed="1870608318" result="Passed" start-time="2026-07-17 20:24:44Z" end-time="2026-07-17 20:24:45Z" duration="0.997263" asserts="0">
              <properties>
                <property name="_JOINTYPE" value="UnityCombinatorial" />
                <property name="retryIteration" value="0" />
                <property name="repeatIteration" value="0" />
              </properties>
            </test-case>
            <test-case id="1636" name="WeenieRoundup_Replay_ResetsCarryRuntimeState" fullname="CheddarAndCocoa.Tests.WeenieRoundupPlayModeTests.WeenieRoundup_Replay_ResetsCarryRuntimeState" methodname="WeenieRoundup_Replay_ResetsCarryRuntimeState" classname="CheddarAndCocoa.Tests.WeenieRoundupPlayModeTests" runstate="Runnable" seed="639761088" result="Passed" start-time="2026-07-17 20:24:45Z" end-time="2026-07-17 20:24:45Z" duration="0.046567" asserts="0">
              <properties>
                <property name="_JOINTYPE" value="UnityCombinatorial" />
                <property name="retryIteration" value="0" />
                <property name="repeatIteration" value="0" />
              </properties>
            </test-case>
          </test-suite>
          <test-suite type="TestFixture" id="1637" name="WrestleActionPlayModeTests" fullname="CheddarAndCocoa.Tests.WrestleActionPlayModeTests" classname="CheddarAndCocoa.Tests.WrestleActionPlayModeTests" runstate="Runnable" testcasecount="6" result="Passed" start-time="2026-07-17 20:24:45Z" end-time="2026-07-17 20:24:47Z" duration="1.671476" total="6" passed="6" failed="0" inconclusive="0" skipped="0" asserts="0">
            <properties />
            <test-case id="1640" name="Wrestle_IsBlockedWhileBusy" fullname="CheddarAndCocoa.Tests.WrestleActionPlayModeTests.Wrestle_IsBlockedWhileBusy" methodname="Wrestle_IsBlockedWhileBusy" classname="CheddarAndCocoa.Tests.WrestleActionPlayModeTests" runstate="Runnable" seed="848161438" result="Passed" start-time="2026-07-17 20:24:45Z" end-time="2026-07-17 20:24:45Z" duration="0.043848" asserts="0">
              <properties>
                <property name="_JOINTYPE" value="UnityCombinatorial" />
                <property name="retryIteration" value="0" />
                <property name="repeatIteration" value="0" />
              </properties>
            </test-case>
            <test-case id="1643" name="Wrestle_IsConsumedFromMoveIntent" fullname="CheddarAndCocoa.Tests.WrestleActionPlayModeTests.Wrestle_IsConsumedFromMoveIntent" methodname="Wrestle_IsConsumedFromMoveIntent" classname="CheddarAndCocoa.Tests.WrestleActionPlayModeTests" runstate="Runnable" seed="1138624114" result="Passed" start-time="2026-07-17 20:24:45Z" end-time="2026-07-17 20:24:45Z" duration="0.046694" asserts="0">
              <properties>
                <property name="_JOINTYPE" value="UnityCombinatorial" />
                <property name="retryIteration" value="0" />
                <property name="repeatIteration" value="0" />
              </properties>
              <output><![CDATA[[Cheddar] WRESTLE!
]]></output>
            </test-case>
            <test-case id="1641" name="Wrestle_ResolvesWhenDogsAreClose_EmitsDustParticlesOnBothDogs" fullname="CheddarAndCocoa.Tests.WrestleActionPlayModeTests.Wrestle_ResolvesWhenDogsAreClose_EmitsDustParticlesOnBothDogs" methodname="Wrestle_ResolvesWhenDogsAreClose_EmitsDustParticlesOnBothDogs" classname="CheddarAndCocoa.Tests.WrestleActionPlayModeTests" runstate="Runnable" seed="957899031" result="Passed" start-time="2026-07-17 20:24:45Z" end-time="2026-07-17 20:24:45Z" duration="0.096002" asserts="0">
              <properties>
                <property name="_JOINTYPE" value="UnityCombinatorial" />
                <property name="retryIteration" value="0" />
                <property name="repeatIteration" value="0" />
              </properties>
              <output><![CDATA[[Cheddar] WRESTLE!
]]></output>
            </test-case>
            <test-case id="1638" name="Wrestle_ResolvesWhenDogsAreClose_StunsExactlyOneDogThenBothRecover" fullname="CheddarAndCocoa.Tests.WrestleActionPlayModeTests.Wrestle_ResolvesWhenDogsAreClose_StunsExactlyOneDogThenBothRecover" methodname="Wrestle_ResolvesWhenDogsAreClose_StunsExactlyOneDogThenBothRecover" classname="CheddarAndCocoa.Tests.WrestleActionPlayModeTests" runstate="Runnable" seed="1265569557" result="Passed" start-time="2026-07-17 20:24:45Z" end-time="2026-07-17 20:24:47Z" duration="1.392545" asserts="0">
              <properties>
                <property name="_JOINTYPE" value="UnityCombinatorial" />
                <property name="retryIteration" value="0" />
                <property name="repeatIteration" value="0" />
              </properties>
              <output><![CDATA[[Cheddar] WRESTLE!
]]></output>
            </test-case>
            <test-case id="1642" name="Wrestle_WhiffsWhenDogsAreFarApart_LungesAttackerTowardDefender" fullname="CheddarAndCocoa.Tests.WrestleActionPlayModeTests.Wrestle_WhiffsWhenDogsAreFarApart_LungesAttackerTowardDefender" methodname="Wrestle_WhiffsWhenDogsAreFarApart_LungesAttackerTowardDefender" classname="CheddarAndCocoa.Tests.WrestleActionPlayModeTests" runstate="Runnable" seed="1086345066" result="Passed" start-time="2026-07-17 20:24:47Z" end-time="2026-07-17 20:24:47Z" duration="0.045399" asserts="0">
              <properties>
                <property name="_JOINTYPE" value="UnityCombinatorial" />
                <property name="retryIteration" value="0" />
                <property name="repeatIteration" value="0" />
              </properties>
              <output><![CDATA[[Cheddar] WRESTLE!
]]></output>
            </test-case>
            <test-case id="1639" name="Wrestle_WhiffsWhenDogsAreFarApart_NoStunButShortCooldownApplies" fullname="CheddarAndCocoa.Tests.WrestleActionPlayModeTests.Wrestle_WhiffsWhenDogsAreFarApart_NoStunButShortCooldownApplies" methodname="Wrestle_WhiffsWhenDogsAreFarApart_NoStunButShortCooldownApplies" classname="CheddarAndCocoa.Tests.WrestleActionPlayModeTests" runstate="Runnable" seed="684478227" result="Passed" start-time="2026-07-17 20:24:47Z" end-time="2026-07-17 20:24:47Z" duration="0.045872" asserts="0">
              <properties>
                <property name="_JOINTYPE" value="UnityCombinatorial" />
                <property name="retryIteration" value="0" />
                <property name="repeatIteration" value="0" />
              </properties>
              <output><![CDATA[[Cheddar] WRESTLE!
Saving results to: /Users/kchapman/Weeniegame/unity/playmode-current-results.xml
]]></output>
            </test-case>
          </test-suite>
        </test-suite>
      </test-suite>
    </test-suite>
  </test-suite>
</test-run>