<?xml version="1.0" encoding="utf-8"?>
<test-run id="2" testcasecount="1" result="Passed" total="1" passed="1" failed="0" inconclusive="0" skipped="0" asserts="0" engine-version="3.5.0.0" clr-version="4.0.30319.42000" start-time="2026-07-01 13:28:36Z" end-time="2026-07-01 13:28:37Z" duration="1.0175486">
  <test-suite type="TestSuite" id="1483" name="Cheddar and Cocoa" fullname="Cheddar and Cocoa" runstate="Runnable" testcasecount="400" result="Passed" start-time="2026-07-01 13:28:36Z" end-time="2026-07-01 13:28:37Z" duration="1.017549" total="1" passed="1" failed="0" inconclusive="0" skipped="0" asserts="0">
    <properties>
      <property name="platform" value="PlayMode" />
    </properties>
    <test-suite type="Assembly" id="1475" name="CheddarAndCocoa.Tests.PlayMode.dll" fullname="/Users/kchapman/Weeniegame/unity/CheddarAndCocoa/Library/ScriptAssemblies/CheddarAndCocoa.Tests.PlayMode.dll" runstate="Runnable" testcasecount="400" result="Passed" start-time="2026-07-01 13:28:36Z" end-time="2026-07-01 13:28:37Z" duration="1.007118" total="1" passed="1" failed="0" inconclusive="0" skipped="0" asserts="0">
      <properties>
        <property name="_PID" value="51657" />
        <property name="_APPDOMAIN" value="Unity Child Domain" />
        <property name="platform" value="PlayMode" />
        <property name="EditorOnly" value="False" />
      </properties>
      <test-suite type="TestSuite" id="1476" name="CheddarAndCocoa" fullname="CheddarAndCocoa" runstate="Runnable" testcasecount="400" result="Passed" start-time="2026-07-01 13:28:36Z" end-time="2026-07-01 13:28:37Z" duration="1.001658" total="1" passed="1" failed="0" inconclusive="0" skipped="0" asserts="0">
        <properties />
        <test-suite type="TestSuite" id="1479" name="Tests" fullname="CheddarAndCocoa.Tests" runstate="Runnable" testcasecount="398" result="Passed" start-time="2026-07-01 13:28:36Z" end-time="2026-07-01 13:28:37Z" duration="0.995766" total="1" passed="1" failed="0" inconclusive="0" skipped="0" asserts="0">
          <properties />
          <test-suite type="TestFixture" id="1358" name="MarkTheYardPlayModeTests" fullname="CheddarAndCocoa.Tests.MarkTheYardPlayModeTests" classname="CheddarAndCocoa.Tests.MarkTheYardPlayModeTests" runstate="Runnable" testcasecount="8" result="Passed" start-time="2026-07-01 13:28:36Z" end-time="2026-07-01 13:28:37Z" duration="0.985707" total="1" passed="1" failed="0" inconclusive="0" skipped="0" asserts="0">
            <properties />
            <test-case id="1363" name="MarkTheYard_SquirrelUsesReadableGeneratedActorStates" fullname="CheddarAndCocoa.Tests.MarkTheYardPlayModeTests.MarkTheYard_SquirrelUsesReadableGeneratedActorStates" methodname="MarkTheYard_SquirrelUsesReadableGeneratedActorStates" classname="CheddarAndCocoa.Tests.MarkTheYardPlayModeTests" runstate="Runnable" seed="839135413" result="Passed" start-time="2026-07-01 13:28:36Z" end-time="2026-07-01 13:28:37Z" duration="0.978397" asserts="0">
              <properties>
                <property name="_JOINTYPE" value="UnityCombinatorial" />
                <property name="retryIteration" value="0" />
                <property name="repeatIteration" value="0" />
              </properties>
              <output><![CDATA[Saving results to: /Users/kchapman/Weeniegame/unity/test-results/adventure-p0-mark-yard-state-art-results.xml
]]></output>
            </test-case>
          </test-suite>
        </test-suite>
      </test-suite>
    </test-suite>
  </test-suite>
</test-run>