<?xml version="1.0" encoding="utf-8"?>
<test-run id="2" testcasecount="1" result="Passed" total="1" passed="1" failed="0" inconclusive="0" skipped="0" asserts="0" engine-version="3.5.0.0" clr-version="4.0.30319.42000" start-time="2026-07-27 02:20:48Z" end-time="2026-07-27 02:20:51Z" duration="2.7625736">
  <test-suite type="TestSuite" id="1946" name="Cheddar and Cocoa" fullname="Cheddar and Cocoa" runstate="Runnable" testcasecount="822" result="Passed" start-time="2026-07-27 02:20:48Z" end-time="2026-07-27 02:20:51Z" duration="2.762574" total="1" passed="1" failed="0" inconclusive="0" skipped="0" asserts="0">
    <properties>
      <property name="platform" value="PlayMode" />
    </properties>
    <test-suite type="SetUpFixture" id="1001" name="CheddarAndCocoa.Tests.PlayMode.dll" fullname="PlayModeGlobalTestSetup" classname="PlayModeGlobalTestSetup" runstate="Runnable" testcasecount="822" result="Passed" start-time="2026-07-27 02:20:48Z" end-time="2026-07-27 02:20:51Z" duration="2.750984" total="1" passed="1" failed="0" inconclusive="0" skipped="0" asserts="0">
      <properties>
        <property name="_PID" value="76867" />
        <property name="_APPDOMAIN" value="Unity Child Domain" />
        <property name="platform" value="PlayMode" />
        <property name="EditorOnly" value="False" />
      </properties>
      <test-suite type="TestSuite" id="1939" name="CheddarAndCocoa" fullname="CheddarAndCocoa" runstate="Runnable" testcasecount="822" result="Passed" start-time="2026-07-27 02:20:48Z" end-time="2026-07-27 02:20:51Z" duration="2.742518" total="1" passed="1" failed="0" inconclusive="0" skipped="0" asserts="0">
        <properties />
        <test-suite type="TestSuite" id="1942" name="Tests" fullname="CheddarAndCocoa.Tests" runstate="Runnable" testcasecount="812" result="Passed" start-time="2026-07-27 02:20:48Z" end-time="2026-07-27 02:20:51Z" duration="2.734302" total="1" passed="1" failed="0" inconclusive="0" skipped="0" asserts="0">
          <properties />
          <test-suite type="TestFixture" id="1614" name="FinalArtIntegrationPlayModeTests" fullname="CheddarAndCocoa.Tests.FinalArtIntegrationPlayModeTests" classname="CheddarAndCocoa.Tests.FinalArtIntegrationPlayModeTests" runstate="Runnable" testcasecount="13" result="Passed" start-time="2026-07-27 02:20:48Z" end-time="2026-07-27 02:20:51Z" duration="2.725455" total="1" passed="1" failed="0" inconclusive="0" skipped="0" asserts="0">
            <properties />
            <test-case id="1625" name="GeneratedMissionPropPackPass2_CoversVisibleMissionFocusProps" fullname="CheddarAndCocoa.Tests.FinalArtIntegrationPlayModeTests.GeneratedMissionPropPackPass2_CoversVisibleMissionFocusProps" methodname="GeneratedMissionPropPackPass2_CoversVisibleMissionFocusProps" classname="CheddarAndCocoa.Tests.FinalArtIntegrationPlayModeTests" runstate="Runnable" seed="1327989882" result="Passed" start-time="2026-07-27 02:20:48Z" end-time="2026-07-27 02:20:51Z" duration="2.717135" asserts="0">
              <properties>
                <property name="_JOINTYPE" value="UnityCombinatorial" />
                <property name="retryIteration" value="0" />
                <property name="repeatIteration" value="0" />
              </properties>
              <output><![CDATA[Saving results to: /Users/kchapman/Weeniegame/unity/test-results/art-animation-prop-scale-focused.xml
]]></output>
            </test-case>
          </test-suite>
        </test-suite>
      </test-suite>
    </test-suite>
  </test-suite>
</test-run>