<?xml version="1.0" encoding="utf-8"?>
<test-run id="2" testcasecount="1" result="Passed" total="1" passed="1" failed="0" inconclusive="0" skipped="0" asserts="0" engine-version="3.5.0.0" clr-version="4.0.30319.42000" start-time="2026-07-01 13:03:16Z" end-time="2026-07-01 13:03:16Z" duration="0.1984326">
  <test-suite type="TestSuite" id="1481" name="Cheddar and Cocoa" fullname="Cheddar and Cocoa" runstate="Runnable" testcasecount="398" result="Passed" start-time="2026-07-01 13:03:16Z" end-time="2026-07-01 13:03:16Z" duration="0.198433" total="1" passed="1" failed="0" inconclusive="0" skipped="0" asserts="0">
    <properties>
      <property name="platform" value="PlayMode" />
    </properties>
    <test-suite type="Assembly" id="1473" name="CheddarAndCocoa.Tests.PlayMode.dll" fullname="/Users/kchapman/Weeniegame/unity/CheddarAndCocoa/Library/ScriptAssemblies/CheddarAndCocoa.Tests.PlayMode.dll" runstate="Runnable" testcasecount="398" result="Passed" start-time="2026-07-01 13:03:16Z" end-time="2026-07-01 13:03:16Z" duration="0.190895" total="1" passed="1" failed="0" inconclusive="0" skipped="0" asserts="0">
      <properties>
        <property name="_PID" value="96411" />
        <property name="_APPDOMAIN" value="Unity Child Domain" />
        <property name="platform" value="PlayMode" />
        <property name="EditorOnly" value="False" />
      </properties>
      <test-suite type="TestSuite" id="1474" name="CheddarAndCocoa" fullname="CheddarAndCocoa" runstate="Runnable" testcasecount="398" result="Passed" start-time="2026-07-01 13:03:16Z" end-time="2026-07-01 13:03:16Z" duration="0.186618" total="1" passed="1" failed="0" inconclusive="0" skipped="0" asserts="0">
        <properties />
        <test-suite type="TestSuite" id="1477" name="Tests" fullname="CheddarAndCocoa.Tests" runstate="Runnable" testcasecount="396" result="Passed" start-time="2026-07-01 13:03:16Z" end-time="2026-07-01 13:03:16Z" duration="0.182571" total="1" passed="1" failed="0" inconclusive="0" skipped="0" asserts="0">
          <properties />
          <test-suite type="TestFixture" id="1337" name="FinalArtIntegrationPlayModeTests" fullname="CheddarAndCocoa.Tests.FinalArtIntegrationPlayModeTests" classname="CheddarAndCocoa.Tests.FinalArtIntegrationPlayModeTests" runstate="Runnable" testcasecount="8" result="Passed" start-time="2026-07-01 13:03:16Z" end-time="2026-07-01 13:03:16Z" duration="0.176144" total="1" passed="1" failed="0" inconclusive="0" skipped="0" asserts="0">
            <properties />
            <test-case id="1338" name="ArenaFinal_RequiredResourcesLoadAndMissingResourcesStayOptional" fullname="CheddarAndCocoa.Tests.FinalArtIntegrationPlayModeTests.ArenaFinal_RequiredResourcesLoadAndMissingResourcesStayOptional" methodname="ArenaFinal_RequiredResourcesLoadAndMissingResourcesStayOptional" classname="CheddarAndCocoa.Tests.FinalArtIntegrationPlayModeTests" runstate="Runnable" seed="1066666851" result="Passed" start-time="2026-07-01 13:03:16Z" end-time="2026-07-01 13:03:16Z" duration="0.170494" asserts="0">
              <properties>
                <property name="retryIteration" value="0" />
                <property name="repeatIteration" value="0" />
              </properties>
              <output><![CDATA[Saving results to: /Users/kchapman/Weeniegame/unity/test-results/backyard-rescue-p0-final-art-results.xml
]]></output>
            </test-case>
          </test-suite>
        </test-suite>
      </test-suite>
    </test-suite>
  </test-suite>
</test-run>