<?xml version="1.0" encoding="utf-8"?>
<test-run id="2" testcasecount="393" result="Passed" total="393" passed="393" failed="0" inconclusive="0" skipped="0" asserts="0" engine-version="3.5.0.0" clr-version="4.0.30319.42000" start-time="2026-07-01 00:09:12Z" end-time="2026-07-01 00:09:41Z" duration="29.1582951">
  <test-suite type="TestSuite" id="1476" name="Cheddar and Cocoa" fullname="Cheddar and Cocoa" runstate="Runnable" testcasecount="393" result="Passed" start-time="2026-07-01 00:09:12Z" end-time="2026-07-01 00:09:41Z" duration="29.158295" total="393" passed="393" failed="0" inconclusive="0" skipped="0" asserts="0">
    <properties>
      <property name="platform" value="PlayMode" />
    </properties>
    <test-suite type="Assembly" id="1468" name="CheddarAndCocoa.Tests.PlayMode.dll" fullname="/Users/kchapman/Weeniegame/unity/CheddarAndCocoa/Library/ScriptAssemblies/CheddarAndCocoa.Tests.PlayMode.dll" runstate="Runnable" testcasecount="393" result="Passed" start-time="2026-07-01 00:09:12Z" end-time="2026-07-01 00:09:41Z" duration="29.153804" total="393" passed="393" failed="0" inconclusive="0" skipped="0" asserts="0">
      <properties>
        <property name="_PID" value="2904" />
        <property name="_APPDOMAIN" value="Unity Child Domain" />
        <property name="platform" value="PlayMode" />
        <property name="EditorOnly" value="False" />
      </properties>
      <test-suite type="TestSuite" id="1469" name="CheddarAndCocoa" fullname="CheddarAndCocoa" runstate="Runnable" testcasecount="393" result="Passed" start-time="2026-07-01 00:09:12Z" end-time="2026-07-01 00:09:41Z" duration="29.152241" total="393" passed="393" failed="0" inconclusive="0" skipped="0" asserts="0">
        <properties />
        <test-suite type="TestSuite" id="1470" name="Game" fullname="CheddarAndCocoa.Game" runstate="Runnable" testcasecount="2" result="Passed" start-time="2026-07-01 00:09:12Z" end-time="2026-07-01 00:09:12Z" duration="0.017021" total="2" passed="2" failed="0" inconclusive="0" skipped="0" asserts="0">
          <properties />
          <test-suite type="TestSuite" id="1471" name="Tests" fullname="CheddarAndCocoa.Game.Tests" runstate="Runnable" testcasecount="2" result="Passed" start-time="2026-07-01 00:09:12Z" end-time="2026-07-01 00:09:12Z" duration="0.016810" total="2" passed="2" failed="0" inconclusive="0" skipped="0" asserts="0">
            <properties />
            <test-suite type="TestFixture" id="1001" name="MissionControllerRegistryTests" fullname="CheddarAndCocoa.Game.Tests.MissionControllerRegistryTests" classname="CheddarAndCocoa.Game.Tests.MissionControllerRegistryTests" runstate="Runnable" testcasecount="2" result="Passed" start-time="2026-07-01 00:09:12Z" end-time="2026-07-01 00:09:12Z" duration="0.016300" total="2" passed="2" failed="0" inconclusive="0" skipped="0" asserts="0">
              <properties />
              <test-case id="1002" name="RegisteredMissions_HaveMatchingControllerAndDefinition" fullname="CheddarAndCocoa.Game.Tests.MissionControllerRegistryTests.RegisteredMissions_HaveMatchingControllerAndDefinition" methodname="RegisteredMissions_HaveMatchingControllerAndDefinition" classname="CheddarAndCocoa.Game.Tests.MissionControllerRegistryTests" runstate="Runnable" seed="1916700557" result="Passed" start-time="2026-07-01 00:09:12Z" end-time="2026-07-01 00:09:12Z" duration="0.011568" asserts="0">
                <properties>
                  <property name="retryIteration" value="0" />
                  <property name="repeatIteration" value="0" />
                </properties>
              </test-case>
              <test-case id="1003" name="UnmigratedMission_HasNoControllerRegistration" fullname="CheddarAndCocoa.Game.Tests.MissionControllerRegistryTests.UnmigratedMission_HasNoControllerRegistration" methodname="UnmigratedMission_HasNoControllerRegistration" classname="CheddarAndCocoa.Game.Tests.MissionControllerRegistryTests" runstate="Runnable" seed="1541555799" result="Passed" start-time="2026-07-01 00:09:12Z" end-time="2026-07-01 00:09:12Z" duration="0.000146" asserts="0">
                <properties>
                  <property name="retryIteration" value="0" />
                  <property name="repeatIteration" value="0" />
                </properties>
              </test-case>
            </test-suite>
          </test-suite>
        </test-suite>
        <test-suite type="TestSuite" id="1472" name="Tests" fullname="CheddarAndCocoa.Tests" runstate="Runnable" testcasecount="391" result="Passed" start-time="2026-07-01 00:09:12Z" end-time="2026-07-01 00:09:41Z" duration="29.133416" total="391" passed="391" failed="0" inconclusive="0" skipped="0" asserts="0">
          <properties />
          <test-suite type="TestFixture" id="1004" name="AdventureMapControllerPlayModeTests" fullname="CheddarAndCocoa.Tests.AdventureMapControllerPlayModeTests" classname="CheddarAndCocoa.Tests.AdventureMapControllerPlayModeTests" runstate="Runnable" testcasecount="5" result="Passed" start-time="2026-07-01 00:09:12Z" end-time="2026-07-01 00:09:12Z" duration="0.003431" total="5" passed="5" failed="0" inconclusive="0" skipped="0" asserts="0">
            <properties />
            <test-case id="1005" name="FreshMap_SelectsUnlockedBackyardAndQueuesMission" fullname="CheddarAndCocoa.Tests.AdventureMapControllerPlayModeTests.FreshMap_SelectsUnlockedBackyardAndQueuesMission" methodname="FreshMap_SelectsUnlockedBackyardAndQueuesMission" classname="CheddarAndCocoa.Tests.AdventureMapControllerPlayModeTests" runstate="Runnable" seed="1703813860" result="Passed" start-time="2026-07-01 00:09:12Z" end-time="2026-07-01 00:09:12Z" duration="0.001606" asserts="0">
              <properties>
                <property name="retryIteration" value="0" />
                <property name="repeatIteration" value="0" />
              </properties>
            </test-case>
            <test-case id="1009" name="LocationSelection_WrapsAndResetsMissionSelection" fullname="CheddarAndCocoa.Tests.AdventureMapControllerPlayModeTests.LocationSelection_WrapsAndResetsMissionSelection" methodname="LocationSelection_WrapsAndResetsMissionSelection" classname="CheddarAndCocoa.Tests.AdventureMapControllerPlayModeTests" runstate="Runnable" seed="1775503440" result="Passed" start-time="2026-07-01 00:09:12Z" end-time="2026-07-01 00:09:12Z" duration="0.000293" asserts="0">
              <properties>
                <property name="retryIteration" value="0" />
                <property name="repeatIteration" value="0" />
              </properties>
            </test-case>
            <test-case id="1006" name="LockedLocation_DoesNotQueueMissionLaunch" fullname="CheddarAndCocoa.Tests.AdventureMapControllerPlayModeTests.LockedLocation_DoesNotQueueMissionLaunch" methodname="LockedLocation_DoesNotQueueMissionLaunch" classname="CheddarAndCocoa.Tests.AdventureMapControllerPlayModeTests" runstate="Runnable" seed="1574899774" result="Passed" start-time="2026-07-01 00:09:12Z" end-time="2026-07-01 00:09:12Z" duration="0.000070" asserts="0">
              <properties>
                <property name="retryIteration" value="0" />
                <property name="repeatIteration" value="0" />
              </properties>
            </test-case>
            <test-case id="1008" name="MissionRows_ShowBestProgressFromSave" fullname="CheddarAndCocoa.Tests.AdventureMapControllerPlayModeTests.MissionRows_ShowBestProgressFromSave" methodname="MissionRows_ShowBestProgressFromSave" classname="CheddarAndCocoa.Tests.AdventureMapControllerPlayModeTests" runstate="Runnable" seed="908942178" result="Passed" start-time="2026-07-01 00:09:12Z" end-time="2026-07-01 00:09:12Z" duration="0.000537" asserts="0">
              <properties>
                <property name="retryIteration" value="0" />
                <property name="repeatIteration" value="0" />
              </properties>
            </test-case>
            <test-case id="1007" name="UnlockedLocation_QueuesSelectedMission" fullname="CheddarAndCocoa.Tests.AdventureMapControllerPlayModeTests.UnlockedLocation_QueuesSelectedMission" methodname="UnlockedLocation_QueuesSelectedMission" classname="CheddarAndCocoa.Tests.AdventureMapControllerPlayModeTests" runstate="Runnable" seed="1368606147" result="Passed" start-time="2026-07-01 00:09:12Z" end-time="2026-07-01 00:09:12Z" duration="0.000123" asserts="0">
              <properties>
                <property name="retryIteration" value="0" />
                <property name="repeatIteration" value="0" />
              </properties>
            </test-case>
          </test-suite>
          <test-suite type="TestFixture" id="1010" name="AdventureProgressionPlayModeTests" fullname="CheddarAndCocoa.Tests.AdventureProgressionPlayModeTests" classname="CheddarAndCocoa.Tests.AdventureProgressionPlayModeTests" runstate="Runnable" testcasecount="6" result="Passed" start-time="2026-07-01 00:09:12Z" end-time="2026-07-01 00:09:12Z" duration="0.005581" total="6" passed="6" failed="0" inconclusive="0" skipped="0" asserts="0">
            <properties />
            <test-case id="1015" name="CorruptSave_FallsBackToFreshProgress" fullname="CheddarAndCocoa.Tests.AdventureProgressionPlayModeTests.CorruptSave_FallsBackToFreshProgress" methodname="CorruptSave_FallsBackToFreshProgress" classname="CheddarAndCocoa.Tests.AdventureProgressionPlayModeTests" runstate="Runnable" seed="780688828" result="Passed" start-time="2026-07-01 00:09:12Z" end-time="2026-07-01 00:09:12Z" duration="0.002708" asserts="0">
              <properties>
                <property name="retryIteration" value="0" />
                <property name="repeatIteration" value="0" />
              </properties>
              <output><![CDATA[Adventure progress save could not be read. Starting fresh. JSON parse error: Invalid value.
]]></output>
            </test-case>
            <test-case id="1016" name="EighteenStars_UnlocksNeighborhoodPark" fullname="CheddarAndCocoa.Tests.AdventureProgressionPlayModeTests.EighteenStars_UnlocksNeighborhoodPark" methodname="EighteenStars_UnlocksNeighborhoodPark" classname="CheddarAndCocoa.Tests.AdventureProgressionPlayModeTests" runstate="Runnable" seed="1626935353" result="Passed" start-time="2026-07-01 00:09:12Z" end-time="2026-07-01 00:09:12Z" duration="0.000076" asserts="0">
              <properties>
                <property name="retryIteration" value="0" />
                <property name="repeatIteration" value="0" />
              </properties>
            </test-case>
            <test-case id="1011" name="FreshProgress_StartsWithOnlyBackyardUnlocked" fullname="CheddarAndCocoa.Tests.AdventureProgressionPlayModeTests.FreshProgress_StartsWithOnlyBackyardUnlocked" methodname="FreshProgress_StartsWithOnlyBackyardUnlocked" classname="CheddarAndCocoa.Tests.AdventureProgressionPlayModeTests" runstate="Runnable" seed="784811908" result="Passed" start-time="2026-07-01 00:09:12Z" end-time="2026-07-01 00:09:12Z" duration="0.001219" asserts="0">
              <properties>
                <property name="retryIteration" value="0" />
                <property name="repeatIteration" value="0" />
              </properties>
            </test-case>
            <test-case id="1012" name="RecordingMissionResult_StoresBestAndUnlocksByStars" fullname="CheddarAndCocoa.Tests.AdventureProgressionPlayModeTests.RecordingMissionResult_StoresBestAndUnlocksByStars" methodname="RecordingMissionResult_StoresBestAndUnlocksByStars" classname="CheddarAndCocoa.Tests.AdventureProgressionPlayModeTests" runstate="Runnable" seed="1259966291" result="Passed" start-time="2026-07-01 00:09:12Z" end-time="2026-07-01 00:09:12Z" duration="0.000091" asserts="0">
              <properties>
                <property name="retryIteration" value="0" />
                <property name="repeatIteration" value="0" />
              </properties>
            </test-case>
            <test-case id="1014" name="SaveLoad_RoundTripsMissionProgressAndUnlocks" fullname="CheddarAndCocoa.Tests.AdventureProgressionPlayModeTests.SaveLoad_RoundTripsMissionProgressAndUnlocks" methodname="SaveLoad_RoundTripsMissionProgressAndUnlocks" classname="CheddarAndCocoa.Tests.AdventureProgressionPlayModeTests" runstate="Runnable" seed="331141059" result="Passed" start-time="2026-07-01 00:09:12Z" end-time="2026-07-01 00:09:12Z" duration="0.000823" asserts="0">
              <properties>
                <property name="retryIteration" value="0" />
                <property name="repeatIteration" value="0" />
              </properties>
            </test-case>
            <test-case id="1013" name="WeakerReplay_DoesNotLowerBestResult" fullname="CheddarAndCocoa.Tests.AdventureProgressionPlayModeTests.WeakerReplay_DoesNotLowerBestResult" methodname="WeakerReplay_DoesNotLowerBestResult" classname="CheddarAndCocoa.Tests.AdventureProgressionPlayModeTests" runstate="Runnable" seed="563638414" result="Passed" start-time="2026-07-01 00:09:12Z" end-time="2026-07-01 00:09:12Z" duration="0.000082" asserts="0">
              <properties>
                <property name="retryIteration" value="0" />
                <property name="repeatIteration" value="0" />
              </properties>
            </test-case>
          </test-suite>
          <test-suite type="TestFixture" id="1017" name="AllMissionsSmokePlayModeTests" fullname="CheddarAndCocoa.Tests.AllMissionsSmokePlayModeTests" classname="CheddarAndCocoa.Tests.AllMissionsSmokePlayModeTests" runstate="Runnable" testcasecount="2" result="Passed" start-time="2026-07-01 00:09:12Z" end-time="2026-07-01 00:09:12Z" duration="0.407221" total="2" passed="2" failed="0" inconclusive="0" skipped="0" asserts="0">
            <properties />
            <test-case id="1019" name="EveryMission_ReplaysCleanlyFromTheEndScreen" fullname="CheddarAndCocoa.Tests.AllMissionsSmokePlayModeTests.EveryMission_ReplaysCleanlyFromTheEndScreen" methodname="EveryMission_ReplaysCleanlyFromTheEndScreen" classname="CheddarAndCocoa.Tests.AllMissionsSmokePlayModeTests" runstate="Runnable" seed="2055237685" result="Passed" start-time="2026-07-01 00:09:12Z" end-time="2026-07-01 00:09:12Z" duration="0.341971" asserts="0">
              <properties>
                <property name="_JOINTYPE" value="UnityCombinatorial" />
                <property name="retryIteration" value="0" />
                <property name="repeatIteration" value="0" />
              </properties>
            </test-case>
            <test-case id="1018" name="EveryMission_StartsIntoAPlayableRound" fullname="CheddarAndCocoa.Tests.AllMissionsSmokePlayModeTests.EveryMission_StartsIntoAPlayableRound" methodname="EveryMission_StartsIntoAPlayableRound" classname="CheddarAndCocoa.Tests.AllMissionsSmokePlayModeTests" runstate="Runnable" seed="687355925" result="Passed" start-time="2026-07-01 00:09:12Z" end-time="2026-07-01 00:09:12Z" duration="0.064739" asserts="0">
              <properties>
                <property name="_JOINTYPE" value="UnityCombinatorial" />
                <property name="retryIteration" value="0" />
                <property name="repeatIteration" value="0" />
              </properties>
            </test-case>
          </test-suite>
          <test-suite type="TestFixture" id="1020" name="ArenaGameLoopPlayModeTests" fullname="CheddarAndCocoa.Tests.ArenaGameLoopPlayModeTests" classname="CheddarAndCocoa.Tests.ArenaGameLoopPlayModeTests" runstate="Runnable" testcasecount="14" result="Passed" start-time="2026-07-01 00:09:12Z" end-time="2026-07-01 00:09:20Z" duration="8.219298" total="14" passed="14" failed="0" inconclusive="0" skipped="0" asserts="0">
            <properties />
            <test-case id="1022" name="ArenaArtCatalog_DefinesReplaceableVisualSlots" fullname="CheddarAndCocoa.Tests.ArenaGameLoopPlayModeTests.ArenaArtCatalog_DefinesReplaceableVisualSlots" methodname="ArenaArtCatalog_DefinesReplaceableVisualSlots" classname="CheddarAndCocoa.Tests.ArenaGameLoopPlayModeTests" runstate="Runnable" seed="1712400362" result="Passed" start-time="2026-07-01 00:09:12Z" end-time="2026-07-01 00:09:12Z" duration="0.016507" asserts="0">
              <properties>
                <property name="retryIteration" value="0" />
                <property name="repeatIteration" value="0" />
              </properties>
            </test-case>
            <test-case id="1027" name="ArenaFeedback_AudioAndRumbleRequests_AreEventDrivenAndToggleable" fullname="CheddarAndCocoa.Tests.ArenaGameLoopPlayModeTests.ArenaFeedback_AudioAndRumbleRequests_AreEventDrivenAndToggleable" methodname="ArenaFeedback_AudioAndRumbleRequests_AreEventDrivenAndToggleable" classname="CheddarAndCocoa.Tests.ArenaGameLoopPlayModeTests" runstate="Runnable" seed="1192644017" result="Passed" start-time="2026-07-01 00:09:12Z" end-time="2026-07-01 00:09:12Z" duration="0.071387" asserts="0">
              <properties>
                <property name="_JOINTYPE" value="UnityCombinatorial" />
                <property name="retryIteration" value="0" />
                <property name="repeatIteration" value="0" />
              </properties>
              <output><![CDATA[[Cheddar] WOOF!
[Cheddar] WOOF!
[Cocoa] WOOF!
[Cheddar] WOOF!
[Cheddar] WOOF!
]]></output>
            </test-case>
            <test-case id="1023" name="ArenaFeedbackCatalog_DefinesReplaceableAudioCueSlots" fullname="CheddarAndCocoa.Tests.ArenaGameLoopPlayModeTests.ArenaFeedbackCatalog_DefinesReplaceableAudioCueSlots" methodname="ArenaFeedbackCatalog_DefinesReplaceableAudioCueSlots" classname="CheddarAndCocoa.Tests.ArenaGameLoopPlayModeTests" runstate="Runnable" seed="45949951" result="Passed" start-time="2026-07-01 00:09:12Z" end-time="2026-07-01 00:09:12Z" duration="0.000575" asserts="0">
              <properties>
                <property name="retryIteration" value="0" />
                <property name="repeatIteration" value="0" />
              </properties>
            </test-case>
            <test-case id="1024" name="ArenaMovementCameraAndRangeFeel_AreConfigured_AndStateDriven" fullname="CheddarAndCocoa.Tests.ArenaGameLoopPlayModeTests.ArenaMovementCameraAndRangeFeel_AreConfigured_AndStateDriven" methodname="ArenaMovementCameraAndRangeFeel_AreConfigured_AndStateDriven" classname="CheddarAndCocoa.Tests.ArenaGameLoopPlayModeTests" runstate="Runnable" seed="1157310760" result="Passed" start-time="2026-07-01 00:09:12Z" end-time="2026-07-01 00:09:13Z" duration="0.834702" asserts="0">
              <properties>
                <property name="_JOINTYPE" value="UnityCombinatorial" />
                <property name="retryIteration" value="0" />
                <property name="repeatIteration" value="0" />
              </properties>
            </test-case>
            <test-case id="1021" name="ArenaTuningDefaults_AreCentralized_AndKeepMissionBalanceInRange" fullname="CheddarAndCocoa.Tests.ArenaGameLoopPlayModeTests.ArenaTuningDefaults_AreCentralized_AndKeepMissionBalanceInRange" methodname="ArenaTuningDefaults_AreCentralized_AndKeepMissionBalanceInRange" classname="CheddarAndCocoa.Tests.ArenaGameLoopPlayModeTests" runstate="Runnable" seed="121775907" result="Passed" start-time="2026-07-01 00:09:13Z" end-time="2026-07-01 00:09:13Z" duration="0.000696" asserts="0">
              <properties>
                <property name="retryIteration" value="0" />
                <property name="repeatIteration" value="0" />
              </properties>
            </test-case>
            <test-case id="1025" name="BackyardMission_Objectives_Hazards_Tug_Clear_AndRestart" fullname="CheddarAndCocoa.Tests.ArenaGameLoopPlayModeTests.BackyardMission_Objectives_Hazards_Tug_Clear_AndRestart" methodname="BackyardMission_Objectives_Hazards_Tug_Clear_AndRestart" classname="CheddarAndCocoa.Tests.ArenaGameLoopPlayModeTests" runstate="Runnable" seed="1127603814" result="Passed" start-time="2026-07-01 00:09:13Z" end-time="2026-07-01 00:09:18Z" duration="5.420239" asserts="0">
              <properties>
                <property name="_JOINTYPE" value="UnityCombinatorial" />
                <property name="retryIteration" value="0" />
                <property name="repeatIteration" value="0" />
              </properties>
              <output><![CDATA[[Cheddar] WOOF!
[Cheddar] WOOF!
[Cocoa] WOOF!
[Cheddar] WOOF!
[Cocoa] WOOF!
[Cheddar] WOOF!
[Cheddar] WOOF!
[Cocoa] WOOF!
[Cheddar] WOOF!
[Cocoa] WOOF!
[Cheddar] WOOF!
[Cocoa] WOOF!
]]></output>
            </test-case>
            <test-case id="1030" name="DemoRegression_ColdStartFlowDogsCameraOverlay_StayReachable" fullname="CheddarAndCocoa.Tests.ArenaGameLoopPlayModeTests.DemoRegression_ColdStartFlowDogsCameraOverlay_StayReachable" methodname="DemoRegression_ColdStartFlowDogsCameraOverlay_StayReachable" classname="CheddarAndCocoa.Tests.ArenaGameLoopPlayModeTests" runstate="Runnable" seed="868622780" result="Passed" start-time="2026-07-01 00:09:18Z" end-time="2026-07-01 00:09:18Z" duration="0.041728" asserts="0">
              <properties>
                <property name="_JOINTYPE" value="UnityCombinatorial" />
                <property name="retryIteration" value="0" />
                <property name="repeatIteration" value="0" />
              </properties>
            </test-case>
            <test-case id="1029" name="MissionFlow_Select_StartsEveryMission_AndEndActionsNavigate" fullname="CheddarAndCocoa.Tests.ArenaGameLoopPlayModeTests.MissionFlow_Select_StartsEveryMission_AndEndActionsNavigate" methodname="MissionFlow_Select_StartsEveryMission_AndEndActionsNavigate" classname="CheddarAndCocoa.Tests.ArenaGameLoopPlayModeTests" runstate="Runnable" seed="1946380576" result="Passed" start-time="2026-07-01 00:09:18Z" end-time="2026-07-01 00:09:19Z" duration="0.038124" asserts="0">
              <properties>
                <property name="_JOINTYPE" value="UnityCombinatorial" />
                <property name="retryIteration" value="0" />
                <property name="repeatIteration" value="0" />
              </properties>
            </test-case>
            <test-case id="1031" name="MissionFlow_SessionTotals_UpdateAcrossTwoMissions" fullname="CheddarAndCocoa.Tests.ArenaGameLoopPlayModeTests.MissionFlow_SessionTotals_UpdateAcrossTwoMissions" methodname="MissionFlow_SessionTotals_UpdateAcrossTwoMissions" classname="CheddarAndCocoa.Tests.ArenaGameLoopPlayModeTests" runstate="Runnable" seed="1843244416" result="Passed" start-time="2026-07-01 00:09:19Z" end-time="2026-07-01 00:09:19Z" duration="0.044208" asserts="0">
              <properties>
                <property name="_JOINTYPE" value="UnityCombinatorial" />
                <property name="retryIteration" value="0" />
                <property name="repeatIteration" value="0" />
              </properties>
            </test-case>
            <test-case id="1028" name="Pause_DisablesPlay_AndAlwaysRestoresTimeScale" fullname="CheddarAndCocoa.Tests.ArenaGameLoopPlayModeTests.Pause_DisablesPlay_AndAlwaysRestoresTimeScale" methodname="Pause_DisablesPlay_AndAlwaysRestoresTimeScale" classname="CheddarAndCocoa.Tests.ArenaGameLoopPlayModeTests" runstate="Runnable" seed="1043081334" result="Passed" start-time="2026-07-01 00:09:19Z" end-time="2026-07-01 00:09:19Z" duration="0.034690" asserts="0">
              <properties>
                <property name="_JOINTYPE" value="UnityCombinatorial" />
                <property name="retryIteration" value="0" />
                <property name="repeatIteration" value="0" />
              </properties>
            </test-case>
            <test-case id="1026" name="PlaytestOverlay_Toggles_AndEventLogCapturesFlowEvents" fullname="CheddarAndCocoa.Tests.ArenaGameLoopPlayModeTests.PlaytestOverlay_Toggles_AndEventLogCapturesFlowEvents" methodname="PlaytestOverlay_Toggles_AndEventLogCapturesFlowEvents" classname="CheddarAndCocoa.Tests.ArenaGameLoopPlayModeTests" runstate="Runnable" seed="1983584333" result="Passed" start-time="2026-07-01 00:09:19Z" end-time="2026-07-01 00:09:19Z" duration="0.080423" asserts="0">
              <properties>
                <property name="_JOINTYPE" value="UnityCombinatorial" />
                <property name="retryIteration" value="0" />
                <property name="repeatIteration" value="0" />
              </properties>
              <output><![CDATA[[Cheddar] WOOF!
[Cheddar] interact (grab placeholder)
]]></output>
            </test-case>
            <test-case id="1032" name="SnackHeist_Initializes_Scores_Clears_Fails_AndReplays" fullname="CheddarAndCocoa.Tests.ArenaGameLoopPlayModeTests.SnackHeist_Initializes_Scores_Clears_Fails_AndReplays" methodname="SnackHeist_Initializes_Scores_Clears_Fails_AndReplays" classname="CheddarAndCocoa.Tests.ArenaGameLoopPlayModeTests" runstate="Runnable" seed="1136509638" result="Passed" start-time="2026-07-01 00:09:19Z" end-time="2026-07-01 00:09:19Z" duration="0.038864" asserts="0">
              <properties>
                <property name="_JOINTYPE" value="UnityCombinatorial" />
                <property name="retryIteration" value="0" />
                <property name="repeatIteration" value="0" />
              </properties>
            </test-case>
            <test-case id="1033" name="SockPanic_Initializes_Scores_Clears_Fails_AndReplays" fullname="CheddarAndCocoa.Tests.ArenaGameLoopPlayModeTests.SockPanic_Initializes_Scores_Clears_Fails_AndReplays" methodname="SockPanic_Initializes_Scores_Clears_Fails_AndReplays" classname="CheddarAndCocoa.Tests.ArenaGameLoopPlayModeTests" runstate="Runnable" seed="230600043" result="Passed" start-time="2026-07-01 00:09:19Z" end-time="2026-07-01 00:09:19Z" duration="0.056829" asserts="0">
              <properties>
                <property name="_JOINTYPE" value="UnityCombinatorial" />
                <property name="retryIteration" value="0" />
                <property name="repeatIteration" value="0" />
              </properties>
            </test-case>
            <test-case id="1034" name="ThreatActors_AreOnScreenAndReadable_NotOffscreenSpinningBlobs" fullname="CheddarAndCocoa.Tests.ArenaGameLoopPlayModeTests.ThreatActors_AreOnScreenAndReadable_NotOffscreenSpinningBlobs" methodname="ThreatActors_AreOnScreenAndReadable_NotOffscreenSpinningBlobs" classname="CheddarAndCocoa.Tests.ArenaGameLoopPlayModeTests" runstate="Runnable" seed="1694397902" result="Passed" start-time="2026-07-01 00:09:19Z" end-time="2026-07-01 00:09:20Z" duration="1.538477" asserts="0">
              <properties>
                <property name="_JOINTYPE" value="UnityCombinatorial" />
                <property name="retryIteration" value="0" />
                <property name="repeatIteration" value="0" />
              </properties>
            </test-case>
          </test-suite>
          <test-suite type="TestFixture" id="1035" name="BackyardArtEnhancerScenePlayModeTests" fullname="CheddarAndCocoa.Tests.BackyardArtEnhancerScenePlayModeTests" classname="CheddarAndCocoa.Tests.BackyardArtEnhancerScenePlayModeTests" runstate="Runnable" testcasecount="4" result="Passed" start-time="2026-07-01 00:09:20Z" end-time="2026-07-01 00:09:20Z" duration="0.185864" total="4" passed="4" failed="0" inconclusive="0" skipped="0" asserts="0">
            <properties />
            <test-case id="1039" name="ArenaWowSetDressing_InstallsAnimatedDetailsForEveryMission" fullname="CheddarAndCocoa.Tests.BackyardArtEnhancerScenePlayModeTests.ArenaWowSetDressing_InstallsAnimatedDetailsForEveryMission" methodname="ArenaWowSetDressing_InstallsAnimatedDetailsForEveryMission" classname="CheddarAndCocoa.Tests.BackyardArtEnhancerScenePlayModeTests" runstate="Runnable" seed="1412966818" result="Passed" start-time="2026-07-01 00:09:20Z" end-time="2026-07-01 00:09:20Z" duration="0.062940" asserts="0">
              <properties>
                <property name="_JOINTYPE" value="UnityCombinatorial" />
                <property name="retryIteration" value="0" />
                <property name="repeatIteration" value="0" />
              </properties>
            </test-case>
            <test-case id="1036" name="BackyardArtEnhancer_InstallsWithoutBlockingArenaStart" fullname="CheddarAndCocoa.Tests.BackyardArtEnhancerScenePlayModeTests.BackyardArtEnhancer_InstallsWithoutBlockingArenaStart" methodname="BackyardArtEnhancer_InstallsWithoutBlockingArenaStart" classname="CheddarAndCocoa.Tests.BackyardArtEnhancerScenePlayModeTests" runstate="Runnable" seed="823993776" result="Passed" start-time="2026-07-01 00:09:20Z" end-time="2026-07-01 00:09:20Z" duration="0.033359" asserts="0">
              <properties>
                <property name="_JOINTYPE" value="UnityCombinatorial" />
                <property name="retryIteration" value="0" />
                <property name="repeatIteration" value="0" />
              </properties>
            </test-case>
            <test-case id="1037" name="BackyardThreatPresentation_UsesQuietReferenceArtGroundShadowsAndEagleMotion" fullname="CheddarAndCocoa.Tests.BackyardArtEnhancerScenePlayModeTests.BackyardThreatPresentation_UsesQuietReferenceArtGroundShadowsAndEagleMotion" methodname="BackyardThreatPresentation_UsesQuietReferenceArtGroundShadowsAndEagleMotion" classname="CheddarAndCocoa.Tests.BackyardArtEnhancerScenePlayModeTests" runstate="Runnable" seed="1954125484" result="Passed" start-time="2026-07-01 00:09:20Z" end-time="2026-07-01 00:09:20Z" duration="0.052055" asserts="0">
              <properties>
                <property name="_JOINTYPE" value="UnityCombinatorial" />
                <property name="retryIteration" value="0" />
                <property name="repeatIteration" value="0" />
              </properties>
            </test-case>
            <test-case id="1038" name="EagleRescuePresentation_HidesSquirrelOverlayFromTalonGripMarker" fullname="CheddarAndCocoa.Tests.BackyardArtEnhancerScenePlayModeTests.EagleRescuePresentation_HidesSquirrelOverlayFromTalonGripMarker" methodname="EagleRescuePresentation_HidesSquirrelOverlayFromTalonGripMarker" classname="CheddarAndCocoa.Tests.BackyardArtEnhancerScenePlayModeTests" runstate="Runnable" seed="1259585674" result="Passed" start-time="2026-07-01 00:09:20Z" end-time="2026-07-01 00:09:20Z" duration="0.036646" asserts="0">
              <properties>
                <property name="_JOINTYPE" value="UnityCombinatorial" />
                <property name="retryIteration" value="0" />
                <property name="repeatIteration" value="0" />
              </properties>
            </test-case>
          </test-suite>
          <test-suite type="TestFixture" id="1040" name="BackyardArtIntegrationPlayModeTests" fullname="CheddarAndCocoa.Tests.BackyardArtIntegrationPlayModeTests" classname="CheddarAndCocoa.Tests.BackyardArtIntegrationPlayModeTests" runstate="Runnable" testcasecount="8" result="Passed" start-time="2026-07-01 00:09:20Z" end-time="2026-07-01 00:09:20Z" duration="0.002340" total="8" passed="8" failed="0" inconclusive="0" skipped="0" asserts="0">
            <properties />
            <test-case id="1046" name="ArtSpriteOverlay_CanSwapRuntimeSprite" fullname="CheddarAndCocoa.Tests.BackyardArtIntegrationPlayModeTests.ArtSpriteOverlay_CanSwapRuntimeSprite" methodname="ArtSpriteOverlay_CanSwapRuntimeSprite" classname="CheddarAndCocoa.Tests.BackyardArtIntegrationPlayModeTests" runstate="Runnable" seed="2131924573" result="Passed" start-time="2026-07-01 00:09:20Z" end-time="2026-07-01 00:09:20Z" duration="0.000265" asserts="0">
              <properties>
                <property name="retryIteration" value="0" />
                <property name="repeatIteration" value="0" />
              </properties>
            </test-case>
            <test-case id="1045" name="ArtSpriteOverlay_WithGeneratedSprite_ReportsRuntimeSprite" fullname="CheddarAndCocoa.Tests.BackyardArtIntegrationPlayModeTests.ArtSpriteOverlay_WithGeneratedSprite_ReportsRuntimeSprite" methodname="ArtSpriteOverlay_WithGeneratedSprite_ReportsRuntimeSprite" classname="CheddarAndCocoa.Tests.BackyardArtIntegrationPlayModeTests" runstate="Runnable" seed="1220962918" result="Passed" start-time="2026-07-01 00:09:20Z" end-time="2026-07-01 00:09:20Z" duration="0.000117" asserts="0">
              <properties>
                <property name="retryIteration" value="0" />
                <property name="repeatIteration" value="0" />
              </properties>
            </test-case>
            <test-case id="1044" name="ArtSpriteOverlay_WithNullSprite_DoesNotBreakFallbackObject" fullname="CheddarAndCocoa.Tests.BackyardArtIntegrationPlayModeTests.ArtSpriteOverlay_WithNullSprite_DoesNotBreakFallbackObject" methodname="ArtSpriteOverlay_WithNullSprite_DoesNotBreakFallbackObject" classname="CheddarAndCocoa.Tests.BackyardArtIntegrationPlayModeTests" runstate="Runnable" seed="1649899748" result="Passed" start-time="2026-07-01 00:09:20Z" end-time="2026-07-01 00:09:20Z" duration="0.000142" asserts="0">
              <properties>
                <property name="retryIteration" value="0" />
                <property name="repeatIteration" value="0" />
              </properties>
            </test-case>
            <test-case id="1047" name="BackyardArtVfxPulse_MissingDraftSprite_ReturnsNullSafely" fullname="CheddarAndCocoa.Tests.BackyardArtIntegrationPlayModeTests.BackyardArtVfxPulse_MissingDraftSprite_ReturnsNullSafely" methodname="BackyardArtVfxPulse_MissingDraftSprite_ReturnsNullSafely" classname="CheddarAndCocoa.Tests.BackyardArtIntegrationPlayModeTests" runstate="Runnable" seed="818531036" result="Passed" start-time="2026-07-01 00:09:20Z" end-time="2026-07-01 00:09:20Z" duration="0.000430" asserts="0">
              <properties>
                <property name="retryIteration" value="0" />
                <property name="repeatIteration" value="0" />
              </properties>
            </test-case>
            <test-case id="1048" name="DynamicTreatArtEnhancer_NoFinalArtStillScansSafely" fullname="CheddarAndCocoa.Tests.BackyardArtIntegrationPlayModeTests.DynamicTreatArtEnhancer_NoFinalArtStillScansSafely" methodname="DynamicTreatArtEnhancer_NoFinalArtStillScansSafely" classname="CheddarAndCocoa.Tests.BackyardArtIntegrationPlayModeTests" runstate="Runnable" seed="1772000421" result="Passed" start-time="2026-07-01 00:09:20Z" end-time="2026-07-01 00:09:20Z" duration="0.000195" asserts="0">
              <properties>
                <property name="retryIteration" value="0" />
                <property name="repeatIteration" value="0" />
              </properties>
            </test-case>
            <test-case id="1043" name="FinalDogPoseArt_ProvidesStableCheddarCocoaPosePaths" fullname="CheddarAndCocoa.Tests.BackyardArtIntegrationPlayModeTests.FinalDogPoseArt_ProvidesStableCheddarCocoaPosePaths" methodname="FinalDogPoseArt_ProvidesStableCheddarCocoaPosePaths" classname="CheddarAndCocoa.Tests.BackyardArtIntegrationPlayModeTests" runstate="Runnable" seed="944701457" result="Passed" start-time="2026-07-01 00:09:20Z" end-time="2026-07-01 00:09:20Z" duration="0.000141" asserts="0">
              <properties>
                <property name="retryIteration" value="0" />
                <property name="repeatIteration" value="0" />
              </properties>
            </test-case>
            <test-case id="1042" name="FinalGameplayArt_ProvidesStableRuntimeResourcePaths" fullname="CheddarAndCocoa.Tests.BackyardArtIntegrationPlayModeTests.FinalGameplayArt_ProvidesStableRuntimeResourcePaths" methodname="FinalGameplayArt_ProvidesStableRuntimeResourcePaths" classname="CheddarAndCocoa.Tests.BackyardArtIntegrationPlayModeTests" runstate="Runnable" seed="1268439650" result="Passed" start-time="2026-07-01 00:09:20Z" end-time="2026-07-01 00:09:20Z" duration="0.000070" asserts="0">
              <properties>
                <property name="retryIteration" value="0" />
                <property name="repeatIteration" value="0" />
              </properties>
            </test-case>
            <test-case id="1041" name="RuntimeArtSpriteFactory_MissingOrPresentDraftArt_IsSafeToQuery" fullname="CheddarAndCocoa.Tests.BackyardArtIntegrationPlayModeTests.RuntimeArtSpriteFactory_MissingOrPresentDraftArt_IsSafeToQuery" methodname="RuntimeArtSpriteFactory_MissingOrPresentDraftArt_IsSafeToQuery" classname="CheddarAndCocoa.Tests.BackyardArtIntegrationPlayModeTests" runstate="Runnable" seed="1100996347" result="Passed" start-time="2026-07-01 00:09:20Z" end-time="2026-07-01 00:09:20Z" duration="0.000135" asserts="0">
              <properties>
                <property name="retryIteration" value="0" />
                <property name="repeatIteration" value="0" />
              </properties>
            </test-case>
          </test-suite>
          <test-suite type="TestFixture" id="1049" name="BackyardEnvironmentPlayModeTests" fullname="CheddarAndCocoa.Tests.BackyardEnvironmentPlayModeTests" classname="CheddarAndCocoa.Tests.BackyardEnvironmentPlayModeTests" runstate="Runnable" testcasecount="19" result="Passed" start-time="2026-07-01 00:09:20Z" end-time="2026-07-01 00:09:21Z" duration="0.709420" total="19" passed="19" failed="0" inconclusive="0" skipped="0" asserts="0">
            <properties />
            <test-case id="1055" name="ArenaHud_LoadsGeneratedHudSkinForMenusAndOverlays" fullname="CheddarAndCocoa.Tests.BackyardEnvironmentPlayModeTests.ArenaHud_LoadsGeneratedHudSkinForMenusAndOverlays" methodname="ArenaHud_LoadsGeneratedHudSkinForMenusAndOverlays" classname="CheddarAndCocoa.Tests.BackyardEnvironmentPlayModeTests" runstate="Runnable" seed="1646179068" result="Passed" start-time="2026-07-01 00:09:20Z" end-time="2026-07-01 00:09:21Z" duration="0.057061" asserts="0">
              <properties>
                <property name="_JOINTYPE" value="UnityCombinatorial" />
                <property name="retryIteration" value="0" />
                <property name="repeatIteration" value="0" />
              </properties>
            </test-case>
            <test-case id="1063" name="ArenaWowSetDressing_AddsShowcaseSceneryWithoutGameplayColliders" fullname="CheddarAndCocoa.Tests.BackyardEnvironmentPlayModeTests.ArenaWowSetDressing_AddsShowcaseSceneryWithoutGameplayColliders" methodname="ArenaWowSetDressing_AddsShowcaseSceneryWithoutGameplayColliders" classname="CheddarAndCocoa.Tests.BackyardEnvironmentPlayModeTests" runstate="Runnable" seed="1503954580" result="Passed" start-time="2026-07-01 00:09:21Z" end-time="2026-07-01 00:09:21Z" duration="0.030636" asserts="0">
              <properties>
                <property name="_JOINTYPE" value="UnityCombinatorial" />
                <property name="retryIteration" value="0" />
                <property name="repeatIteration" value="0" />
              </properties>
            </test-case>
            <test-case id="1064" name="BackyardEnvironment_BuildsDecorativePropsInsideLargeYard" fullname="CheddarAndCocoa.Tests.BackyardEnvironmentPlayModeTests.BackyardEnvironment_BuildsDecorativePropsInsideLargeYard" methodname="BackyardEnvironment_BuildsDecorativePropsInsideLargeYard" classname="CheddarAndCocoa.Tests.BackyardEnvironmentPlayModeTests" runstate="Runnable" seed="1523534540" result="Passed" start-time="2026-07-01 00:09:21Z" end-time="2026-07-01 00:09:21Z" duration="0.052863" asserts="0">
              <properties>
                <property name="_JOINTYPE" value="UnityCombinatorial" />
                <property name="retryIteration" value="0" />
                <property name="repeatIteration" value="0" />
              </properties>
            </test-case>
            <test-case id="1069" name="BackyardEnvironment_UsesGeneratedBuildingSpritesForHouseCluster" fullname="CheddarAndCocoa.Tests.BackyardEnvironmentPlayModeTests.BackyardEnvironment_UsesGeneratedBuildingSpritesForHouseCluster" methodname="BackyardEnvironment_UsesGeneratedBuildingSpritesForHouseCluster" classname="CheddarAndCocoa.Tests.BackyardEnvironmentPlayModeTests" runstate="Runnable" seed="474781965" result="Passed" start-time="2026-07-01 00:09:21Z" end-time="2026-07-01 00:09:21Z" duration="0.048920" asserts="0">
              <properties>
                <property name="_JOINTYPE" value="UnityCombinatorial" />
                <property name="retryIteration" value="0" />
                <property name="repeatIteration" value="0" />
              </properties>
            </test-case>
            <test-case id="1068" name="BackyardEnvironment_UsesGeneratedEnvironmentSpritesOverDistrictMarkers" fullname="CheddarAndCocoa.Tests.BackyardEnvironmentPlayModeTests.BackyardEnvironment_UsesGeneratedEnvironmentSpritesOverDistrictMarkers" methodname="BackyardEnvironment_UsesGeneratedEnvironmentSpritesOverDistrictMarkers" classname="CheddarAndCocoa.Tests.BackyardEnvironmentPlayModeTests" runstate="Runnable" seed="1697824215" result="Passed" start-time="2026-07-01 00:09:21Z" end-time="2026-07-01 00:09:21Z" duration="0.048782" asserts="0">
              <properties>
                <property name="_JOINTYPE" value="UnityCombinatorial" />
                <property name="retryIteration" value="0" />
                <property name="repeatIteration" value="0" />
              </properties>
            </test-case>
            <test-case id="1066" name="DistantObjective_EnablesVisibleTravelAssist_AndReleasesNearTarget" fullname="CheddarAndCocoa.Tests.BackyardEnvironmentPlayModeTests.DistantObjective_EnablesVisibleTravelAssist_AndReleasesNearTarget" methodname="DistantObjective_EnablesVisibleTravelAssist_AndReleasesNearTarget" classname="CheddarAndCocoa.Tests.BackyardEnvironmentPlayModeTests" runstate="Runnable" seed="1222317734" result="Passed" start-time="2026-07-01 00:09:21Z" end-time="2026-07-01 00:09:21Z" duration="0.051898" asserts="0">
              <properties>
                <property name="_JOINTYPE" value="UnityCombinatorial" />
                <property name="retryIteration" value="0" />
                <property name="repeatIteration" value="0" />
              </properties>
            </test-case>
            <test-case id="1059" name="DogIdentityPoseLabels_AreDebugTextNotProductionOverlays" fullname="CheddarAndCocoa.Tests.BackyardEnvironmentPlayModeTests.DogIdentityPoseLabels_AreDebugTextNotProductionOverlays" methodname="DogIdentityPoseLabels_AreDebugTextNotProductionOverlays" classname="CheddarAndCocoa.Tests.BackyardEnvironmentPlayModeTests" runstate="Runnable" seed="1300646014" result="Passed" start-time="2026-07-01 00:09:21Z" end-time="2026-07-01 00:09:21Z" duration="0.032035" asserts="0">
              <properties>
                <property name="_JOINTYPE" value="UnityCombinatorial" />
                <property name="retryIteration" value="0" />
                <property name="repeatIteration" value="0" />
              </properties>
            </test-case>
            <test-case id="1065" name="EveryMission_StagesDogsWithinAReasonableFirstObjectiveWalk" fullname="CheddarAndCocoa.Tests.BackyardEnvironmentPlayModeTests.EveryMission_StagesDogsWithinAReasonableFirstObjectiveWalk" methodname="EveryMission_StagesDogsWithinAReasonableFirstObjectiveWalk" classname="CheddarAndCocoa.Tests.BackyardEnvironmentPlayModeTests" runstate="Runnable" seed="1954490863" result="Passed" start-time="2026-07-01 00:09:21Z" end-time="2026-07-01 00:09:21Z" duration="0.081087" asserts="0">
              <properties>
                <property name="_JOINTYPE" value="UnityCombinatorial" />
                <property name="retryIteration" value="0" />
                <property name="repeatIteration" value="0" />
              </properties>
            </test-case>
            <test-suite type="ParameterizedMethod" id="1053" name="HudPanels_StayInsideViewport" fullname="CheddarAndCocoa.Tests.BackyardEnvironmentPlayModeTests.HudPanels_StayInsideViewport" classname="CheddarAndCocoa.Tests.BackyardEnvironmentPlayModeTests" runstate="Runnable" testcasecount="3" result="Passed" start-time="2026-07-01 00:09:21Z" end-time="2026-07-01 00:09:21Z" duration="0.000860" total="3" passed="3" failed="0" inconclusive="0" skipped="0" asserts="0">
              <properties />
              <test-case id="1050" name="HudPanels_StayInsideViewport(480.0f,480.0f,640.0f,296.0f)" fullname="CheddarAndCocoa.Tests.BackyardEnvironmentPlayModeTests.HudPanels_StayInsideViewport(480.0f,480.0f,640.0f,296.0f)" methodname="HudPanels_StayInsideViewport" classname="CheddarAndCocoa.Tests.BackyardEnvironmentPlayModeTests" runstate="Runnable" seed="914781104" result="Passed" start-time="2026-07-01 00:09:21Z" end-time="2026-07-01 00:09:21Z" duration="0.000291" asserts="0">
                <properties>
                  <property name="retryIteration" value="0" />
                  <property name="repeatIteration" value="0" />
                </properties>
              </test-case>
              <test-case id="1051" name="HudPanels_StayInsideViewport(1024.0f,600.0f,900.0f,458.0f)" fullname="CheddarAndCocoa.Tests.BackyardEnvironmentPlayModeTests.HudPanels_StayInsideViewport(1024.0f,600.0f,900.0f,458.0f)" methodname="HudPanels_StayInsideViewport" classname="CheddarAndCocoa.Tests.BackyardEnvironmentPlayModeTests" runstate="Runnable" seed="277973327" result="Passed" start-time="2026-07-01 00:09:21Z" end-time="2026-07-01 00:09:21Z" duration="0.000021" asserts="0">
                <properties>
                  <property name="retryIteration" value="0" />
                  <property name="repeatIteration" value="0" />
                </properties>
              </test-case>
              <test-case id="1052" name="HudPanels_StayInsideViewport(2560.0f,1080.0f,680.0f,292.0f)" fullname="CheddarAndCocoa.Tests.BackyardEnvironmentPlayModeTests.HudPanels_StayInsideViewport(2560.0f,1080.0f,680.0f,292.0f)" methodname="HudPanels_StayInsideViewport" classname="CheddarAndCocoa.Tests.BackyardEnvironmentPlayModeTests" runstate="Runnable" seed="497923809" result="Passed" start-time="2026-07-01 00:09:21Z" end-time="2026-07-01 00:09:21Z" duration="0.000019" asserts="0">
                <properties>
                  <property name="retryIteration" value="0" />
                  <property name="repeatIteration" value="0" />
                </properties>
              </test-case>
            </test-suite>
            <test-case id="1060" name="InteractionRangeRings_UseIconGuidanceInProductionAndTextOnlyInDebugOverlay" fullname="CheddarAndCocoa.Tests.BackyardEnvironmentPlayModeTests.InteractionRangeRings_UseIconGuidanceInProductionAndTextOnlyInDebugOverlay" methodname="InteractionRangeRings_UseIconGuidanceInProductionAndTextOnlyInDebugOverlay" classname="CheddarAndCocoa.Tests.BackyardEnvironmentPlayModeTests" runstate="Runnable" seed="1685749150" result="Passed" start-time="2026-07-01 00:09:21Z" end-time="2026-07-01 00:09:21Z" duration="0.035563" asserts="0">
              <properties>
                <property name="_JOINTYPE" value="UnityCombinatorial" />
                <property name="retryIteration" value="0" />
                <property name="repeatIteration" value="0" />
              </properties>
            </test-case>
            <test-case id="1061" name="MissionActorStateLabels_AreContextualSupportTextUnlessDebugOverlayEnabled" fullname="CheddarAndCocoa.Tests.BackyardEnvironmentPlayModeTests.MissionActorStateLabels_AreContextualSupportTextUnlessDebugOverlayEnabled" methodname="MissionActorStateLabels_AreContextualSupportTextUnlessDebugOverlayEnabled" classname="CheddarAndCocoa.Tests.BackyardEnvironmentPlayModeTests" runstate="Runnable" seed="1488347031" result="Passed" start-time="2026-07-01 00:09:21Z" end-time="2026-07-01 00:09:21Z" duration="0.053190" asserts="0">
              <properties>
                <property name="_JOINTYPE" value="UnityCombinatorial" />
                <property name="retryIteration" value="0" />
                <property name="repeatIteration" value="0" />
              </properties>
            </test-case>
            <test-case id="1062" name="MissionPropArt_ProvidesNearbyInteractableAffordanceWithoutPermanentHighlight" fullname="CheddarAndCocoa.Tests.BackyardEnvironmentPlayModeTests.MissionPropArt_ProvidesNearbyInteractableAffordanceWithoutPermanentHighlight" methodname="MissionPropArt_ProvidesNearbyInteractableAffordanceWithoutPermanentHighlight" classname="CheddarAndCocoa.Tests.BackyardEnvironmentPlayModeTests" runstate="Runnable" seed="1366147120" result="Passed" start-time="2026-07-01 00:09:21Z" end-time="2026-07-01 00:09:21Z" duration="0.034725" asserts="0">
              <properties>
                <property name="_JOINTYPE" value="UnityCombinatorial" />
                <property name="retryIteration" value="0" />
                <property name="repeatIteration" value="0" />
              </properties>
            </test-case>
            <test-case id="1054" name="MissionSelectPanel_FitsAllMissionRowsAndReadableGoal" fullname="CheddarAndCocoa.Tests.BackyardEnvironmentPlayModeTests.MissionSelectPanel_FitsAllMissionRowsAndReadableGoal" methodname="MissionSelectPanel_FitsAllMissionRowsAndReadableGoal" classname="CheddarAndCocoa.Tests.BackyardEnvironmentPlayModeTests" runstate="Runnable" seed="1513679327" result="Passed" start-time="2026-07-01 00:09:21Z" end-time="2026-07-01 00:09:21Z" duration="0.001566" asserts="0">
              <properties>
                <property name="retryIteration" value="0" />
                <property name="repeatIteration" value="0" />
              </properties>
            </test-case>
            <test-case id="1057" name="MissionWorldLabels_AreContextualPromptsUnlessDebugOverlayEnabled" fullname="CheddarAndCocoa.Tests.BackyardEnvironmentPlayModeTests.MissionWorldLabels_AreContextualPromptsUnlessDebugOverlayEnabled" methodname="MissionWorldLabels_AreContextualPromptsUnlessDebugOverlayEnabled" classname="CheddarAndCocoa.Tests.BackyardEnvironmentPlayModeTests" runstate="Runnable" seed="1259339307" result="Passed" start-time="2026-07-01 00:09:21Z" end-time="2026-07-01 00:09:21Z" duration="0.035323" asserts="0">
              <properties>
                <property name="_JOINTYPE" value="UnityCombinatorial" />
                <property name="retryIteration" value="0" />
                <property name="repeatIteration" value="0" />
              </properties>
            </test-case>
            <test-case id="1056" name="MissionWorldLabels_UseGeneratedSkinsForLabelsAndScorePops" fullname="CheddarAndCocoa.Tests.BackyardEnvironmentPlayModeTests.MissionWorldLabels_UseGeneratedSkinsForLabelsAndScorePops" methodname="MissionWorldLabels_UseGeneratedSkinsForLabelsAndScorePops" classname="CheddarAndCocoa.Tests.BackyardEnvironmentPlayModeTests" runstate="Runnable" seed="1312431963" result="Passed" start-time="2026-07-01 00:09:21Z" end-time="2026-07-01 00:09:21Z" duration="0.057355" asserts="0">
              <properties>
                <property name="_JOINTYPE" value="UnityCombinatorial" />
                <property name="retryIteration" value="0" />
                <property name="repeatIteration" value="0" />
              </properties>
            </test-case>
            <test-case id="1058" name="ObjectiveArrows_UseIconGuidanceInProductionAndTextOnlyInDebugOverlay" fullname="CheddarAndCocoa.Tests.BackyardEnvironmentPlayModeTests.ObjectiveArrows_UseIconGuidanceInProductionAndTextOnlyInDebugOverlay" methodname="ObjectiveArrows_UseIconGuidanceInProductionAndTextOnlyInDebugOverlay" classname="CheddarAndCocoa.Tests.BackyardEnvironmentPlayModeTests" runstate="Runnable" seed="164376779" result="Passed" start-time="2026-07-01 00:09:21Z" end-time="2026-07-01 00:09:21Z" duration="0.035408" asserts="0">
              <properties>
                <property name="_JOINTYPE" value="UnityCombinatorial" />
                <property name="retryIteration" value="0" />
                <property name="repeatIteration" value="0" />
              </properties>
            </test-case>
            <test-case id="1067" name="StrategicZoom_KeepsActionWorldPopsReadable" fullname="CheddarAndCocoa.Tests.BackyardEnvironmentPlayModeTests.StrategicZoom_KeepsActionWorldPopsReadable" methodname="StrategicZoom_KeepsActionWorldPopsReadable" classname="CheddarAndCocoa.Tests.BackyardEnvironmentPlayModeTests" runstate="Runnable" seed="582685824" result="Passed" start-time="2026-07-01 00:09:21Z" end-time="2026-07-01 00:09:21Z" duration="0.049713" asserts="0">
              <properties>
                <property name="_JOINTYPE" value="UnityCombinatorial" />
                <property name="retryIteration" value="0" />
                <property name="repeatIteration" value="0" />
              </properties>
            </test-case>
          </test-suite>
          <test-suite type="TestFixture" id="1070" name="BackyardRescuePlayModeTests" fullname="CheddarAndCocoa.Tests.BackyardRescuePlayModeTests" classname="CheddarAndCocoa.Tests.BackyardRescuePlayModeTests" runstate="Runnable" testcasecount="5" result="Passed" start-time="2026-07-01 00:09:21Z" end-time="2026-07-01 00:09:23Z" duration="2.205076" total="5" passed="5" failed="0" inconclusive="0" skipped="0" asserts="0">
            <properties />
            <test-case id="1075" name="ClearPath_FoodTrapTugPredator_AllRequired" fullname="CheddarAndCocoa.Tests.BackyardRescuePlayModeTests.ClearPath_FoodTrapTugPredator_AllRequired" methodname="ClearPath_FoodTrapTugPredator_AllRequired" classname="CheddarAndCocoa.Tests.BackyardRescuePlayModeTests" runstate="Runnable" seed="1353466478" result="Passed" start-time="2026-07-01 00:09:21Z" end-time="2026-07-01 00:09:23Z" duration="2.057902" asserts="0">
              <properties>
                <property name="_JOINTYPE" value="UnityCombinatorial" />
                <property name="retryIteration" value="0" />
                <property name="repeatIteration" value="0" />
              </properties>
              <output><![CDATA[[Cheddar] WOOF!
[Cocoa] WOOF!
]]></output>
            </test-case>
            <test-case id="1074" name="Replay_ResetsAllState" fullname="CheddarAndCocoa.Tests.BackyardRescuePlayModeTests.Replay_ResetsAllState" methodname="Replay_ResetsAllState" classname="CheddarAndCocoa.Tests.BackyardRescuePlayModeTests" runstate="Runnable" seed="1534144265" result="Passed" start-time="2026-07-01 00:09:23Z" end-time="2026-07-01 00:09:23Z" duration="0.038501" asserts="0">
              <properties>
                <property name="_JOINTYPE" value="UnityCombinatorial" />
                <property name="retryIteration" value="0" />
                <property name="repeatIteration" value="0" />
              </properties>
            </test-case>
            <test-case id="1071" name="RunsThroughDedicatedController" fullname="CheddarAndCocoa.Tests.BackyardRescuePlayModeTests.RunsThroughDedicatedController" methodname="RunsThroughDedicatedController" classname="CheddarAndCocoa.Tests.BackyardRescuePlayModeTests" runstate="Runnable" seed="823557956" result="Passed" start-time="2026-07-01 00:09:23Z" end-time="2026-07-01 00:09:23Z" duration="0.033515" asserts="0">
              <properties>
                <property name="_JOINTYPE" value="UnityCombinatorial" />
                <property name="retryIteration" value="0" />
                <property name="repeatIteration" value="0" />
              </properties>
            </test-case>
            <test-case id="1073" name="SquirrelStealing_ScoresPenaltyAndTracksStolen" fullname="CheddarAndCocoa.Tests.BackyardRescuePlayModeTests.SquirrelStealing_ScoresPenaltyAndTracksStolen" methodname="SquirrelStealing_ScoresPenaltyAndTracksStolen" classname="CheddarAndCocoa.Tests.BackyardRescuePlayModeTests" runstate="Runnable" seed="190496146" result="Passed" start-time="2026-07-01 00:09:23Z" end-time="2026-07-01 00:09:23Z" duration="0.034402" asserts="0">
              <properties>
                <property name="_JOINTYPE" value="UnityCombinatorial" />
                <property name="retryIteration" value="0" />
                <property name="repeatIteration" value="0" />
              </properties>
            </test-case>
            <test-case id="1072" name="SquirrelTrap_TwoPassRoleReversal_ScoresAndCompletes" fullname="CheddarAndCocoa.Tests.BackyardRescuePlayModeTests.SquirrelTrap_TwoPassRoleReversal_ScoresAndCompletes" methodname="SquirrelTrap_TwoPassRoleReversal_ScoresAndCompletes" classname="CheddarAndCocoa.Tests.BackyardRescuePlayModeTests" runstate="Runnable" seed="1703604212" result="Passed" start-time="2026-07-01 00:09:23Z" end-time="2026-07-01 00:09:23Z" duration="0.039836" asserts="0">
              <properties>
                <property name="_JOINTYPE" value="UnityCombinatorial" />
                <property name="retryIteration" value="0" />
                <property name="repeatIteration" value="0" />
              </properties>
            </test-case>
          </test-suite>
          <test-suite type="TestFixture" id="1076" name="BackyardSquirrelTrapPlayModeTests" fullname="CheddarAndCocoa.Tests.BackyardSquirrelTrapPlayModeTests" classname="CheddarAndCocoa.Tests.BackyardSquirrelTrapPlayModeTests" runstate="Runnable" testcasecount="2" result="Passed" start-time="2026-07-01 00:09:23Z" end-time="2026-07-01 00:09:23Z" duration="0.071608" total="2" passed="2" failed="0" inconclusive="0" skipped="0" asserts="0">
            <properties />
            <test-case id="1078" name="BackyardTrap_ReplayResetsAuthoredBeat" fullname="CheddarAndCocoa.Tests.BackyardSquirrelTrapPlayModeTests.BackyardTrap_ReplayResetsAuthoredBeat" methodname="BackyardTrap_ReplayResetsAuthoredBeat" classname="CheddarAndCocoa.Tests.BackyardSquirrelTrapPlayModeTests" runstate="Runnable" seed="223473199" result="Passed" start-time="2026-07-01 00:09:23Z" end-time="2026-07-01 00:09:23Z" duration="0.035413" asserts="0">
              <properties>
                <property name="_JOINTYPE" value="UnityCombinatorial" />
                <property name="retryIteration" value="0" />
                <property name="repeatIteration" value="0" />
              </properties>
            </test-case>
            <test-case id="1077" name="BackyardTrap_RequiresGapPartnerRecovery_ThenReversesRoles" fullname="CheddarAndCocoa.Tests.BackyardSquirrelTrapPlayModeTests.BackyardTrap_RequiresGapPartnerRecovery_ThenReversesRoles" methodname="BackyardTrap_RequiresGapPartnerRecovery_ThenReversesRoles" classname="CheddarAndCocoa.Tests.BackyardSquirrelTrapPlayModeTests" runstate="Runnable" seed="1243046273" result="Passed" start-time="2026-07-01 00:09:23Z" end-time="2026-07-01 00:09:23Z" duration="0.035529" asserts="0">
              <properties>
                <property name="_JOINTYPE" value="UnityCombinatorial" />
                <property name="retryIteration" value="0" />
                <property name="repeatIteration" value="0" />
              </properties>
            </test-case>
          </test-suite>
          <test-suite type="TestFixture" id="1079" name="CarRidePlayModeTests" fullname="CheddarAndCocoa.Tests.CarRidePlayModeTests" classname="CheddarAndCocoa.Tests.CarRidePlayModeTests" runstate="Runnable" testcasecount="5" result="Passed" start-time="2026-07-01 00:09:23Z" end-time="2026-07-01 00:09:24Z" duration="0.234850" total="5" passed="5" failed="0" inconclusive="0" skipped="0" asserts="0">
            <properties />
            <test-case id="1080" name="CarRide_AppearsInMissionSelectRotation" fullname="CheddarAndCocoa.Tests.CarRidePlayModeTests.CarRide_AppearsInMissionSelectRotation" methodname="CarRide_AppearsInMissionSelectRotation" classname="CheddarAndCocoa.Tests.CarRidePlayModeTests" runstate="Runnable" seed="1218707101" result="Passed" start-time="2026-07-01 00:09:23Z" end-time="2026-07-01 00:09:24Z" duration="0.035601" asserts="0">
              <properties>
                <property name="_JOINTYPE" value="UnityCombinatorial" />
                <property name="retryIteration" value="0" />
                <property name="repeatIteration" value="0" />
              </properties>
            </test-case>
            <test-case id="1081" name="CarRide_ClearPath_SteadyEveryLurch" fullname="CheddarAndCocoa.Tests.CarRidePlayModeTests.CarRide_ClearPath_SteadyEveryLurch" methodname="CarRide_ClearPath_SteadyEveryLurch" classname="CheddarAndCocoa.Tests.CarRidePlayModeTests" runstate="Runnable" seed="1264550549" result="Passed" start-time="2026-07-01 00:09:24Z" end-time="2026-07-01 00:09:24Z" duration="0.060118" asserts="0">
              <properties>
                <property name="_JOINTYPE" value="UnityCombinatorial" />
                <property name="retryIteration" value="0" />
                <property name="repeatIteration" value="0" />
              </properties>
            </test-case>
            <test-case id="1082" name="CarRide_FailPath_TooManySpills" fullname="CheddarAndCocoa.Tests.CarRidePlayModeTests.CarRide_FailPath_TooManySpills" methodname="CarRide_FailPath_TooManySpills" classname="CheddarAndCocoa.Tests.CarRidePlayModeTests" runstate="Runnable" seed="1409568061" result="Passed" start-time="2026-07-01 00:09:24Z" end-time="2026-07-01 00:09:24Z" duration="0.035150" asserts="0">
              <properties>
                <property name="_JOINTYPE" value="UnityCombinatorial" />
                <property name="retryIteration" value="0" />
                <property name="repeatIteration" value="0" />
              </properties>
            </test-case>
            <test-case id="1084" name="CarRide_LurchAndSpill_HaveReadablePackReactions" fullname="CheddarAndCocoa.Tests.CarRidePlayModeTests.CarRide_LurchAndSpill_HaveReadablePackReactions" methodname="CarRide_LurchAndSpill_HaveReadablePackReactions" classname="CheddarAndCocoa.Tests.CarRidePlayModeTests" runstate="Runnable" seed="1572310170" result="Passed" start-time="2026-07-01 00:09:24Z" end-time="2026-07-01 00:09:24Z" duration="0.052008" asserts="0">
              <properties>
                <property name="_JOINTYPE" value="UnityCombinatorial" />
                <property name="retryIteration" value="0" />
                <property name="repeatIteration" value="0" />
              </properties>
            </test-case>
            <test-case id="1083" name="CarRide_Replay_ResetsBalanceState" fullname="CheddarAndCocoa.Tests.CarRidePlayModeTests.CarRide_Replay_ResetsBalanceState" methodname="CarRide_Replay_ResetsBalanceState" classname="CheddarAndCocoa.Tests.CarRidePlayModeTests" runstate="Runnable" seed="757233117" result="Passed" start-time="2026-07-01 00:09:24Z" end-time="2026-07-01 00:09:24Z" duration="0.051016" asserts="0">
              <properties>
                <property name="_JOINTYPE" value="UnityCombinatorial" />
                <property name="retryIteration" value="0" />
                <property name="repeatIteration" value="0" />
              </properties>
            </test-case>
          </test-suite>
          <test-suite type="TestFixture" id="1085" name="ControllerCoopPlayModeTests" fullname="CheddarAndCocoa.Tests.ControllerCoopPlayModeTests" classname="CheddarAndCocoa.Tests.ControllerCoopPlayModeTests" runstate="Runnable" testcasecount="3" result="Passed" start-time="2026-07-01 00:09:24Z" end-time="2026-07-01 00:09:25Z" duration="1.628356" total="3" passed="3" failed="0" inconclusive="0" skipped="0" asserts="0">
            <properties />
            <test-case id="1088" name="KeyboardFallback_ProvidesInteractForBothDogs" fullname="CheddarAndCocoa.Tests.ControllerCoopPlayModeTests.KeyboardFallback_ProvidesInteractForBothDogs" methodname="KeyboardFallback_ProvidesInteractForBothDogs" classname="CheddarAndCocoa.Tests.ControllerCoopPlayModeTests" runstate="Runnable" seed="914906748" result="Passed" start-time="2026-07-01 00:09:24Z" end-time="2026-07-01 00:09:24Z" duration="0.039105" asserts="0">
              <properties>
                <property name="_JOINTYPE" value="UnityCombinatorial" />
                <property name="retryIteration" value="0" />
                <property name="repeatIteration" value="0" />
              </properties>
              <output><![CDATA[[Cheddar] interact (grab placeholder)
[Cocoa] interact (grab placeholder)
]]></output>
            </test-case>
            <test-case id="1087" name="OnePad_DrivesOnlyCheddar_NotBothDogs" fullname="CheddarAndCocoa.Tests.ControllerCoopPlayModeTests.OnePad_DrivesOnlyCheddar_NotBothDogs" methodname="OnePad_DrivesOnlyCheddar_NotBothDogs" classname="CheddarAndCocoa.Tests.ControllerCoopPlayModeTests" runstate="Runnable" seed="1696892920" result="Passed" start-time="2026-07-01 00:09:24Z" end-time="2026-07-01 00:09:25Z" duration="0.788040" asserts="0">
              <properties>
                <property name="_JOINTYPE" value="UnityCombinatorial" />
                <property name="retryIteration" value="0" />
                <property name="repeatIteration" value="0" />
              </properties>
            </test-case>
            <test-case id="1086" name="TwoPads_DriveTwoDogs_Independently_AndBarkFires" fullname="CheddarAndCocoa.Tests.ControllerCoopPlayModeTests.TwoPads_DriveTwoDogs_Independently_AndBarkFires" methodname="TwoPads_DriveTwoDogs_Independently_AndBarkFires" classname="CheddarAndCocoa.Tests.ControllerCoopPlayModeTests" runstate="Runnable" seed="1580769757" result="Passed" start-time="2026-07-01 00:09:25Z" end-time="2026-07-01 00:09:25Z" duration="0.800324" asserts="0">
              <properties>
                <property name="_JOINTYPE" value="UnityCombinatorial" />
                <property name="retryIteration" value="0" />
                <property name="repeatIteration" value="0" />
              </properties>
              <output><![CDATA[[Cheddar] WOOF!
]]></output>
            </test-case>
          </test-suite>
          <test-suite type="TestFixture" id="1089" name="CoopBaitSwitchPuzzleUnitTests" fullname="CheddarAndCocoa.Tests.CoopBaitSwitchPuzzleUnitTests" classname="CheddarAndCocoa.Tests.CoopBaitSwitchPuzzleUnitTests" runstate="Runnable" testcasecount="10" result="Passed" start-time="2026-07-01 00:09:25Z" end-time="2026-07-01 00:09:25Z" duration="0.001481" total="10" passed="10" failed="0" inconclusive="0" skipped="0" asserts="0">
            <properties />
            <test-case id="1090" name="Committed_StrikeLands" fullname="CheddarAndCocoa.Tests.CoopBaitSwitchPuzzleUnitTests.Committed_StrikeLands" methodname="Committed_StrikeLands" classname="CheddarAndCocoa.Tests.CoopBaitSwitchPuzzleUnitTests" runstate="Runnable" seed="1394153194" result="Passed" start-time="2026-07-01 00:09:25Z" end-time="2026-07-01 00:09:25Z" duration="0.000164" asserts="0">
              <properties>
                <property name="retryIteration" value="0" />
                <property name="repeatIteration" value="0" />
              </properties>
            </test-case>
            <test-case id="1094" name="EasingOff_KeepsWindowOpenThenDecaysBelowThreshold" fullname="CheddarAndCocoa.Tests.CoopBaitSwitchPuzzleUnitTests.EasingOff_KeepsWindowOpenThenDecaysBelowThreshold" methodname="EasingOff_KeepsWindowOpenThenDecaysBelowThreshold" classname="CheddarAndCocoa.Tests.CoopBaitSwitchPuzzleUnitTests" runstate="Runnable" seed="379000929" result="Passed" start-time="2026-07-01 00:09:25Z" end-time="2026-07-01 00:09:25Z" duration="0.000080" asserts="0">
              <properties>
                <property name="retryIteration" value="0" />
                <property name="repeatIteration" value="0" />
              </properties>
            </test-case>
            <test-case id="1095" name="EnoughCommittedHits_Solve" fullname="CheddarAndCocoa.Tests.CoopBaitSwitchPuzzleUnitTests.EnoughCommittedHits_Solve" methodname="EnoughCommittedHits_Solve" classname="CheddarAndCocoa.Tests.CoopBaitSwitchPuzzleUnitTests" runstate="Runnable" seed="720605867" result="Passed" start-time="2026-07-01 00:09:25Z" end-time="2026-07-01 00:09:25Z" duration="0.000055" asserts="0">
              <properties>
                <property name="retryIteration" value="0" />
                <property name="repeatIteration" value="0" />
              </properties>
            </test-case>
            <test-case id="1096" name="FeatheringAtFull_DoesNotBackfireIfEasedWithinTolerance" fullname="CheddarAndCocoa.Tests.CoopBaitSwitchPuzzleUnitTests.FeatheringAtFull_DoesNotBackfireIfEasedWithinTolerance" methodname="FeatheringAtFull_DoesNotBackfireIfEasedWithinTolerance" classname="CheddarAndCocoa.Tests.CoopBaitSwitchPuzzleUnitTests" runstate="Runnable" seed="334584768" result="Passed" start-time="2026-07-01 00:09:25Z" end-time="2026-07-01 00:09:25Z" duration="0.000070" asserts="0">
              <properties>
                <property name="retryIteration" value="0" />
                <property name="repeatIteration" value="0" />
              </properties>
            </test-case>
            <test-case id="1093" name="OverBaited_StrikeWhiffs" fullname="CheddarAndCocoa.Tests.CoopBaitSwitchPuzzleUnitTests.OverBaited_StrikeWhiffs" methodname="OverBaited_StrikeWhiffs" classname="CheddarAndCocoa.Tests.CoopBaitSwitchPuzzleUnitTests" runstate="Runnable" seed="2078199239" result="Passed" start-time="2026-07-01 00:09:25Z" end-time="2026-07-01 00:09:25Z" duration="0.000049" asserts="0">
              <properties>
                <property name="retryIteration" value="0" />
                <property name="repeatIteration" value="0" />
              </properties>
            </test-case>
            <test-case id="1092" name="OverBaiting_BackfiresOnceAndResetsCommitment" fullname="CheddarAndCocoa.Tests.CoopBaitSwitchPuzzleUnitTests.OverBaiting_BackfiresOnceAndResetsCommitment" methodname="OverBaiting_BackfiresOnceAndResetsCommitment" classname="CheddarAndCocoa.Tests.CoopBaitSwitchPuzzleUnitTests" runstate="Runnable" seed="2055829057" result="Passed" start-time="2026-07-01 00:09:25Z" end-time="2026-07-01 00:09:25Z" duration="0.000053" asserts="0">
              <properties>
                <property name="retryIteration" value="0" />
                <property name="repeatIteration" value="0" />
              </properties>
            </test-case>
            <test-case id="1099" name="ResetClearsEverything" fullname="CheddarAndCocoa.Tests.CoopBaitSwitchPuzzleUnitTests.ResetClearsEverything" methodname="ResetClearsEverything" classname="CheddarAndCocoa.Tests.CoopBaitSwitchPuzzleUnitTests" runstate="Runnable" seed="1007097846" result="Passed" start-time="2026-07-01 00:09:25Z" end-time="2026-07-01 00:09:25Z" duration="0.000076" asserts="0">
              <properties>
                <property name="retryIteration" value="0" />
                <property name="repeatIteration" value="0" />
              </properties>
            </test-case>
            <test-case id="1098" name="SolvedStrike_IsIgnored" fullname="CheddarAndCocoa.Tests.CoopBaitSwitchPuzzleUnitTests.SolvedStrike_IsIgnored" methodname="SolvedStrike_IsIgnored" classname="CheddarAndCocoa.Tests.CoopBaitSwitchPuzzleUnitTests" runstate="Runnable" seed="2067555366" result="Passed" start-time="2026-07-01 00:09:25Z" end-time="2026-07-01 00:09:25Z" duration="0.000047" asserts="0">
              <properties>
                <property name="retryIteration" value="0" />
                <property name="repeatIteration" value="0" />
              </properties>
            </test-case>
            <test-case id="1097" name="TooManyBackfires_IsReported" fullname="CheddarAndCocoa.Tests.CoopBaitSwitchPuzzleUnitTests.TooManyBackfires_IsReported" methodname="TooManyBackfires_IsReported" classname="CheddarAndCocoa.Tests.CoopBaitSwitchPuzzleUnitTests" runstate="Runnable" seed="183891534" result="Passed" start-time="2026-07-01 00:09:25Z" end-time="2026-07-01 00:09:25Z" duration="0.000041" asserts="0">
              <properties>
                <property name="retryIteration" value="0" />
                <property name="repeatIteration" value="0" />
              </properties>
            </test-case>
            <test-case id="1091" name="UnderBaited_StrikeWhiffs" fullname="CheddarAndCocoa.Tests.CoopBaitSwitchPuzzleUnitTests.UnderBaited_StrikeWhiffs" methodname="UnderBaited_StrikeWhiffs" classname="CheddarAndCocoa.Tests.CoopBaitSwitchPuzzleUnitTests" runstate="Runnable" seed="1922114648" result="Passed" start-time="2026-07-01 00:09:25Z" end-time="2026-07-01 00:09:25Z" duration="0.000043" asserts="0">
              <properties>
                <property name="retryIteration" value="0" />
                <property name="repeatIteration" value="0" />
              </properties>
            </test-case>
          </test-suite>
          <test-suite type="TestFixture" id="1100" name="CoopBlanketCatchPlayModeTests" fullname="CheddarAndCocoa.Tests.CoopBlanketCatchPlayModeTests" classname="CheddarAndCocoa.Tests.CoopBlanketCatchPlayModeTests" runstate="Runnable" testcasecount="7" result="Passed" start-time="2026-07-01 00:09:25Z" end-time="2026-07-01 00:09:26Z" duration="0.300097" total="7" passed="7" failed="0" inconclusive="0" skipped="0" asserts="0">
            <properties />
            <test-case id="1102" name="Blanket_AppearsInMissionSelectRotation" fullname="CheddarAndCocoa.Tests.CoopBlanketCatchPlayModeTests.Blanket_AppearsInMissionSelectRotation" methodname="Blanket_AppearsInMissionSelectRotation" classname="CheddarAndCocoa.Tests.CoopBlanketCatchPlayModeTests" runstate="Runnable" seed="10034918" result="Passed" start-time="2026-07-01 00:09:25Z" end-time="2026-07-01 00:09:25Z" duration="0.056376" asserts="0">
              <properties>
                <property name="_JOINTYPE" value="UnityCombinatorial" />
                <property name="retryIteration" value="0" />
                <property name="repeatIteration" value="0" />
              </properties>
            </test-case>
            <test-case id="1103" name="Blanket_ClearPath_TautAndCenteredCatchesEnough" fullname="CheddarAndCocoa.Tests.CoopBlanketCatchPlayModeTests.Blanket_ClearPath_TautAndCenteredCatchesEnough" methodname="Blanket_ClearPath_TautAndCenteredCatchesEnough" classname="CheddarAndCocoa.Tests.CoopBlanketCatchPlayModeTests" runstate="Runnable" seed="1172815418" result="Passed" start-time="2026-07-01 00:09:25Z" end-time="2026-07-01 00:09:25Z" duration="0.035134" asserts="0">
              <properties>
                <property name="_JOINTYPE" value="UnityCombinatorial" />
                <property name="retryIteration" value="0" />
                <property name="repeatIteration" value="0" />
              </properties>
            </test-case>
            <test-case id="1105" name="Blanket_FailPath_TooManyRips" fullname="CheddarAndCocoa.Tests.CoopBlanketCatchPlayModeTests.Blanket_FailPath_TooManyRips" methodname="Blanket_FailPath_TooManyRips" classname="CheddarAndCocoa.Tests.CoopBlanketCatchPlayModeTests" runstate="Runnable" seed="1821063665" result="Passed" start-time="2026-07-01 00:09:25Z" end-time="2026-07-01 00:09:25Z" duration="0.034422" asserts="0">
              <properties>
                <property name="_JOINTYPE" value="UnityCombinatorial" />
                <property name="retryIteration" value="0" />
                <property name="repeatIteration" value="0" />
              </properties>
            </test-case>
            <test-case id="1107" name="Blanket_PositionDriven_SpacingDrivesTheSpanBand" fullname="CheddarAndCocoa.Tests.CoopBlanketCatchPlayModeTests.Blanket_PositionDriven_SpacingDrivesTheSpanBand" methodname="Blanket_PositionDriven_SpacingDrivesTheSpanBand" classname="CheddarAndCocoa.Tests.CoopBlanketCatchPlayModeTests" runstate="Runnable" seed="31037437" result="Passed" start-time="2026-07-01 00:09:25Z" end-time="2026-07-01 00:09:26Z" duration="0.053011" asserts="0">
              <properties>
                <property name="_JOINTYPE" value="UnityCombinatorial" />
                <property name="retryIteration" value="0" />
                <property name="repeatIteration" value="0" />
              </properties>
            </test-case>
            <test-case id="1106" name="Blanket_Replay_ResetsThePuzzle" fullname="CheddarAndCocoa.Tests.CoopBlanketCatchPlayModeTests.Blanket_Replay_ResetsThePuzzle" methodname="Blanket_Replay_ResetsThePuzzle" classname="CheddarAndCocoa.Tests.CoopBlanketCatchPlayModeTests" runstate="Runnable" seed="1957844915" result="Passed" start-time="2026-07-01 00:09:26Z" end-time="2026-07-01 00:09:26Z" duration="0.034613" asserts="0">
              <properties>
                <property name="_JOINTYPE" value="UnityCombinatorial" />
                <property name="retryIteration" value="0" />
                <property name="repeatIteration" value="0" />
              </properties>
            </test-case>
            <test-case id="1101" name="Blanket_RunsThroughDedicatedController" fullname="CheddarAndCocoa.Tests.CoopBlanketCatchPlayModeTests.Blanket_RunsThroughDedicatedController" methodname="Blanket_RunsThroughDedicatedController" classname="CheddarAndCocoa.Tests.CoopBlanketCatchPlayModeTests" runstate="Runnable" seed="1223361669" result="Passed" start-time="2026-07-01 00:09:26Z" end-time="2026-07-01 00:09:26Z" duration="0.052037" asserts="0">
              <properties>
                <property name="_JOINTYPE" value="UnityCombinatorial" />
                <property name="retryIteration" value="0" />
                <property name="repeatIteration" value="0" />
              </properties>
            </test-case>
            <test-case id="1104" name="Blanket_SlackOrOffCenter_Misses" fullname="CheddarAndCocoa.Tests.CoopBlanketCatchPlayModeTests.Blanket_SlackOrOffCenter_Misses" methodname="Blanket_SlackOrOffCenter_Misses" classname="CheddarAndCocoa.Tests.CoopBlanketCatchPlayModeTests" runstate="Runnable" seed="1044182514" result="Passed" start-time="2026-07-01 00:09:26Z" end-time="2026-07-01 00:09:26Z" duration="0.033531" asserts="0">
              <properties>
                <property name="_JOINTYPE" value="UnityCombinatorial" />
                <property name="retryIteration" value="0" />
                <property name="repeatIteration" value="0" />
              </properties>
            </test-case>
          </test-suite>
          <test-suite type="TestFixture" id="1108" name="CoopBoneRelayPlayModeTests" fullname="CheddarAndCocoa.Tests.CoopBoneRelayPlayModeTests" classname="CheddarAndCocoa.Tests.CoopBoneRelayPlayModeTests" runstate="Runnable" testcasecount="8" result="Passed" start-time="2026-07-01 00:09:26Z" end-time="2026-07-01 00:09:26Z" duration="0.348479" total="8" passed="8" failed="0" inconclusive="0" skipped="0" asserts="0">
            <properties />
            <test-case id="1110" name="Bone_AppearsInMissionSelectRotation" fullname="CheddarAndCocoa.Tests.CoopBoneRelayPlayModeTests.Bone_AppearsInMissionSelectRotation" methodname="Bone_AppearsInMissionSelectRotation" classname="CheddarAndCocoa.Tests.CoopBoneRelayPlayModeTests" runstate="Runnable" seed="1793473576" result="Passed" start-time="2026-07-01 00:09:26Z" end-time="2026-07-01 00:09:26Z" duration="0.053452" asserts="0">
              <properties>
                <property name="_JOINTYPE" value="UnityCombinatorial" />
                <property name="retryIteration" value="0" />
                <property name="repeatIteration" value="0" />
              </properties>
            </test-case>
            <test-case id="1111" name="Bone_ClearPath_RevealThenDigTheCallThreeTimes" fullname="CheddarAndCocoa.Tests.CoopBoneRelayPlayModeTests.Bone_ClearPath_RevealThenDigTheCallThreeTimes" methodname="Bone_ClearPath_RevealThenDigTheCallThreeTimes" classname="CheddarAndCocoa.Tests.CoopBoneRelayPlayModeTests" runstate="Runnable" seed="732515796" result="Passed" start-time="2026-07-01 00:09:26Z" end-time="2026-07-01 00:09:26Z" duration="0.033893" asserts="0">
              <properties>
                <property name="_JOINTYPE" value="UnityCombinatorial" />
                <property name="retryIteration" value="0" />
                <property name="repeatIteration" value="0" />
              </properties>
            </test-case>
[...]
                <property name="retryIteration" value="0" />
                <property name="repeatIteration" value="0" />
              </properties>
            </test-case>
            <test-case id="1427" name="ResetSession_ClearsAccumulatedSessionStats" fullname="CheddarAndCocoa.Tests.SessionResetPlayModeTests.ResetSession_ClearsAccumulatedSessionStats" methodname="ResetSession_ClearsAccumulatedSessionStats" classname="CheddarAndCocoa.Tests.SessionResetPlayModeTests" runstate="Runnable" seed="71523302" result="Passed" start-time="2026-07-01 00:09:38Z" end-time="2026-07-01 00:09:38Z" duration="0.037920" asserts="0">
              <properties>
                <property name="_JOINTYPE" value="UnityCombinatorial" />
                <property name="retryIteration" value="0" />
                <property name="repeatIteration" value="0" />
              </properties>
            </test-case>
          </test-suite>
          <test-suite type="TestFixture" id="1430" name="SnackHeistPlayModeTests" fullname="CheddarAndCocoa.Tests.SnackHeistPlayModeTests" classname="CheddarAndCocoa.Tests.SnackHeistPlayModeTests" runstate="Runnable" testcasecount="4" result="Passed" start-time="2026-07-01 00:09:38Z" end-time="2026-07-01 00:09:39Z" duration="0.147779" total="4" passed="4" failed="0" inconclusive="0" skipped="0" asserts="0">
            <properties />
            <test-case id="1432" name="SnackHeist_ClearPath_CollectAllSnacks" fullname="CheddarAndCocoa.Tests.SnackHeistPlayModeTests.SnackHeist_ClearPath_CollectAllSnacks" methodname="SnackHeist_ClearPath_CollectAllSnacks" classname="CheddarAndCocoa.Tests.SnackHeistPlayModeTests" runstate="Runnable" seed="1715123094" result="Passed" start-time="2026-07-01 00:09:38Z" end-time="2026-07-01 00:09:38Z" duration="0.037444" asserts="0">
              <properties>
                <property name="_JOINTYPE" value="UnityCombinatorial" />
                <property name="retryIteration" value="0" />
                <property name="repeatIteration" value="0" />
              </properties>
            </test-case>
            <test-case id="1433" name="SnackHeist_FailPath_SquirrelStealsEnough" fullname="CheddarAndCocoa.Tests.SnackHeistPlayModeTests.SnackHeist_FailPath_SquirrelStealsEnough" methodname="SnackHeist_FailPath_SquirrelStealsEnough" classname="CheddarAndCocoa.Tests.SnackHeistPlayModeTests" runstate="Runnable" seed="1545640436" result="Passed" start-time="2026-07-01 00:09:38Z" end-time="2026-07-01 00:09:39Z" duration="0.036366" asserts="0">
              <properties>
                <property name="_JOINTYPE" value="UnityCombinatorial" />
                <property name="retryIteration" value="0" />
                <property name="repeatIteration" value="0" />
              </properties>
            </test-case>
            <test-case id="1434" name="SnackHeist_Replay_ResetsState" fullname="CheddarAndCocoa.Tests.SnackHeistPlayModeTests.SnackHeist_Replay_ResetsState" methodname="SnackHeist_Replay_ResetsState" classname="CheddarAndCocoa.Tests.SnackHeistPlayModeTests" runstate="Runnable" seed="1970242869" result="Passed" start-time="2026-07-01 00:09:39Z" end-time="2026-07-01 00:09:39Z" duration="0.037570" asserts="0">
              <properties>
                <property name="_JOINTYPE" value="UnityCombinatorial" />
                <property name="retryIteration" value="0" />
                <property name="repeatIteration" value="0" />
              </properties>
            </test-case>
            <test-case id="1431" name="SnackHeist_RunsThroughDedicatedController" fullname="CheddarAndCocoa.Tests.SnackHeistPlayModeTests.SnackHeist_RunsThroughDedicatedController" methodname="SnackHeist_RunsThroughDedicatedController" classname="CheddarAndCocoa.Tests.SnackHeistPlayModeTests" runstate="Runnable" seed="690281459" result="Passed" start-time="2026-07-01 00:09:39Z" end-time="2026-07-01 00:09:39Z" duration="0.035568" asserts="0">
              <properties>
                <property name="_JOINTYPE" value="UnityCombinatorial" />
                <property name="retryIteration" value="0" />
                <property name="repeatIteration" value="0" />
              </properties>
            </test-case>
          </test-suite>
          <test-suite type="TestFixture" id="1435" name="SquirrelConspiracyPlayModeTests" fullname="CheddarAndCocoa.Tests.SquirrelConspiracyPlayModeTests" classname="CheddarAndCocoa.Tests.SquirrelConspiracyPlayModeTests" runstate="Runnable" testcasecount="5" result="Passed" start-time="2026-07-01 00:09:39Z" end-time="2026-07-01 00:09:39Z" duration="0.173311" total="5" passed="5" failed="0" inconclusive="0" skipped="0" asserts="0">
            <properties />
            <test-case id="1436" name="SquirrelConspiracy_AppearsInSelectWithDeterministicRouteAndCutoffs" fullname="CheddarAndCocoa.Tests.SquirrelConspiracyPlayModeTests.SquirrelConspiracy_AppearsInSelectWithDeterministicRouteAndCutoffs" methodname="SquirrelConspiracy_AppearsInSelectWithDeterministicRouteAndCutoffs" classname="CheddarAndCocoa.Tests.SquirrelConspiracyPlayModeTests" runstate="Runnable" seed="1777728507" result="Passed" start-time="2026-07-01 00:09:39Z" end-time="2026-07-01 00:09:39Z" duration="0.032389" asserts="0">
              <properties>
                <property name="_JOINTYPE" value="UnityCombinatorial" />
                <property name="retryIteration" value="0" />
                <property name="repeatIteration" value="0" />
              </properties>
            </test-case>
            <test-case id="1438" name="SquirrelConspiracy_ClearPath_RevealsFindsStashAndSummarizesOutcome" fullname="CheddarAndCocoa.Tests.SquirrelConspiracyPlayModeTests.SquirrelConspiracy_ClearPath_RevealsFindsStashAndSummarizesOutcome" methodname="SquirrelConspiracy_ClearPath_RevealsFindsStashAndSummarizesOutcome" classname="CheddarAndCocoa.Tests.SquirrelConspiracyPlayModeTests" runstate="Runnable" seed="1774755832" result="Passed" start-time="2026-07-01 00:09:39Z" end-time="2026-07-01 00:09:39Z" duration="0.037726" asserts="0">
              <properties>
                <property name="_JOINTYPE" value="UnityCombinatorial" />
                <property name="retryIteration" value="0" />
                <property name="repeatIteration" value="0" />
              </properties>
            </test-case>
            <test-case id="1439" name="SquirrelConspiracy_FailPath_TauntsEndMission" fullname="CheddarAndCocoa.Tests.SquirrelConspiracyPlayModeTests.SquirrelConspiracy_FailPath_TauntsEndMission" methodname="SquirrelConspiracy_FailPath_TauntsEndMission" classname="CheddarAndCocoa.Tests.SquirrelConspiracyPlayModeTests" runstate="Runnable" seed="1948187375" result="Passed" start-time="2026-07-01 00:09:39Z" end-time="2026-07-01 00:09:39Z" duration="0.034622" asserts="0">
              <properties>
                <property name="_JOINTYPE" value="UnityCombinatorial" />
                <property name="retryIteration" value="0" />
                <property name="repeatIteration" value="0" />
              </properties>
            </test-case>
            <test-case id="1437" name="SquirrelConspiracy_HerdCutoffAndEarlyBarkHaveDistinctResults" fullname="CheddarAndCocoa.Tests.SquirrelConspiracyPlayModeTests.SquirrelConspiracy_HerdCutoffAndEarlyBarkHaveDistinctResults" methodname="SquirrelConspiracy_HerdCutoffAndEarlyBarkHaveDistinctResults" classname="CheddarAndCocoa.Tests.SquirrelConspiracyPlayModeTests" runstate="Runnable" seed="2083281459" result="Passed" start-time="2026-07-01 00:09:39Z" end-time="2026-07-01 00:09:39Z" duration="0.033222" asserts="0">
              <properties>
                <property name="_JOINTYPE" value="UnityCombinatorial" />
                <property name="retryIteration" value="0" />
                <property name="repeatIteration" value="0" />
              </properties>
            </test-case>
            <test-case id="1440" name="SquirrelConspiracy_Replay_ResetsHerdingRuntimeState" fullname="CheddarAndCocoa.Tests.SquirrelConspiracyPlayModeTests.SquirrelConspiracy_Replay_ResetsHerdingRuntimeState" methodname="SquirrelConspiracy_Replay_ResetsHerdingRuntimeState" classname="CheddarAndCocoa.Tests.SquirrelConspiracyPlayModeTests" runstate="Runnable" seed="741252972" result="Passed" start-time="2026-07-01 00:09:39Z" end-time="2026-07-01 00:09:39Z" duration="0.034473" asserts="0">
              <properties>
                <property name="_JOINTYPE" value="UnityCombinatorial" />
                <property name="retryIteration" value="0" />
                <property name="repeatIteration" value="0" />
              </properties>
            </test-case>
          </test-suite>
          <test-suite type="TestFixture" id="1441" name="ThunderstormComfortPlayModeTests" fullname="CheddarAndCocoa.Tests.ThunderstormComfortPlayModeTests" classname="CheddarAndCocoa.Tests.ThunderstormComfortPlayModeTests" runstate="Runnable" testcasecount="6" result="Passed" start-time="2026-07-01 00:09:39Z" end-time="2026-07-01 00:09:39Z" duration="0.233263" total="6" passed="6" failed="0" inconclusive="0" skipped="0" asserts="0">
            <properties />
            <test-case id="1442" name="Thunderstorm_RunsThroughDedicatedController" fullname="CheddarAndCocoa.Tests.ThunderstormComfortPlayModeTests.Thunderstorm_RunsThroughDedicatedController" methodname="Thunderstorm_RunsThroughDedicatedController" classname="CheddarAndCocoa.Tests.ThunderstormComfortPlayModeTests" runstate="Runnable" seed="698898778" result="Passed" start-time="2026-07-01 00:09:39Z" end-time="2026-07-01 00:09:39Z" duration="0.032153" asserts="0">
              <properties>
                <property name="_JOINTYPE" value="UnityCombinatorial" />
                <property name="retryIteration" value="0" />
                <property name="repeatIteration" value="0" />
              </properties>
            </test-case>
            <test-case id="1443" name="ThunderstormComfort_AppearsInMissionSelectRotation" fullname="CheddarAndCocoa.Tests.ThunderstormComfortPlayModeTests.ThunderstormComfort_AppearsInMissionSelectRotation" methodname="ThunderstormComfort_AppearsInMissionSelectRotation" classname="CheddarAndCocoa.Tests.ThunderstormComfortPlayModeTests" runstate="Runnable" seed="769376666" result="Passed" start-time="2026-07-01 00:09:39Z" end-time="2026-07-01 00:09:39Z" duration="0.057674" asserts="0">
              <properties>
                <property name="_JOINTYPE" value="UnityCombinatorial" />
                <property name="retryIteration" value="0" />
                <property name="repeatIteration" value="0" />
              </properties>
            </test-case>
            <test-case id="1444" name="ThunderstormComfort_ClearPath_HuddleThroughEveryClap" fullname="CheddarAndCocoa.Tests.ThunderstormComfortPlayModeTests.ThunderstormComfort_ClearPath_HuddleThroughEveryClap" methodname="ThunderstormComfort_ClearPath_HuddleThroughEveryClap" classname="CheddarAndCocoa.Tests.ThunderstormComfortPlayModeTests" runstate="Runnable" seed="1865508789" result="Passed" start-time="2026-07-01 00:09:39Z" end-time="2026-07-01 00:09:39Z" duration="0.035581" asserts="0">
              <properties>
                <property name="_JOINTYPE" value="UnityCombinatorial" />
                <property name="retryIteration" value="0" />
                <property name="repeatIteration" value="0" />
              </properties>
            </test-case>
            <test-case id="1445" name="ThunderstormComfort_FailPath_PanicMaxesWhenApart" fullname="CheddarAndCocoa.Tests.ThunderstormComfortPlayModeTests.ThunderstormComfort_FailPath_PanicMaxesWhenApart" methodname="ThunderstormComfort_FailPath_PanicMaxesWhenApart" classname="CheddarAndCocoa.Tests.ThunderstormComfortPlayModeTests" runstate="Runnable" seed="348094526" result="Passed" start-time="2026-07-01 00:09:39Z" end-time="2026-07-01 00:09:39Z" duration="0.034580" asserts="0">
              <properties>
                <property name="_JOINTYPE" value="UnityCombinatorial" />
                <property name="retryIteration" value="0" />
                <property name="repeatIteration" value="0" />
              </properties>
            </test-case>
            <test-case id="1446" name="ThunderstormComfort_Replay_ResetsStormAndPanic" fullname="CheddarAndCocoa.Tests.ThunderstormComfortPlayModeTests.ThunderstormComfort_Replay_ResetsStormAndPanic" methodname="ThunderstormComfort_Replay_ResetsStormAndPanic" classname="CheddarAndCocoa.Tests.ThunderstormComfortPlayModeTests" runstate="Runnable" seed="1990637661" result="Passed" start-time="2026-07-01 00:09:39Z" end-time="2026-07-01 00:09:39Z" duration="0.035507" asserts="0">
              <properties>
                <property name="_JOINTYPE" value="UnityCombinatorial" />
                <property name="retryIteration" value="0" />
                <property name="repeatIteration" value="0" />
              </properties>
            </test-case>
            <test-case id="1447" name="ThunderstormComfort_Thunderclap_MakesDogsFlinch" fullname="CheddarAndCocoa.Tests.ThunderstormComfortPlayModeTests.ThunderstormComfort_Thunderclap_MakesDogsFlinch" methodname="ThunderstormComfort_Thunderclap_MakesDogsFlinch" classname="CheddarAndCocoa.Tests.ThunderstormComfortPlayModeTests" runstate="Runnable" seed="1279935315" result="Passed" start-time="2026-07-01 00:09:39Z" end-time="2026-07-01 00:09:39Z" duration="0.036702" asserts="0">
              <properties>
                <property name="_JOINTYPE" value="UnityCombinatorial" />
                <property name="retryIteration" value="0" />
                <property name="repeatIteration" value="0" />
              </properties>
            </test-case>
          </test-suite>
          <test-suite type="TestFixture" id="1448" name="TugFeelPlayModeTests" fullname="CheddarAndCocoa.Tests.TugFeelPlayModeTests" classname="CheddarAndCocoa.Tests.TugFeelPlayModeTests" runstate="Runnable" testcasecount="2" result="Passed" start-time="2026-07-01 00:09:39Z" end-time="2026-07-01 00:09:39Z" duration="0.437482" total="2" passed="2" failed="0" inconclusive="0" skipped="0" asserts="0">
            <properties />
            <test-case id="1450" name="TeamTug_BothDogsTugAndFaceTheRopeFromOppositeSides" fullname="CheddarAndCocoa.Tests.TugFeelPlayModeTests.TeamTug_BothDogsTugAndFaceTheRopeFromOppositeSides" methodname="TeamTug_BothDogsTugAndFaceTheRopeFromOppositeSides" classname="CheddarAndCocoa.Tests.TugFeelPlayModeTests" runstate="Runnable" seed="1488353318" result="Passed" start-time="2026-07-01 00:09:39Z" end-time="2026-07-01 00:09:39Z" duration="0.436719" asserts="0">
              <properties>
                <property name="_JOINTYPE" value="UnityCombinatorial" />
                <property name="retryIteration" value="0" />
                <property name="repeatIteration" value="0" />
              </properties>
            </test-case>
            <test-case id="1449" name="TugCadence_DiffersBetweenCheddarAndCocoa" fullname="CheddarAndCocoa.Tests.TugFeelPlayModeTests.TugCadence_DiffersBetweenCheddarAndCocoa" methodname="TugCadence_DiffersBetweenCheddarAndCocoa" classname="CheddarAndCocoa.Tests.TugFeelPlayModeTests" runstate="Runnable" seed="534595228" result="Passed" start-time="2026-07-01 00:09:39Z" end-time="2026-07-01 00:09:39Z" duration="0.000143" asserts="0">
              <properties>
                <property name="retryIteration" value="0" />
                <property name="repeatIteration" value="0" />
              </properties>
            </test-case>
          </test-suite>
          <test-suite type="TestFixture" id="1451" name="WeenieRoundupPlayModeTests" fullname="CheddarAndCocoa.Tests.WeenieRoundupPlayModeTests" classname="CheddarAndCocoa.Tests.WeenieRoundupPlayModeTests" runstate="Runnable" testcasecount="5" result="Passed" start-time="2026-07-01 00:09:39Z" end-time="2026-07-01 00:09:41Z" duration="1.380353" total="5" passed="5" failed="0" inconclusive="0" skipped="0" asserts="0">
            <properties />
            <test-case id="1452" name="WeenieRoundup_AppearsInMissionSelectRotation" fullname="CheddarAndCocoa.Tests.WeenieRoundupPlayModeTests.WeenieRoundup_AppearsInMissionSelectRotation" methodname="WeenieRoundup_AppearsInMissionSelectRotation" classname="CheddarAndCocoa.Tests.WeenieRoundupPlayModeTests" runstate="Runnable" seed="543848151" result="Passed" start-time="2026-07-01 00:09:39Z" end-time="2026-07-01 00:09:39Z" duration="0.035423" asserts="0">
              <properties>
                <property name="_JOINTYPE" value="UnityCombinatorial" />
                <property name="retryIteration" value="0" />
                <property name="repeatIteration" value="0" />
              </properties>
            </test-case>
            <test-case id="1455" name="WeenieRoundup_CarryPosePersistsUntilCargoLeavesDog" fullname="CheddarAndCocoa.Tests.WeenieRoundupPlayModeTests.WeenieRoundup_CarryPosePersistsUntilCargoLeavesDog" methodname="WeenieRoundup_CarryPosePersistsUntilCargoLeavesDog" classname="CheddarAndCocoa.Tests.WeenieRoundupPlayModeTests" runstate="Runnable" seed="1677198981" result="Passed" start-time="2026-07-01 00:09:39Z" end-time="2026-07-01 00:09:41Z" duration="1.235164" asserts="0">
              <properties>
                <property name="_JOINTYPE" value="UnityCombinatorial" />
                <property name="retryIteration" value="0" />
                <property name="repeatIteration" value="0" />
              </properties>
            </test-case>
            <test-case id="1453" name="WeenieRoundup_ClearPath_CarryEveryWeenieToTheBowl" fullname="CheddarAndCocoa.Tests.WeenieRoundupPlayModeTests.WeenieRoundup_ClearPath_CarryEveryWeenieToTheBowl" methodname="WeenieRoundup_ClearPath_CarryEveryWeenieToTheBowl" classname="CheddarAndCocoa.Tests.WeenieRoundupPlayModeTests" runstate="Runnable" seed="346892240" result="Passed" start-time="2026-07-01 00:09:41Z" end-time="2026-07-01 00:09:41Z" duration="0.037644" asserts="0">
              <properties>
                <property name="_JOINTYPE" value="UnityCombinatorial" />
                <property name="retryIteration" value="0" />
                <property name="repeatIteration" value="0" />
              </properties>
            </test-case>
            <test-case id="1454" name="WeenieRoundup_Drop_ReturnsWeenieToTheYard" fullname="CheddarAndCocoa.Tests.WeenieRoundupPlayModeTests.WeenieRoundup_Drop_ReturnsWeenieToTheYard" methodname="WeenieRoundup_Drop_ReturnsWeenieToTheYard" classname="CheddarAndCocoa.Tests.WeenieRoundupPlayModeTests" runstate="Runnable" seed="255412395" result="Passed" start-time="2026-07-01 00:09:41Z" end-time="2026-07-01 00:09:41Z" duration="0.036238" asserts="0">
              <properties>
                <property name="_JOINTYPE" value="UnityCombinatorial" />
                <property name="retryIteration" value="0" />
                <property name="repeatIteration" value="0" />
              </properties>
            </test-case>
            <test-case id="1456" name="WeenieRoundup_Replay_ResetsCarryRuntimeState" fullname="CheddarAndCocoa.Tests.WeenieRoundupPlayModeTests.WeenieRoundup_Replay_ResetsCarryRuntimeState" methodname="WeenieRoundup_Replay_ResetsCarryRuntimeState" classname="CheddarAndCocoa.Tests.WeenieRoundupPlayModeTests" runstate="Runnable" seed="1580057445" result="Passed" start-time="2026-07-01 00:09:41Z" end-time="2026-07-01 00:09:41Z" duration="0.034960" asserts="0">
              <properties>
                <property name="_JOINTYPE" value="UnityCombinatorial" />
                <property name="retryIteration" value="0" />
                <property name="repeatIteration" value="0" />
              </properties>
              <output><![CDATA[Saving results to: /Users/kchapman/Weeniegame/unity/test-results/full-playmode-results.xml
]]></output>
            </test-case>
          </test-suite>
        </test-suite>
      </test-suite>
    </test-suite>
  </test-suite>
</test-run>