<?xml version="1.0" encoding="utf-8"?>
<test-run id="2" testcasecount="1" result="Passed" total="1" passed="1" failed="0" inconclusive="0" skipped="0" asserts="0" engine-version="3.5.0.0" clr-version="4.0.30319.42000" start-time="2026-06-29 12:23:39Z" end-time="2026-06-29 12:23:41Z" duration="2.316652">
  <test-suite type="TestSuite" id="1461" name="Cheddar and Cocoa" fullname="Cheddar and Cocoa" runstate="Runnable" testcasecount="378" result="Passed" start-time="2026-06-29 12:23:39Z" end-time="2026-06-29 12:23:41Z" duration="2.316652" total="1" passed="1" failed="0" inconclusive="0" skipped="0" asserts="0">
    <properties>
      <property name="platform" value="PlayMode" />
    </properties>
    <test-suite type="Assembly" id="1453" name="CheddarAndCocoa.Tests.PlayMode.dll" fullname="/Users/kchapman/Weeniegame/unity/CheddarAndCocoa/Library/ScriptAssemblies/CheddarAndCocoa.Tests.PlayMode.dll" runstate="Runnable" testcasecount="378" result="Passed" start-time="2026-06-29 12:23:39Z" end-time="2026-06-29 12:23:41Z" duration="2.309258" total="1" passed="1" failed="0" inconclusive="0" skipped="0" asserts="0">
      <properties>
        <property name="_PID" value="85732" />
        <property name="_APPDOMAIN" value="Unity Child Domain" />
        <property name="platform" value="PlayMode" />
        <property name="EditorOnly" value="False" />
      </properties>
      <test-suite type="TestSuite" id="1454" name="CheddarAndCocoa" fullname="CheddarAndCocoa" runstate="Runnable" testcasecount="378" result="Passed" start-time="2026-06-29 12:23:39Z" end-time="2026-06-29 12:23:41Z" duration="2.305224" total="1" passed="1" failed="0" inconclusive="0" skipped="0" asserts="0">
        <properties />
        <test-suite type="TestSuite" id="1457" name="Tests" fullname="CheddarAndCocoa.Tests" runstate="Runnable" testcasecount="376" result="Passed" start-time="2026-06-29 12:23:39Z" end-time="2026-06-29 12:23:41Z" duration="2.299402" total="1" passed="1" failed="0" inconclusive="0" skipped="0" asserts="0">
          <properties />
          <test-suite type="TestFixture" id="1319" name="FinalArtIntegrationPlayModeTests" fullname="CheddarAndCocoa.Tests.FinalArtIntegrationPlayModeTests" classname="CheddarAndCocoa.Tests.FinalArtIntegrationPlayModeTests" runstate="Runnable" testcasecount="8" result="Passed" start-time="2026-06-29 12:23:39Z" end-time="2026-06-29 12:23:41Z" duration="2.290402" total="1" passed="1" failed="0" inconclusive="0" skipped="0" asserts="0">
            <properties />
            <test-case id="1327" name="GeneratedMissionPropPackPass2_CoversVisibleMissionFocusProps" fullname="CheddarAndCocoa.Tests.FinalArtIntegrationPlayModeTests.GeneratedMissionPropPackPass2_CoversVisibleMissionFocusProps" methodname="GeneratedMissionPropPackPass2_CoversVisibleMissionFocusProps" classname="CheddarAndCocoa.Tests.FinalArtIntegrationPlayModeTests" runstate="Runnable" seed="972364536" result="Passed" start-time="2026-06-29 12:23:39Z" end-time="2026-06-29 12:23:41Z" duration="2.283829" asserts="0">
              <properties>
                <property name="_JOINTYPE" value="UnityCombinatorial" />
                <property name="retryIteration" value="0" />
                <property name="repeatIteration" value="0" />
              </properties>
              <output><![CDATA[Saving results to: /Users/kchapman/Weeniegame/unity/test-results/kitchen-cues-mission-props-results.xml
]]></output>
            </test-case>
          </test-suite>
        </test-suite>
      </test-suite>
    </test-suite>
  </test-suite>
</test-run>