<?xml version="1.0" encoding="utf-8"?>
<test-run id="2" testcasecount="5" result="Passed" total="5" passed="5" failed="0" inconclusive="0" skipped="0" asserts="0" engine-version="3.5.0.0" clr-version="4.0.30319.42000" start-time="2026-06-29 12:21:58Z" end-time="2026-06-29 12:21:58Z" duration="0.7133583">
  <test-suite type="TestSuite" id="1461" name="Cheddar and Cocoa" fullname="Cheddar and Cocoa" runstate="Runnable" testcasecount="378" result="Passed" start-time="2026-06-29 12:21:58Z" end-time="2026-06-29 12:21:58Z" duration="0.713358" total="5" passed="5" failed="0" inconclusive="0" skipped="0" asserts="0">
    <properties>
      <property name="platform" value="PlayMode" />
    </properties>
    <test-suite type="Assembly" id="1453" name="CheddarAndCocoa.Tests.PlayMode.dll" fullname="/Users/kchapman/Weeniegame/unity/CheddarAndCocoa/Library/ScriptAssemblies/CheddarAndCocoa.Tests.PlayMode.dll" runstate="Runnable" testcasecount="378" result="Passed" start-time="2026-06-29 12:21:58Z" end-time="2026-06-29 12:21:58Z" duration="0.705684" total="5" passed="5" failed="0" inconclusive="0" skipped="0" asserts="0">
      <properties>
        <property name="_PID" value="77112" />
        <property name="_APPDOMAIN" value="Unity Child Domain" />
        <property name="platform" value="PlayMode" />
        <property name="EditorOnly" value="False" />
      </properties>
      <test-suite type="TestSuite" id="1454" name="CheddarAndCocoa" fullname="CheddarAndCocoa" runstate="Runnable" testcasecount="378" result="Passed" start-time="2026-06-29 12:21:58Z" end-time="2026-06-29 12:21:58Z" duration="0.701346" total="5" passed="5" failed="0" inconclusive="0" skipped="0" asserts="0">
        <properties />
        <test-suite type="TestSuite" id="1457" name="Tests" fullname="CheddarAndCocoa.Tests" runstate="Runnable" testcasecount="376" result="Passed" start-time="2026-06-29 12:21:58Z" end-time="2026-06-29 12:21:58Z" duration="0.697603" total="5" passed="5" failed="0" inconclusive="0" skipped="0" asserts="0">
          <properties />
          <test-suite type="TestFixture" id="1328" name="KitchenFoodFrenzyPlayModeTests" fullname="CheddarAndCocoa.Tests.KitchenFoodFrenzyPlayModeTests" classname="CheddarAndCocoa.Tests.KitchenFoodFrenzyPlayModeTests" runstate="Runnable" testcasecount="5" result="Passed" start-time="2026-06-29 12:21:58Z" end-time="2026-06-29 12:21:58Z" duration="0.691401" total="5" passed="5" failed="0" inconclusive="0" skipped="0" asserts="0">
            <properties />
            <test-case id="1330" name="KitchenFrenzy_BarkKnockHasReadablePreDropTelegraph" fullname="CheddarAndCocoa.Tests.KitchenFoodFrenzyPlayModeTests.KitchenFrenzy_BarkKnockHasReadablePreDropTelegraph" methodname="KitchenFrenzy_BarkKnockHasReadablePreDropTelegraph" classname="CheddarAndCocoa.Tests.KitchenFoodFrenzyPlayModeTests" runstate="Runnable" seed="42494586" result="Passed" start-time="2026-06-29 12:21:58Z" end-time="2026-06-29 12:21:58Z" duration="0.521756" asserts="0">
              <properties>
                <property name="_JOINTYPE" value="UnityCombinatorial" />
                <property name="retryIteration" value="0" />
                <property name="repeatIteration" value="0" />
              </properties>
            </test-case>
            <test-case id="1329" name="KitchenFrenzy_IsSelectableAndBuildsReadableRoleStations" fullname="CheddarAndCocoa.Tests.KitchenFoodFrenzyPlayModeTests.KitchenFrenzy_IsSelectableAndBuildsReadableRoleStations" methodname="KitchenFrenzy_IsSelectableAndBuildsReadableRoleStations" classname="CheddarAndCocoa.Tests.KitchenFoodFrenzyPlayModeTests" runstate="Runnable" seed="236174185" result="Passed" start-time="2026-06-29 12:21:58Z" end-time="2026-06-29 12:21:58Z" duration="0.034977" asserts="0">
              <properties>
                <property name="_JOINTYPE" value="UnityCombinatorial" />
                <property name="retryIteration" value="0" />
                <property name="repeatIteration" value="0" />
              </properties>
            </test-case>
            <test-case id="1332" name="KitchenFrenzy_ReplayResetsFoodAndComboState" fullname="CheddarAndCocoa.Tests.KitchenFoodFrenzyPlayModeTests.KitchenFrenzy_ReplayResetsFoodAndComboState" methodname="KitchenFrenzy_ReplayResetsFoodAndComboState" classname="CheddarAndCocoa.Tests.KitchenFoodFrenzyPlayModeTests" runstate="Runnable" seed="206234589" result="Passed" start-time="2026-06-29 12:21:58Z" end-time="2026-06-29 12:21:58Z" duration="0.041593" asserts="0">
              <properties>
                <property name="_JOINTYPE" value="UnityCombinatorial" />
                <property name="retryIteration" value="0" />
                <property name="repeatIteration" value="0" />
              </properties>
            </test-case>
            <test-case id="1331" name="KitchenFrenzy_RoleFailuresFoodTypesAndClearPathAreDeterministic" fullname="CheddarAndCocoa.Tests.KitchenFoodFrenzyPlayModeTests.KitchenFrenzy_RoleFailuresFoodTypesAndClearPathAreDeterministic" methodname="KitchenFrenzy_RoleFailuresFoodTypesAndClearPathAreDeterministic" classname="CheddarAndCocoa.Tests.KitchenFoodFrenzyPlayModeTests" runstate="Runnable" seed="1987676445" result="Passed" start-time="2026-06-29 12:21:58Z" end-time="2026-06-29 12:21:58Z" duration="0.046173" asserts="0">
              <properties>
                <property name="_JOINTYPE" value="UnityCombinatorial" />
                <property name="retryIteration" value="0" />
                <property name="repeatIteration" value="0" />
              </properties>
            </test-case>
            <test-case id="1333" name="KitchenFrenzy_SwitchingMissionCleansOwnedActorsAndController" fullname="CheddarAndCocoa.Tests.KitchenFoodFrenzyPlayModeTests.KitchenFrenzy_SwitchingMissionCleansOwnedActorsAndController" methodname="KitchenFrenzy_SwitchingMissionCleansOwnedActorsAndController" classname="CheddarAndCocoa.Tests.KitchenFoodFrenzyPlayModeTests" runstate="Runnable" seed="1017974658" result="Passed" start-time="2026-06-29 12:21:58Z" end-time="2026-06-29 12:21:58Z" duration="0.040963" asserts="0">
              <properties>
                <property name="_JOINTYPE" value="UnityCombinatorial" />
                <property name="retryIteration" value="0" />
                <property name="repeatIteration" value="0" />
              </properties>
              <output><![CDATA[Saving results to: /Users/kchapman/Weeniegame/unity/test-results/kitchen-cues-playmode-results.xml
]]></output>
            </test-case>
          </test-suite>
        </test-suite>
      </test-suite>
    </test-suite>
  </test-suite>
</test-run>