<?xml version="1.0" encoding="utf-8"?>
<test-run id="2" testcasecount="428" result="Passed" total="428" passed="428" failed="0" inconclusive="0" skipped="0" asserts="0" engine-version="3.5.0.0" clr-version="4.0.30319.42000" start-time="2026-07-04 02:26:47Z" end-time="2026-07-04 02:27:23Z" duration="36.2247342">
  <test-suite type="TestSuite" id="1514" name="Cheddar and Cocoa" fullname="Cheddar and Cocoa" runstate="Runnable" testcasecount="428" result="Passed" start-time="2026-07-04 02:26:47Z" end-time="2026-07-04 02:27:23Z" duration="36.224734" total="428" passed="428" failed="0" inconclusive="0" skipped="0" asserts="0">
    <properties>
      <property name="platform" value="PlayMode" />
    </properties>
    <test-suite type="Assembly" id="1506" name="CheddarAndCocoa.Tests.PlayMode.dll" fullname="/Users/kchapman/Weeniegame-claude/unity/CheddarAndCocoa/Library/ScriptAssemblies/CheddarAndCocoa.Tests.PlayMode.dll" runstate="Runnable" testcasecount="428" result="Passed" start-time="2026-07-04 02:26:47Z" end-time="2026-07-04 02:27:23Z" duration="36.218343" total="428" passed="428" failed="0" inconclusive="0" skipped="0" asserts="0">
      <properties>
        <property name="_PID" value="2615" />
        <property name="_APPDOMAIN" value="Unity Child Domain" />
        <property name="platform" value="PlayMode" />
        <property name="EditorOnly" value="False" />
      </properties>
      <test-suite type="TestSuite" id="1507" name="CheddarAndCocoa" fullname="CheddarAndCocoa" runstate="Runnable" testcasecount="428" result="Passed" start-time="2026-07-04 02:26:47Z" end-time="2026-07-04 02:27:23Z" duration="36.214689" total="428" passed="428" failed="0" inconclusive="0" skipped="0" asserts="0">
        <properties />
        <test-suite type="TestSuite" id="1508" name="Game" fullname="CheddarAndCocoa.Game" runstate="Runnable" testcasecount="2" result="Passed" start-time="2026-07-04 02:26:47Z" end-time="2026-07-04 02:26:47Z" duration="0.021280" total="2" passed="2" failed="0" inconclusive="0" skipped="0" asserts="0">
          <properties />
          <test-suite type="TestSuite" id="1509" name="Tests" fullname="CheddarAndCocoa.Game.Tests" runstate="Runnable" testcasecount="2" result="Passed" start-time="2026-07-04 02:26:47Z" end-time="2026-07-04 02:26:47Z" duration="0.020899" total="2" passed="2" failed="0" inconclusive="0" skipped="0" asserts="0">
            <properties />
            <test-suite type="TestFixture" id="1001" name="MissionControllerRegistryTests" fullname="CheddarAndCocoa.Game.Tests.MissionControllerRegistryTests" classname="CheddarAndCocoa.Game.Tests.MissionControllerRegistryTests" runstate="Runnable" testcasecount="2" result="Passed" start-time="2026-07-04 02:26:47Z" end-time="2026-07-04 02:26:47Z" duration="0.020214" total="2" passed="2" failed="0" inconclusive="0" skipped="0" asserts="0">
              <properties />
              <test-case id="1002" name="RegisteredMissions_HaveMatchingControllerAndDefinition" fullname="CheddarAndCocoa.Game.Tests.MissionControllerRegistryTests.RegisteredMissions_HaveMatchingControllerAndDefinition" methodname="RegisteredMissions_HaveMatchingControllerAndDefinition" classname="CheddarAndCocoa.Game.Tests.MissionControllerRegistryTests" runstate="Runnable" seed="586903500" result="Passed" start-time="2026-07-04 02:26:47Z" end-time="2026-07-04 02:26:47Z" duration="0.014253" asserts="0">
                <properties>
                  <property name="retryIteration" value="0" />
                  <property name="repeatIteration" value="0" />
                </properties>
              </test-case>
              <test-case id="1003" name="UnknownVariant_HasNoControllerRegistration" fullname="CheddarAndCocoa.Game.Tests.MissionControllerRegistryTests.UnknownVariant_HasNoControllerRegistration" methodname="UnknownVariant_HasNoControllerRegistration" classname="CheddarAndCocoa.Game.Tests.MissionControllerRegistryTests" runstate="Runnable" seed="739451172" result="Passed" start-time="2026-07-04 02:26:47Z" end-time="2026-07-04 02:26:47Z" duration="0.000227" asserts="0">
                <properties>
                  <property name="retryIteration" value="0" />
                  <property name="repeatIteration" value="0" />
                </properties>
              </test-case>
            </test-suite>
          </test-suite>
        </test-suite>
        <test-suite type="TestSuite" id="1510" name="Tests" fullname="CheddarAndCocoa.Tests" runstate="Runnable" testcasecount="426" result="Passed" start-time="2026-07-04 02:26:47Z" end-time="2026-07-04 02:27:23Z" duration="36.190722" total="426" passed="426" failed="0" inconclusive="0" skipped="0" asserts="0">
          <properties />
          <test-suite type="TestFixture" id="1004" name="ActorSignalBadgePlayModeTests" fullname="CheddarAndCocoa.Tests.ActorSignalBadgePlayModeTests" classname="CheddarAndCocoa.Tests.ActorSignalBadgePlayModeTests" runstate="Runnable" testcasecount="7" result="Passed" start-time="2026-07-04 02:26:47Z" end-time="2026-07-04 02:26:48Z" duration="1.613330" total="7" passed="7" failed="0" inconclusive="0" skipped="0" asserts="0">
            <properties />
            <test-case id="1011" name="CarRide_NearSpillTilt_RaisesWarningSignal" fullname="CheddarAndCocoa.Tests.ActorSignalBadgePlayModeTests.CarRide_NearSpillTilt_RaisesWarningSignal" methodname="CarRide_NearSpillTilt_RaisesWarningSignal" classname="CheddarAndCocoa.Tests.ActorSignalBadgePlayModeTests" runstate="Runnable" seed="529325983" result="Passed" start-time="2026-07-04 02:26:47Z" end-time="2026-07-04 02:26:47Z" duration="0.654627" asserts="0">
              <properties>
                <property name="_JOINTYPE" value="UnityCombinatorial" />
                <property name="retryIteration" value="0" />
                <property name="repeatIteration" value="0" />
              </properties>
            </test-case>
            <test-case id="1010" name="EagleShadow_TalonRescue_SignalsWigglePhaseThenPullWindow" fullname="CheddarAndCocoa.Tests.ActorSignalBadgePlayModeTests.EagleShadow_TalonRescue_SignalsWigglePhaseThenPullWindow" methodname="EagleShadow_TalonRescue_SignalsWigglePhaseThenPullWindow" classname="CheddarAndCocoa.Tests.ActorSignalBadgePlayModeTests" runstate="Runnable" seed="188626101" result="Passed" start-time="2026-07-04 02:26:47Z" end-time="2026-07-04 02:26:47Z" duration="0.068331" asserts="0">
              <properties>
                <property name="_JOINTYPE" value="UnityCombinatorial" />
                <property name="retryIteration" value="0" />
                <property name="repeatIteration" value="0" />
              </properties>
            </test-case>
            <test-case id="1008" name="MarkTheYard_StealingProwl_RaisesDistanceSignal" fullname="CheddarAndCocoa.Tests.ActorSignalBadgePlayModeTests.MarkTheYard_StealingProwl_RaisesDistanceSignal" methodname="MarkTheYard_StealingProwl_RaisesDistanceSignal" classname="CheddarAndCocoa.Tests.ActorSignalBadgePlayModeTests" runstate="Runnable" seed="704918333" result="Passed" start-time="2026-07-04 02:26:47Z" end-time="2026-07-04 02:26:48Z" duration="0.656517" asserts="0">
              <properties>
                <property name="_JOINTYPE" value="UnityCombinatorial" />
                <property name="retryIteration" value="0" />
                <property name="repeatIteration" value="0" />
              </properties>
            </test-case>
            <test-case id="1006" name="PredatorWarning_ShowsWarningIcon_UntilHuddleBarkResolves" fullname="CheddarAndCocoa.Tests.ActorSignalBadgePlayModeTests.PredatorWarning_ShowsWarningIcon_UntilHuddleBarkResolves" methodname="PredatorWarning_ShowsWarningIcon_UntilHuddleBarkResolves" classname="CheddarAndCocoa.Tests.ActorSignalBadgePlayModeTests" runstate="Runnable" seed="1770893385" result="Passed" start-time="2026-07-04 02:26:48Z" end-time="2026-07-04 02:26:48Z" duration="0.067222" asserts="0">
              <properties>
                <property name="_JOINTYPE" value="UnityCombinatorial" />
                <property name="retryIteration" value="0" />
                <property name="repeatIteration" value="0" />
              </properties>
              <output><![CDATA[[Cheddar] WOOF!
[Cocoa] WOOF!
]]></output>
            </test-case>
            <test-case id="1007" name="SignalBadge_KeepsFixedUprightWorldPose" fullname="CheddarAndCocoa.Tests.ActorSignalBadgePlayModeTests.SignalBadge_KeepsFixedUprightWorldPose" methodname="SignalBadge_KeepsFixedUprightWorldPose" classname="CheddarAndCocoa.Tests.ActorSignalBadgePlayModeTests" runstate="Runnable" seed="2034133911" result="Passed" start-time="2026-07-04 02:26:48Z" end-time="2026-07-04 02:26:48Z" duration="0.052837" asserts="0">
              <properties>
                <property name="_JOINTYPE" value="UnityCombinatorial" />
                <property name="retryIteration" value="0" />
                <property name="repeatIteration" value="0" />
              </properties>
            </test-case>
            <test-case id="1009" name="SockPanic_OpenBasketDiveWindow_RaisesCommandSignal" fullname="CheddarAndCocoa.Tests.ActorSignalBadgePlayModeTests.SockPanic_OpenBasketDiveWindow_RaisesCommandSignal" methodname="SockPanic_OpenBasketDiveWindow_RaisesCommandSignal" classname="CheddarAndCocoa.Tests.ActorSignalBadgePlayModeTests" runstate="Runnable" seed="2014923177" result="Passed" start-time="2026-07-04 02:26:48Z" end-time="2026-07-04 02:26:48Z" duration="0.056275" asserts="0">
              <properties>
                <property name="_JOINTYPE" value="UnityCombinatorial" />
                <property name="retryIteration" value="0" />
                <property name="repeatIteration" value="0" />
              </properties>
            </test-case>
            <test-case id="1005" name="SquirrelSteal_ShowsDistanceIconSignal_WhileTextStaysContextual" fullname="CheddarAndCocoa.Tests.ActorSignalBadgePlayModeTests.SquirrelSteal_ShowsDistanceIconSignal_WhileTextStaysContextual" methodname="SquirrelSteal_ShowsDistanceIconSignal_WhileTextStaysContextual" classname="CheddarAndCocoa.Tests.ActorSignalBadgePlayModeTests" runstate="Runnable" seed="1127816377" result="Passed" start-time="2026-07-04 02:26:48Z" end-time="2026-07-04 02:26:48Z" duration="0.054552" asserts="0">
              <properties>
                <property name="_JOINTYPE" value="UnityCombinatorial" />
                <property name="retryIteration" value="0" />
                <property name="repeatIteration" value="0" />
              </properties>
            </test-case>
          </test-suite>
          <test-suite type="TestFixture" id="1012" name="AdventureMapControllerPlayModeTests" fullname="CheddarAndCocoa.Tests.AdventureMapControllerPlayModeTests" classname="CheddarAndCocoa.Tests.AdventureMapControllerPlayModeTests" runstate="Runnable" testcasecount="6" result="Passed" start-time="2026-07-04 02:26:48Z" end-time="2026-07-04 02:26:48Z" duration="0.007103" total="6" passed="6" failed="0" inconclusive="0" skipped="0" asserts="0">
            <properties />
            <test-case id="1018" name="AdventureMapPreviews_UseRealSprites_NotPrimitiveSquares" fullname="CheddarAndCocoa.Tests.AdventureMapControllerPlayModeTests.AdventureMapPreviews_UseRealSprites_NotPrimitiveSquares" methodname="AdventureMapPreviews_UseRealSprites_NotPrimitiveSquares" classname="CheddarAndCocoa.Tests.AdventureMapControllerPlayModeTests" runstate="Runnable" seed="360079931" result="Passed" start-time="2026-07-04 02:26:48Z" end-time="2026-07-04 02:26:48Z" duration="0.004752" asserts="0">
              <properties>
                <property name="retryIteration" value="0" />
                <property name="repeatIteration" value="0" />
              </properties>
            </test-case>
            <test-case id="1013" name="FreshMap_SelectsUnlockedBackyardAndQueuesMission" fullname="CheddarAndCocoa.Tests.AdventureMapControllerPlayModeTests.FreshMap_SelectsUnlockedBackyardAndQueuesMission" methodname="FreshMap_SelectsUnlockedBackyardAndQueuesMission" classname="CheddarAndCocoa.Tests.AdventureMapControllerPlayModeTests" runstate="Runnable" seed="1222379523" result="Passed" start-time="2026-07-04 02:26:48Z" end-time="2026-07-04 02:26:48Z" duration="0.000312" asserts="0">
              <properties>
                <property name="retryIteration" value="0" />
                <property name="repeatIteration" value="0" />
              </properties>
            </test-case>
            <test-case id="1017" name="LocationSelection_WrapsAndResetsMissionSelection" fullname="CheddarAndCocoa.Tests.AdventureMapControllerPlayModeTests.LocationSelection_WrapsAndResetsMissionSelection" methodname="LocationSelection_WrapsAndResetsMissionSelection" classname="CheddarAndCocoa.Tests.AdventureMapControllerPlayModeTests" runstate="Runnable" seed="1990355040" result="Passed" start-time="2026-07-04 02:26:48Z" end-time="2026-07-04 02:26:48Z" duration="0.000222" asserts="0">
              <properties>
                <property name="retryIteration" value="0" />
                <property name="repeatIteration" value="0" />
              </properties>
            </test-case>
            <test-case id="1014" name="LockedLocation_DoesNotQueueMissionLaunch" fullname="CheddarAndCocoa.Tests.AdventureMapControllerPlayModeTests.LockedLocation_DoesNotQueueMissionLaunch" methodname="LockedLocation_DoesNotQueueMissionLaunch" classname="CheddarAndCocoa.Tests.AdventureMapControllerPlayModeTests" runstate="Runnable" seed="1519196891" result="Passed" start-time="2026-07-04 02:26:48Z" end-time="2026-07-04 02:26:48Z" duration="0.000081" asserts="0">
              <properties>
                <property name="retryIteration" value="0" />
                <property name="repeatIteration" value="0" />
              </properties>
            </test-case>
            <test-case id="1016" name="MissionRows_ShowBestProgressFromSave" fullname="CheddarAndCocoa.Tests.AdventureMapControllerPlayModeTests.MissionRows_ShowBestProgressFromSave" methodname="MissionRows_ShowBestProgressFromSave" classname="CheddarAndCocoa.Tests.AdventureMapControllerPlayModeTests" runstate="Runnable" seed="2118559142" result="Passed" start-time="2026-07-04 02:26:48Z" end-time="2026-07-04 02:26:48Z" duration="0.000334" asserts="0">
              <properties>
                <property name="retryIteration" value="0" />
                <property name="repeatIteration" value="0" />
              </properties>
            </test-case>
            <test-case id="1015" name="UnlockedLocation_QueuesSelectedMission" fullname="CheddarAndCocoa.Tests.AdventureMapControllerPlayModeTests.UnlockedLocation_QueuesSelectedMission" methodname="UnlockedLocation_QueuesSelectedMission" classname="CheddarAndCocoa.Tests.AdventureMapControllerPlayModeTests" runstate="Runnable" seed="1640261933" result="Passed" start-time="2026-07-04 02:26:48Z" end-time="2026-07-04 02:26:48Z" duration="0.000113" asserts="0">
              <properties>
                <property name="retryIteration" value="0" />
                <property name="repeatIteration" value="0" />
              </properties>
            </test-case>
          </test-suite>
          <test-suite type="TestFixture" id="1019" name="AdventureProgressionPlayModeTests" fullname="CheddarAndCocoa.Tests.AdventureProgressionPlayModeTests" classname="CheddarAndCocoa.Tests.AdventureProgressionPlayModeTests" runstate="Runnable" testcasecount="6" result="Passed" start-time="2026-07-04 02:26:48Z" end-time="2026-07-04 02:26:48Z" duration="0.006426" total="6" passed="6" failed="0" inconclusive="0" skipped="0" asserts="0">
            <properties />
            <test-case id="1024" name="CorruptSave_FallsBackToFreshProgress" fullname="CheddarAndCocoa.Tests.AdventureProgressionPlayModeTests.CorruptSave_FallsBackToFreshProgress" methodname="CorruptSave_FallsBackToFreshProgress" classname="CheddarAndCocoa.Tests.AdventureProgressionPlayModeTests" runstate="Runnable" seed="134961387" result="Passed" start-time="2026-07-04 02:26:48Z" end-time="2026-07-04 02:26:48Z" duration="0.003200" asserts="0">
              <properties>
                <property name="retryIteration" value="0" />
                <property name="repeatIteration" value="0" />
              </properties>
              <output><![CDATA[Adventure progress save could not be read. Starting fresh. JSON parse error: Invalid value.
]]></output>
            </test-case>
            <test-case id="1025" name="EighteenStars_UnlocksNeighborhoodPark" fullname="CheddarAndCocoa.Tests.AdventureProgressionPlayModeTests.EighteenStars_UnlocksNeighborhoodPark" methodname="EighteenStars_UnlocksNeighborhoodPark" classname="CheddarAndCocoa.Tests.AdventureProgressionPlayModeTests" runstate="Runnable" seed="892442217" result="Passed" start-time="2026-07-04 02:26:48Z" end-time="2026-07-04 02:26:48Z" duration="0.000082" asserts="0">
              <properties>
                <property name="retryIteration" value="0" />
                <property name="repeatIteration" value="0" />
              </properties>
            </test-case>
            <test-case id="1020" name="FreshProgress_StartsWithOnlyBackyardUnlocked" fullname="CheddarAndCocoa.Tests.AdventureProgressionPlayModeTests.FreshProgress_StartsWithOnlyBackyardUnlocked" methodname="FreshProgress_StartsWithOnlyBackyardUnlocked" classname="CheddarAndCocoa.Tests.AdventureProgressionPlayModeTests" runstate="Runnable" seed="544185227" result="Passed" start-time="2026-07-04 02:26:48Z" end-time="2026-07-04 02:26:48Z" duration="0.001448" asserts="0">
              <properties>
                <property name="retryIteration" value="0" />
                <property name="repeatIteration" value="0" />
              </properties>
            </test-case>
            <test-case id="1021" name="RecordingMissionResult_StoresBestAndUnlocksByStars" fullname="CheddarAndCocoa.Tests.AdventureProgressionPlayModeTests.RecordingMissionResult_StoresBestAndUnlocksByStars" methodname="RecordingMissionResult_StoresBestAndUnlocksByStars" classname="CheddarAndCocoa.Tests.AdventureProgressionPlayModeTests" runstate="Runnable" seed="90837849" result="Passed" start-time="2026-07-04 02:26:48Z" end-time="2026-07-04 02:26:48Z" duration="0.000091" asserts="0">
              <properties>
                <property name="retryIteration" value="0" />
                <property name="repeatIteration" value="0" />
              </properties>
            </test-case>
            <test-case id="1023" name="SaveLoad_RoundTripsMissionProgressAndUnlocks" fullname="CheddarAndCocoa.Tests.AdventureProgressionPlayModeTests.SaveLoad_RoundTripsMissionProgressAndUnlocks" methodname="SaveLoad_RoundTripsMissionProgressAndUnlocks" classname="CheddarAndCocoa.Tests.AdventureProgressionPlayModeTests" runstate="Runnable" seed="1845697556" result="Passed" start-time="2026-07-04 02:26:48Z" end-time="2026-07-04 02:26:48Z" duration="0.000676" asserts="0">
              <properties>
                <property name="retryIteration" value="0" />
                <property name="repeatIteration" value="0" />
              </properties>
            </test-case>
            <test-case id="1022" name="WeakerReplay_DoesNotLowerBestResult" fullname="CheddarAndCocoa.Tests.AdventureProgressionPlayModeTests.WeakerReplay_DoesNotLowerBestResult" methodname="WeakerReplay_DoesNotLowerBestResult" classname="CheddarAndCocoa.Tests.AdventureProgressionPlayModeTests" runstate="Runnable" seed="1051917996" result="Passed" start-time="2026-07-04 02:26:48Z" end-time="2026-07-04 02:26:48Z" duration="0.000094" asserts="0">
              <properties>
                <property name="retryIteration" value="0" />
                <property name="repeatIteration" value="0" />
              </properties>
            </test-case>
          </test-suite>
          <test-suite type="TestFixture" id="1026" name="AllMissionsSmokePlayModeTests" fullname="CheddarAndCocoa.Tests.AllMissionsSmokePlayModeTests" classname="CheddarAndCocoa.Tests.AllMissionsSmokePlayModeTests" runstate="Runnable" testcasecount="2" result="Passed" start-time="2026-07-04 02:26:48Z" end-time="2026-07-04 02:26:49Z" duration="0.253394" total="2" passed="2" failed="0" inconclusive="0" skipped="0" asserts="0">
            <properties />
            <test-case id="1028" name="EveryMission_ReplaysCleanlyFromTheEndScreen" fullname="CheddarAndCocoa.Tests.AllMissionsSmokePlayModeTests.EveryMission_ReplaysCleanlyFromTheEndScreen" methodname="EveryMission_ReplaysCleanlyFromTheEndScreen" classname="CheddarAndCocoa.Tests.AllMissionsSmokePlayModeTests" runstate="Runnable" seed="265920719" result="Passed" start-time="2026-07-04 02:26:48Z" end-time="2026-07-04 02:26:49Z" duration="0.165116" asserts="0">
              <properties>
                <property name="_JOINTYPE" value="UnityCombinatorial" />
                <property name="retryIteration" value="0" />
                <property name="repeatIteration" value="0" />
              </properties>
            </test-case>
            <test-case id="1027" name="EveryMission_StartsIntoAPlayableRound" fullname="CheddarAndCocoa.Tests.AllMissionsSmokePlayModeTests.EveryMission_StartsIntoAPlayableRound" methodname="EveryMission_StartsIntoAPlayableRound" classname="CheddarAndCocoa.Tests.AllMissionsSmokePlayModeTests" runstate="Runnable" seed="907800906" result="Passed" start-time="2026-07-04 02:26:49Z" end-time="2026-07-04 02:26:49Z" duration="0.087393" asserts="0">
              <properties>
                <property name="_JOINTYPE" value="UnityCombinatorial" />
                <property name="retryIteration" value="0" />
                <property name="repeatIteration" value="0" />
              </properties>
            </test-case>
          </test-suite>
          <test-suite type="TestFixture" id="1029" name="ArenaGameLoopPlayModeTests" fullname="CheddarAndCocoa.Tests.ArenaGameLoopPlayModeTests" classname="CheddarAndCocoa.Tests.ArenaGameLoopPlayModeTests" runstate="Runnable" testcasecount="14" result="Passed" start-time="2026-07-04 02:26:49Z" end-time="2026-07-04 02:26:57Z" duration="8.306721" total="14" passed="14" failed="0" inconclusive="0" skipped="0" asserts="0">
            <properties />
            <test-case id="1031" name="ArenaArtCatalog_DefinesReplaceableVisualSlots" fullname="CheddarAndCocoa.Tests.ArenaGameLoopPlayModeTests.ArenaArtCatalog_DefinesReplaceableVisualSlots" methodname="ArenaArtCatalog_DefinesReplaceableVisualSlots" classname="CheddarAndCocoa.Tests.ArenaGameLoopPlayModeTests" runstate="Runnable" seed="518711872" result="Passed" start-time="2026-07-04 02:26:49Z" end-time="2026-07-04 02:26:49Z" duration="0.004122" asserts="0">
              <properties>
                <property name="retryIteration" value="0" />
                <property name="repeatIteration" value="0" />
              </properties>
            </test-case>
            <test-case id="1036" name="ArenaFeedback_AudioAndRumbleRequests_AreEventDrivenAndToggleable" fullname="CheddarAndCocoa.Tests.ArenaGameLoopPlayModeTests.ArenaFeedback_AudioAndRumbleRequests_AreEventDrivenAndToggleable" methodname="ArenaFeedback_AudioAndRumbleRequests_AreEventDrivenAndToggleable" classname="CheddarAndCocoa.Tests.ArenaGameLoopPlayModeTests" runstate="Runnable" seed="618894079" result="Passed" start-time="2026-07-04 02:26:49Z" end-time="2026-07-04 02:26:49Z" duration="0.076044" asserts="0">
              <properties>
                <property name="_JOINTYPE" value="UnityCombinatorial" />
                <property name="retryIteration" value="0" />
                <property name="repeatIteration" value="0" />
              </properties>
              <output><![CDATA[[Cheddar] WOOF!
[Cheddar] WOOF!
[Cocoa] WOOF!
[Cheddar] WOOF!
[Cheddar] WOOF!
]]></output>
            </test-case>
            <test-case id="1032" name="ArenaFeedbackCatalog_DefinesReplaceableAudioCueSlots" fullname="CheddarAndCocoa.Tests.ArenaGameLoopPlayModeTests.ArenaFeedbackCatalog_DefinesReplaceableAudioCueSlots" methodname="ArenaFeedbackCatalog_DefinesReplaceableAudioCueSlots" classname="CheddarAndCocoa.Tests.ArenaGameLoopPlayModeTests" runstate="Runnable" seed="1635699696" result="Passed" start-time="2026-07-04 02:26:49Z" end-time="2026-07-04 02:26:49Z" duration="0.000604" asserts="0">
              <properties>
                <property name="retryIteration" value="0" />
                <property name="repeatIteration" value="0" />
              </properties>
            </test-case>
            <test-case id="1033" name="ArenaMovementCameraAndRangeFeel_AreConfigured_AndStateDriven" fullname="CheddarAndCocoa.Tests.ArenaGameLoopPlayModeTests.ArenaMovementCameraAndRangeFeel_AreConfigured_AndStateDriven" methodname="ArenaMovementCameraAndRangeFeel_AreConfigured_AndStateDriven" classname="CheddarAndCocoa.Tests.ArenaGameLoopPlayModeTests" runstate="Runnable" seed="1044386303" result="Passed" start-time="2026-07-04 02:26:49Z" end-time="2026-07-04 02:26:50Z" duration="0.835909" asserts="0">
              <properties>
                <property name="_JOINTYPE" value="UnityCombinatorial" />
                <property name="retryIteration" value="0" />
                <property name="repeatIteration" value="0" />
              </properties>
            </test-case>
            <test-case id="1030" name="ArenaTuningDefaults_AreCentralized_AndKeepMissionBalanceInRange" fullname="CheddarAndCocoa.Tests.ArenaGameLoopPlayModeTests.ArenaTuningDefaults_AreCentralized_AndKeepMissionBalanceInRange" methodname="ArenaTuningDefaults_AreCentralized_AndKeepMissionBalanceInRange" classname="CheddarAndCocoa.Tests.ArenaGameLoopPlayModeTests" runstate="Runnable" seed="1535685156" result="Passed" start-time="2026-07-04 02:26:50Z" end-time="2026-07-04 02:26:50Z" duration="0.000793" asserts="0">
              <properties>
                <property name="retryIteration" value="0" />
                <property name="repeatIteration" value="0" />
              </properties>
            </test-case>
            <test-case id="1034" name="BackyardMission_Objectives_Hazards_Tug_Clear_AndRestart" fullname="CheddarAndCocoa.Tests.ArenaGameLoopPlayModeTests.BackyardMission_Objectives_Hazards_Tug_Clear_AndRestart" methodname="BackyardMission_Objectives_Hazards_Tug_Clear_AndRestart" classname="CheddarAndCocoa.Tests.ArenaGameLoopPlayModeTests" runstate="Runnable" seed="665723956" result="Passed" start-time="2026-07-04 02:26:50Z" end-time="2026-07-04 02:26:55Z" duration="5.431363" asserts="0">
              <properties>
                <property name="_JOINTYPE" value="UnityCombinatorial" />
                <property name="retryIteration" value="0" />
                <property name="repeatIteration" value="0" />
              </properties>
              <output><![CDATA[[Cheddar] WOOF!
[Cheddar] WOOF!
[Cocoa] WOOF!
[Cheddar] WOOF!
[Cocoa] WOOF!
[Cheddar] WOOF!
[Cheddar] WOOF!
[Cocoa] WOOF!
[Cheddar] WOOF!
[Cocoa] WOOF!
[Cheddar] WOOF!
[Cocoa] WOOF!
]]></output>
            </test-case>
            <test-case id="1039" name="DemoRegression_ColdStartFlowDogsCameraOverlay_StayReachable" fullname="CheddarAndCocoa.Tests.ArenaGameLoopPlayModeTests.DemoRegression_ColdStartFlowDogsCameraOverlay_StayReachable" methodname="DemoRegression_ColdStartFlowDogsCameraOverlay_StayReachable" classname="CheddarAndCocoa.Tests.ArenaGameLoopPlayModeTests" runstate="Runnable" seed="1854781891" result="Passed" start-time="2026-07-04 02:26:55Z" end-time="2026-07-04 02:26:55Z" duration="0.059515" asserts="0">
              <properties>
                <property name="_JOINTYPE" value="UnityCombinatorial" />
                <property name="retryIteration" value="0" />
                <property name="repeatIteration" value="0" />
              </properties>
            </test-case>
            <test-case id="1038" name="MissionFlow_Select_StartsEveryMission_AndEndActionsNavigate" fullname="CheddarAndCocoa.Tests.ArenaGameLoopPlayModeTests.MissionFlow_Select_StartsEveryMission_AndEndActionsNavigate" methodname="MissionFlow_Select_StartsEveryMission_AndEndActionsNavigate" classname="CheddarAndCocoa.Tests.ArenaGameLoopPlayModeTests" runstate="Runnable" seed="1280352960" result="Passed" start-time="2026-07-04 02:26:55Z" end-time="2026-07-04 02:26:55Z" duration="0.054536" asserts="0">
              <properties>
                <property name="_JOINTYPE" value="UnityCombinatorial" />
                <property name="retryIteration" value="0" />
                <property name="repeatIteration" value="0" />
              </properties>
            </test-case>
            <test-case id="1040" name="MissionFlow_SessionTotals_UpdateAcrossTwoMissions" fullname="CheddarAndCocoa.Tests.ArenaGameLoopPlayModeTests.MissionFlow_SessionTotals_UpdateAcrossTwoMissions" methodname="MissionFlow_SessionTotals_UpdateAcrossTwoMissions" classname="CheddarAndCocoa.Tests.ArenaGameLoopPlayModeTests" runstate="Runnable" seed="1171111904" result="Passed" start-time="2026-07-04 02:26:55Z" end-time="2026-07-04 02:26:55Z" duration="0.059083" asserts="0">
              <properties>
                <property name="_JOINTYPE" value="UnityCombinatorial" />
                <property name="retryIteration" value="0" />
                <property name="repeatIteration" value="0" />
              </properties>
            </test-case>
            <test-case id="1037" name="Pause_DisablesPlay_AndAlwaysRestoresTimeScale" fullname="CheddarAndCocoa.Tests.ArenaGameLoopPlayModeTests.Pause_DisablesPlay_AndAlwaysRestoresTimeScale" methodname="Pause_DisablesPlay_AndAlwaysRestoresTimeScale" classname="CheddarAndCocoa.Tests.ArenaGameLoopPlayModeTests" runstate="Runnable" seed="889021283" result="Passed" start-time="2026-07-04 02:26:55Z" end-time="2026-07-04 02:26:55Z" duration="0.047638" asserts="0">
              <properties>
                <property name="_JOINTYPE" value="UnityCombinatorial" />
                <property name="retryIteration" value="0" />
                <property name="repeatIteration" value="0" />
              </properties>
            </test-case>
            <test-case id="1035" name="PlaytestOverlay_Toggles_AndEventLogCapturesFlowEvents" fullname="CheddarAndCocoa.Tests.ArenaGameLoopPlayModeTests.PlaytestOverlay_Toggles_AndEventLogCapturesFlowEvents" methodname="PlaytestOverlay_Toggles_AndEventLogCapturesFlowEvents" classname="CheddarAndCocoa.Tests.ArenaGameLoopPlayModeTests" runstate="Runnable" seed="1805518866" result="Passed" start-time="2026-07-04 02:26:55Z" end-time="2026-07-04 02:26:55Z" duration="0.060548" asserts="0">
              <properties>
                <property name="_JOINTYPE" value="UnityCombinatorial" />
                <property name="retryIteration" value="0" />
                <property name="repeatIteration" value="0" />
              </properties>
              <output><![CDATA[[Cheddar] WOOF!
[Cheddar] interact (grab placeholder)
]]></output>
            </test-case>
            <test-case id="1041" name="SnackHeist_Initializes_Scores_Clears_Fails_AndReplays" fullname="CheddarAndCocoa.Tests.ArenaGameLoopPlayModeTests.SnackHeist_Initializes_Scores_Clears_Fails_AndReplays" methodname="SnackHeist_Initializes_Scores_Clears_Fails_AndReplays" classname="CheddarAndCocoa.Tests.ArenaGameLoopPlayModeTests" runstate="Runnable" seed="750705412" result="Passed" start-time="2026-07-04 02:26:55Z" end-time="2026-07-04 02:26:55Z" duration="0.052994" asserts="0">
              <properties>
                <property name="_JOINTYPE" value="UnityCombinatorial" />
                <property name="retryIteration" value="0" />
                <property name="repeatIteration" value="0" />
              </properties>
            </test-case>
            <test-case id="1042" name="SockPanic_Initializes_Scores_Clears_Fails_AndReplays" fullname="CheddarAndCocoa.Tests.ArenaGameLoopPlayModeTests.SockPanic_Initializes_Scores_Clears_Fails_AndReplays" methodname="SockPanic_Initializes_Scores_Clears_Fails_AndReplays" classname="CheddarAndCocoa.Tests.ArenaGameLoopPlayModeTests" runstate="Runnable" seed="1659621954" result="Passed" start-time="2026-07-04 02:26:55Z" end-time="2026-07-04 02:26:55Z" duration="0.072961" asserts="0">
              <properties>
                <property name="_JOINTYPE" value="UnityCombinatorial" />
                <property name="retryIteration" value="0" />
                <property name="repeatIteration" value="0" />
              </properties>
            </test-case>
            <test-case id="1043" name="ThreatActors_AreOnScreenAndReadable_NotOffscreenSpinningBlobs" fullname="CheddarAndCocoa.Tests.ArenaGameLoopPlayModeTests.ThreatActors_AreOnScreenAndReadable_NotOffscreenSpinningBlobs" methodname="ThreatActors_AreOnScreenAndReadable_NotOffscreenSpinningBlobs" classname="CheddarAndCocoa.Tests.ArenaGameLoopPlayModeTests" runstate="Runnable" seed="705059226" result="Passed" start-time="2026-07-04 02:26:55Z" end-time="2026-07-04 02:26:57Z" duration="1.548523" asserts="0">
              <properties>
                <property name="_JOINTYPE" value="UnityCombinatorial" />
                <property name="retryIteration" value="0" />
                <property name="repeatIteration" value="0" />
              </properties>
            </test-case>
          </test-suite>
          <test-suite type="TestFixture" id="1044" name="BackyardArtEnhancerScenePlayModeTests" fullname="CheddarAndCocoa.Tests.BackyardArtEnhancerScenePlayModeTests" classname="CheddarAndCocoa.Tests.BackyardArtEnhancerScenePlayModeTests" runstate="Runnable" testcasecount="6" result="Passed" start-time="2026-07-04 02:26:57Z" end-time="2026-07-04 02:26:58Z" duration="1.543227" total="6" passed="6" failed="0" inconclusive="0" skipped="0" asserts="0">
            <properties />
            <test-case id="1050" name="ArenaWowSetDressing_InstallsAnimatedDetailsForEveryMission" fullname="CheddarAndCocoa.Tests.BackyardArtEnhancerScenePlayModeTests.ArenaWowSetDressing_InstallsAnimatedDetailsForEveryMission" methodname="ArenaWowSetDressing_InstallsAnimatedDetailsForEveryMission" classname="CheddarAndCocoa.Tests.BackyardArtEnhancerScenePlayModeTests" runstate="Runnable" seed="1457235186" result="Passed" start-time="2026-07-04 02:26:57Z" end-time="2026-07-04 02:26:57Z" duration="0.098111" asserts="0">
              <properties>
                <property name="_JOINTYPE" value="UnityCombinatorial" />
                <property name="retryIteration" value="0" />
                <property name="repeatIteration" value="0" />
              </properties>
            </test-case>
            <test-case id="1046" name="BackyardArtEnhancer_AddsNoDogPaintedBackyardPlateBehindGameplay" fullname="CheddarAndCocoa.Tests.BackyardArtEnhancerScenePlayModeTests.BackyardArtEnhancer_AddsNoDogPaintedBackyardPlateBehindGameplay" methodname="BackyardArtEnhancer_AddsNoDogPaintedBackyardPlateBehindGameplay" classname="CheddarAndCocoa.Tests.BackyardArtEnhancerScenePlayModeTests" runstate="Runnable" seed="992571517" result="Passed" start-time="2026-07-04 02:26:57Z" end-time="2026-07-04 02:26:57Z" duration="0.049131" asserts="0">
              <properties>
                <property name="_JOINTYPE" value="UnityCombinatorial" />
                <property name="retryIteration" value="0" />
                <property name="repeatIteration" value="0" />
              </properties>
            </test-case>
            <test-case id="1045" name="BackyardArtEnhancer_InstallsWithoutBlockingArenaStart" fullname="CheddarAndCocoa.Tests.BackyardArtEnhancerScenePlayModeTests.BackyardArtEnhancer_InstallsWithoutBlockingArenaStart" methodname="BackyardArtEnhancer_InstallsWithoutBlockingArenaStart" classname="CheddarAndCocoa.Tests.BackyardArtEnhancerScenePlayModeTests" runstate="Runnable" seed="1605203192" result="Passed" start-time="2026-07-04 02:26:57Z" end-time="2026-07-04 02:26:57Z" duration="0.048265" asserts="0">
              <properties>
                <property name="_JOINTYPE" value="UnityCombinatorial" />
                <property name="retryIteration" value="0" />
                <property name="repeatIteration" value="0" />
              </properties>
            </test-case>
            <test-case id="1047" name="BackyardThreatPresentation_UsesQuietReferenceArtGroundShadowsAndEagleMotion" fullname="CheddarAndCocoa.Tests.BackyardArtEnhancerScenePlayModeTests.BackyardThreatPresentation_UsesQuietReferenceArtGroundShadowsAndEagleMotion" methodname="BackyardThreatPresentation_UsesQuietReferenceArtGroundShadowsAndEagleMotion" classname="CheddarAndCocoa.Tests.BackyardArtEnhancerScenePlayModeTests" runstate="Runnable" seed="913927828" result="Passed" start-time="2026-07-04 02:26:57Z" end-time="2026-07-04 02:26:57Z" duration="0.048140" asserts="0">
              <properties>
                <property name="_JOINTYPE" value="UnityCombinatorial" />
                <property name="retryIteration" value="0" />
                <property name="repeatIteration" value="0" />
              </properties>
            </test-case>
            <test-case id="1049" name="EagleRescuePresentation_HidesSquirrelOverlayFromTalonGripMarker" fullname="CheddarAndCocoa.Tests.BackyardArtEnhancerScenePlayModeTests.EagleRescuePresentation_HidesSquirrelOverlayFromTalonGripMarker" methodname="EagleRescuePresentation_HidesSquirrelOverlayFromTalonGripMarker" classname="CheddarAndCocoa.Tests.BackyardArtEnhancerScenePlayModeTests" runstate="Runnable" seed="805951573" result="Passed" start-time="2026-07-04 02:26:57Z" end-time="2026-07-04 02:26:57Z" duration="0.050696" asserts="0">
              <properties>
                <property name="_JOINTYPE" value="UnityCombinatorial" />
                <property name="retryIteration" value="0" />
                <property name="repeatIteration" value="0" />
              </properties>
            </test-case>
            <test-case id="1048" name="EagleThreat_AnimatesWithWingFramesNotBodyScalePulse" fullname="CheddarAndCocoa.Tests.BackyardArtEnhancerScenePlayModeTests.EagleThreat_AnimatesWithWingFramesNotBodyScalePulse" methodname="EagleThreat_AnimatesWithWingFramesNotBodyScalePulse" classname="CheddarAndCocoa.Tests.BackyardArtEnhancerScenePlayModeTests" runstate="Runnable" seed="1214976477" result="Passed" start-time="2026-07-04 02:26:57Z" end-time="2026-07-04 02:26:58Z" duration="1.247802" asserts="0">
              <properties>
                <property name="_JOINTYPE" value="UnityCombinatorial" />
                <property name="retryIteration" value="0" />
                <property name="repeatIteration" value="0" />
              </properties>
            </test-case>
          </test-suite>
          <test-suite type="TestFixture" id="1051" name="BackyardArtIntegrationPlayModeTests" fullname="CheddarAndCocoa.Tests.BackyardArtIntegrationPlayModeTests" classname="CheddarAndCocoa.Tests.BackyardArtIntegrationPlayModeTests" runstate="Runnable" testcasecount="9" result="Passed" start-time="2026-07-04 02:26:58Z" end-time="2026-07-04 02:26:58Z" duration="0.005033" total="9" passed="9" failed="0" inconclusive="0" skipped="0" asserts="0">
            <properties />
            <test-case id="1058" name="ArtSpriteOverlay_CanSwapRuntimeSprite" fullname="CheddarAndCocoa.Tests.BackyardArtIntegrationPlayModeTests.ArtSpriteOverlay_CanSwapRuntimeSprite" methodname="ArtSpriteOverlay_CanSwapRuntimeSprite" classname="CheddarAndCocoa.Tests.BackyardArtIntegrationPlayModeTests" runstate="Runnable" seed="1197755300" result="Passed" start-time="2026-07-04 02:26:58Z" end-time="2026-07-04 02:26:58Z" duration="0.000344" asserts="0">
              <properties>
                <property name="retryIteration" value="0" />
                <property name="repeatIteration" value="0" />
              </properties>
            </test-case>
            <test-case id="1057" name="ArtSpriteOverlay_WithGeneratedSprite_ReportsRuntimeSprite" fullname="CheddarAndCocoa.Tests.BackyardArtIntegrationPlayModeTests.ArtSpriteOverlay_WithGeneratedSprite_ReportsRuntimeSprite" methodname="ArtSpriteOverlay_WithGeneratedSprite_ReportsRuntimeSprite" classname="CheddarAndCocoa.Tests.BackyardArtIntegrationPlayModeTests" runstate="Runnable" seed="565815785" result="Passed" start-time="2026-07-04 02:26:58Z" end-time="2026-07-04 02:26:58Z" duration="0.000139" asserts="0">
              <properties>
                <property name="retryIteration" value="0" />
                <property name="repeatIteration" value="0" />
              </properties>
            </test-case>
            <test-case id="1056" name="ArtSpriteOverlay_WithNullSprite_DoesNotBreakFallbackObject" fullname="CheddarAndCocoa.Tests.BackyardArtIntegrationPlayModeTests.ArtSpriteOverlay_WithNullSprite_DoesNotBreakFallbackObject" methodname="ArtSpriteOverlay_WithNullSprite_DoesNotBreakFallbackObject" classname="CheddarAndCocoa.Tests.BackyardArtIntegrationPlayModeTests" runstate="Runnable" seed="1708932706" result="Passed" start-time="2026-07-04 02:26:58Z" end-time="2026-07-04 02:26:58Z" duration="0.000166" asserts="0">
              <properties>
                <property name="retryIteration" value="0" />
                <property name="repeatIteration" value="0" />
              </properties>
            </test-case>
            <test-case id="1059" name="BackyardArtVfxPulse_MissingDraftSprite_ReturnsNullSafely" fullname="CheddarAndCocoa.Tests.BackyardArtIntegrationPlayModeTests.BackyardArtVfxPulse_MissingDraftSprite_ReturnsNullSafely" methodname="BackyardArtVfxPulse_MissingDraftSprite_ReturnsNullSafely" classname="CheddarAndCocoa.Tests.BackyardArtIntegrationPlayModeTests" runstate="Runnable" seed="2114320630" result="Passed" start-time="2026-07-04 02:26:58Z" end-time="2026-07-04 02:26:58Z" duration="0.000520" asserts="0">
              <properties>
                <property name="retryIteration" value="0" />
                <property name="repeatIteration" value="0" />
              </properties>
            </test-case>
            <test-case id="1060" name="DynamicTreatArtEnhancer_NoFinalArtStillScansSafely" fullname="CheddarAndCocoa.Tests.BackyardArtIntegrationPlayModeTests.DynamicTreatArtEnhancer_NoFinalArtStillScansSafely" methodname="DynamicTreatArtEnhancer_NoFinalArtStillScansSafely" classname="CheddarAndCocoa.Tests.BackyardArtIntegrationPlayModeTests" runstate="Runnable" seed="1920621248" result="Passed" start-time="2026-07-04 02:26:58Z" end-time="2026-07-04 02:26:58Z" duration="0.000276" asserts="0">
              <properties>
                <property name="retryIteration" value="0" />
                <property name="repeatIteration" value="0" />
              </properties>
            </test-case>
            <test-case id="1055" name="FinalDogPoseArt_ProvidesStableCheddarCocoaPosePaths" fullname="CheddarAndCocoa.Tests.BackyardArtIntegrationPlayModeTests.FinalDogPoseArt_ProvidesStableCheddarCocoaPosePaths" methodname="FinalDogPoseArt_ProvidesStableCheddarCocoaPosePaths" classname="CheddarAndCocoa.Tests.BackyardArtIntegrationPlayModeTests" runstate="Runnable" seed="1476538477" result="Passed" start-time="2026-07-04 02:26:58Z" end-time="2026-07-04 02:26:58Z" duration="0.000159" asserts="0">
              <properties>
                <property name="retryIteration" value="0" />
                <property name="repeatIteration" value="0" />
              </properties>
            </test-case>
            <test-case id="1053" name="FinalGameplayArt_ProvidesStableRuntimeResourcePaths" fullname="CheddarAndCocoa.Tests.BackyardArtIntegrationPlayModeTests.FinalGameplayArt_ProvidesStableRuntimeResourcePaths" methodname="FinalGameplayArt_ProvidesStableRuntimeResourcePaths" classname="CheddarAndCocoa.Tests.BackyardArtIntegrationPlayModeTests" runstate="Runnable" seed="1989777328" result="Passed" start-time="2026-07-04 02:26:58Z" end-time="2026-07-04 02:26:58Z" duration="0.000055" asserts="0">
              <properties>
                <property name="retryIteration" value="0" />
                <property name="repeatIteration" value="0" />
              </properties>
            </test-case>
            <test-case id="1054" name="GeneratedBackyardPlate_IsSceneryOnly_NotFrozenDogBackground" fullname="CheddarAndCocoa.Tests.BackyardArtIntegrationPlayModeTests.GeneratedBackyardPlate_IsSceneryOnly_NotFrozenDogBackground" methodname="GeneratedBackyardPlate_IsSceneryOnly_NotFrozenDogBackground" classname="CheddarAndCocoa.Tests.BackyardArtIntegrationPlayModeTests" runstate="Runnable" seed="1531006464" result="Passed" start-time="2026-07-04 02:26:58Z" end-time="2026-07-04 02:26:58Z" duration="0.000118" asserts="0">
              <properties>
                <property name="retryIteration" value="0" />
                <property name="repeatIteration" value="0" />
              </properties>
            </test-case>
            <test-case id="1052" name="RuntimeArtSpriteFactory_MissingOrPresentDraftArt_IsSafeToQuery" fullname="CheddarAndCocoa.Tests.BackyardArtIntegrationPlayModeTests.RuntimeArtSpriteFactory_MissingOrPresentDraftArt_IsSafeToQuery" methodname="RuntimeArtSpriteFactory_MissingOrPresentDraftArt_IsSafeToQuery" classname="CheddarAndCocoa.Tests.BackyardArtIntegrationPlayModeTests" runstate="Runnable" seed="778607030" result="Passed" start-time="2026-07-04 02:26:58Z" end-time="2026-07-04 02:26:58Z" duration="0.002216" asserts="0">
              <properties>
                <property name="retryIteration" value="0" />
                <property name="repeatIteration" value="0" />
              </properties>
            </test-case>
          </test-suite>
          <test-suite type="TestFixture" id="1061" name="BackyardEnvironmentPlayModeTests" fullname="CheddarAndCocoa.Tests.BackyardEnvironmentPlayModeTests" classname="CheddarAndCocoa.Tests.BackyardEnvironmentPlayModeTests" runstate="Runnable" testcasecount="23" result="Passed" start-time="2026-07-04 02:26:58Z" end-time="2026-07-04 02:26:59Z" duration="0.836248" total="23" passed="23" failed="0" inconclusive="0" skipped="0" asserts="0">
            <properties />
            <test-case id="1071" name="ArenaHud_LoadsGeneratedHudSkinForMenusAndOverlays" fullname="CheddarAndCocoa.Tests.BackyardEnvironmentPlayModeTests.ArenaHud_LoadsGeneratedHudSkinForMenusAndOverlays" methodname="ArenaHud_LoadsGeneratedHudSkinForMenusAndOverlays" classname="CheddarAndCocoa.Tests.BackyardEnvironmentPlayModeTests" runstate="Runnable" seed="1890094980" result="Passed" start-time="2026-07-04 02:26:58Z" end-time="2026-07-04 02:26:59Z" duration="0.048039" asserts="0">
              <properties>
                <property name="_JOINTYPE" value="UnityCombinatorial" />
                <property name="retryIteration" value="0" />
                <property name="repeatIteration" value="0" />
              </properties>
            </test-case>
            <test-case id="1079" name="ArenaWowSetDressing_AddsShowcaseSceneryWithoutGameplayColliders" fullname="CheddarAndCocoa.Tests.BackyardEnvironmentPlayModeTests.ArenaWowSetDressing_AddsShowcaseSceneryWithoutGameplayColliders" methodname="ArenaWowSetDressing_AddsShowcaseSceneryWithoutGameplayColliders" classname="CheddarAndCocoa.Tests.BackyardEnvironmentPlayModeTests" runstate="Runnable" seed="1761778700" result="Passed" start-time="2026-07-04 02:26:59Z" end-time="2026-07-04 02:26:59Z" duration="0.044674" asserts="0">
              <properties>
                <property name="_JOINTYPE" value="UnityCombinatorial" />
                <property name="retryIteration" value="0" />
                <property name="repeatIteration" value="0" />
              </properties>
            </test-case>
            <test-case id="1080" name="BackyardEnvironment_BuildsDecorativePropsInsideLargeYard" fullname="CheddarAndCocoa.Tests.BackyardEnvironmentPlayModeTests.BackyardEnvironment_BuildsDecorativePropsInsideLargeYard" methodname="BackyardEnvironment_BuildsDecorativePropsInsideLargeYard" classname="CheddarAndCocoa.Tests.BackyardEnvironmentPlayModeTests" runstate="Runnable" seed="1134612870" result="Passed" start-time="2026-07-04 02:26:59Z" end-time="2026-07-04 02:26:59Z" duration="0.051443" asserts="0">
              <properties>
                <property name="_JOINTYPE" value="UnityCombinatorial" />
                <property name="retryIteration" value="0" />
                <property name="repeatIteration" value="0" />
              </properties>
            </test-case>
            <test-case id="1085" name="BackyardEnvironment_UsesGeneratedBuildingSpritesForHouseCluster" fullname="CheddarAndCocoa.Tests.BackyardEnvironmentPlayModeTests.BackyardEnvironment_UsesGeneratedBuildingSpritesForHouseCluster" methodname="BackyardEnvironment_UsesGeneratedBuildingSpritesForHouseCluster" classname="CheddarAndCocoa.Tests.BackyardEnvironmentPlayModeTests" runstate="Runnable" seed="1531268058" result="Passed" start-time="2026-07-04 02:26:59Z" end-time="2026-07-04 02:26:59Z" duration="0.045889" asserts="0">
              <properties>
                <property name="_JOINTYPE" value="UnityCombinatorial" />
                <property name="retryIteration" value="0" />
                <property name="repeatIteration" value="0" />
              </properties>
            </test-case>
            <test-case id="1084" name="BackyardEnvironment_UsesGeneratedEnvironmentSpritesOverDistrictMarkers" fullname="CheddarAndCocoa.Tests.BackyardEnvironmentPlayModeTests.BackyardEnvironment_UsesGeneratedEnvironmentSpritesOverDistrictMarkers" methodname="BackyardEnvironment_UsesGeneratedEnvironmentSpritesOverDistrictMarkers" classname="CheddarAndCocoa.Tests.BackyardEnvironmentPlayModeTests" runstate="Runnable" seed="849654330" result="Passed" start-time="2026-07-04 02:26:59Z" end-time="2026-07-04 02:26:59Z" duration="0.046861" asserts="0">
              <properties>
                <property name="_JOINTYPE" value="UnityCombinatorial" />
                <property name="retryIteration" value="0" />
                <property name="repeatIteration" value="0" />
              </properties>
            </test-case>
            <test-case id="1082" name="DistantObjective_EnablesVisibleTravelAssist_AndReleasesNearTarget" fullname="CheddarAndCocoa.Tests.BackyardEnvironmentPlayModeTests.DistantObjective_EnablesVisibleTravelAssist_AndReleasesNearTarget" methodname="DistantObjective_EnablesVisibleTravelAssist_AndReleasesNearTarget" classname="CheddarAndCocoa.Tests.BackyardEnvironmentPlayModeTests" runstate="Runnable" seed="77367570" result="Passed" start-time="2026-07-04 02:26:59Z" end-time="2026-07-04 02:26:59Z" duration="0.050113" asserts="0">
              <properties>
                <property name="_JOINTYPE" value="UnityCombinatorial" />
                <property name="retryIteration" value="0" />
                <property name="repeatIteration" value="0" />
              </properties>
            </test-case>
            <test-case id="1075" name="DogIdentityPoseLabels_AreDebugTextNotProductionOverlays" fullname="CheddarAndCocoa.Tests.BackyardEnvironmentPlayModeTests.DogIdentityPoseLabels_AreDebugTextNotProductionOverlays" methodname="DogIdentityPoseLabels_AreDebugTextNotProductionOverlays" classname="CheddarAndCocoa.Tests.BackyardEnvironmentPlayModeTests" runstate="Runnable" seed="1810245188" result="Passed" start-time="2026-07-04 02:26:59Z" end-time="2026-07-04 02:26:59Z" duration="0.047740" asserts="0">
              <properties>
                <property name="_JOINTYPE" value="UnityCombinatorial" />
                <property name="retryIteration" value="0" />
                <property name="repeatIteration" value="0" />
              </properties>
            </test-case>
            <test-case id="1081" name="EveryMission_StagesDogsWithinAReasonableFirstObjectiveWalk" fullname="CheddarAndCocoa.Tests.BackyardEnvironmentPlayModeTests.EveryMission_StagesDogsWithinAReasonableFirstObjectiveWalk" methodname="EveryMission_StagesDogsWithinAReasonableFirstObjectiveWalk" classname="CheddarAndCocoa.Tests.BackyardEnvironmentPlayModeTests" runstate="Runnable" seed="626025517" result="Passed" start-time="2026-07-04 02:26:59Z" end-time="2026-07-04 02:26:59Z" duration="0.084417" asserts="0">
              <properties>
                <property name="_JOINTYPE" value="UnityCombinatorial" />
                <property name="retryIteration" value="0" />
                <property name="repeatIteration" value="0" />
              </properties>
            </test-case>
            <test-suite type="ParameterizedMethod" id="1065" name="HudPanels_StayInsideViewport" fullname="CheddarAndCocoa.Tests.BackyardEnvironmentPlayModeTests.HudPanels_StayInsideViewport" classname="CheddarAndCocoa.Tests.BackyardEnvironmentPlayModeTests" runstate="Runnable" testcasecount="3" result="Passed" start-time="2026-07-04 02:26:59Z" end-time="2026-07-04 02:26:59Z" duration="0.000959" total="3" passed="3" failed="0" inconclusive="0" skipped="0" asserts="0">
              <properties />
              <test-case id="1062" name="HudPanels_StayInsideViewport(480.0f,480.0f,640.0f,296.0f)" fullname="CheddarAndCocoa.Tests.BackyardEnvironmentPlayModeTests.HudPanels_StayInsideViewport(480.0f,480.0f,640.0f,296.0f)" methodname="HudPanels_StayInsideViewport" classname="CheddarAndCocoa.Tests.BackyardEnvironmentPlayModeTests" runstate="Runnable" seed="1761644304" result="Passed" start-time="2026-07-04 02:26:59Z" end-time="2026-07-04 02:26:59Z" duration="0.000231" asserts="0">
                <properties>
                  <property name="retryIteration" value="0" />
                  <property name="repeatIteration" value="0" />
                </properties>
              </test-case>
              <test-case id="1063" name="HudPanels_StayInsideViewport(1024.0f,600.0f,900.0f,458.0f)" fullname="CheddarAndCocoa.Tests.BackyardEnvironmentPlayModeTests.HudPanels_StayInsideViewport(1024.0f,600.0f,900.0f,458.0f)" methodname="HudPanels_StayInsideViewport" classname="CheddarAndCocoa.Tests.BackyardEnvironmentPlayModeTests" runstate="Runnable" seed="1262102002" result="Passed" start-time="2026-07-04 02:26:59Z" end-time="2026-07-04 02:26:59Z" duration="0.000022" asserts="0">
                <properties>
                  <property name="retryIteration" value="0" />
                  <property name="repeatIteration" value="0" />
                </properties>
              </test-case>
              <test-case id="1064" name="HudPanels_StayInsideViewport(2560.0f,1080.0f,680.0f,292.0f)" fullname="CheddarAndCocoa.Tests.BackyardEnvironmentPlayModeTests.HudPanels_StayInsideViewport(2560.0f,1080.0f,680.0f,292.0f)" methodname="HudPanels_StayInsideViewport" classname="CheddarAndCocoa.Tests.BackyardEnvironmentPlayModeTests" runstate="Runnable" seed="2012006565" result="Passed" start-time="2026-07-04 02:26:59Z" end-time="2026-07-04 02:26:59Z" duration="0.000021" asserts="0">
                <properties>
                  <property name="retryIteration" value="0" />
                  <property name="repeatIteration" value="0" />
                </properties>
              </test-case>
            </test-suite>
            <test-case id="1076" name="InteractionRangeRings_UseIconGuidanceInProductionAndTextOnlyInDebugOverlay" fullname="CheddarAndCocoa.Tests.BackyardEnvironmentPlayModeTests.InteractionRangeRings_UseIconGuidanceInProductionAndTextOnlyInDebugOverlay" methodname="InteractionRangeRings_UseIconGuidanceInProductionAndTextOnlyInDebugOverlay" classname="CheddarAndCocoa.Tests.BackyardEnvironmentPlayModeTests" runstate="Runnable" seed="680134013" result="Passed" start-time="2026-07-04 02:26:59Z" end-time="2026-07-04 02:26:59Z" duration="0.051310" asserts="0">
              <properties>
                <property name="_JOINTYPE" value="UnityCombinatorial" />
                <property name="retryIteration" value="0" />
                <property name="repeatIteration" value="0" />
              </properties>
            </test-case>
            <test-case id="1077" name="MissionActorStateLabels_AreContextualSupportTextUnlessDebugOverlayEnabled" fullname="CheddarAndCocoa.Tests.BackyardEnvironmentPlayModeTests.MissionActorStateLabels_AreContextualSupportTextUnlessDebugOverlayEnabled" methodname="MissionActorStateLabels_AreContextualSupportTextUnlessDebugOverlayEnabled" classname="CheddarAndCocoa.Tests.BackyardEnvironmentPlayModeTests" runstate="Runnable" seed="752729264" result="Passed" start-time="2026-07-04 02:26:59Z" end-time="2026-07-04 02:26:59Z" duration="0.050353" asserts="0">
              <properties>
                <property name="_JOINTYPE" value="UnityCombinatorial" />
                <property name="retryIteration" value="0" />
                <property name="repeatIteration" value="0" />
              </properties>
            </test-case>
            <test-case id="1068" name="MissionBriefingCard_ContainsAllTextRowsWithoutOverlap" fullname="CheddarAndCocoa.Tests.BackyardEnvironmentPlayModeTests.MissionBriefingCard_ContainsAllTextRowsWithoutOverlap" methodname="MissionBriefingCard_ContainsAllTextRowsWithoutOverlap" classname="CheddarAndCocoa.Tests.BackyardEnvironmentPlayModeTests" runstate="Runnable" seed="1757516256" result="Passed" start-time="2026-07-04 02:26:59Z" end-time="2026-07-04 02:26:59Z" duration="0.000472" asserts="0">
              <properties>
                <property name="retryIteration" value="0" />
                <property name="repeatIteration" value="0" />
              </properties>
            </test-case>
            <test-case id="1078" name="MissionPropArt_ProvidesNearbyInteractableAffordanceWithoutPermanentHighlight" fullname="CheddarAndCocoa.Tests.BackyardEnvironmentPlayModeTests.MissionPropArt_ProvidesNearbyInteractableAffordanceWithoutPermanentHighlight" methodname="MissionPropArt_ProvidesNearbyInteractableAffordanceWithoutPermanentHighlight" classname="CheddarAndCocoa.Tests.BackyardEnvironmentPlayModeTests" runstate="Runnable" seed="1754346232" result="Passed" start-time="2026-07-04 02:26:59Z" end-time="2026-07-04 02:26:59Z" duration="0.049847" asserts="0">
              <properties>
                <property name="_JOINTYPE" value="UnityCombinatorial" />
                <property name="retryIteration" value="0" />
                <property name="repeatIteration" value="0" />
              </properties>
            </test-case>
            <test-case id="1070" name="MissionResultOverlay_IsLargeReadableAndNonOverlapping" fullname="CheddarAndCocoa.Tests.BackyardEnvironmentPlayModeTests.MissionResultOverlay_IsLargeReadableAndNonOverlapping" methodname="MissionResultOverlay_IsLargeReadableAndNonOverlapping" classname="CheddarAndCocoa.Tests.BackyardEnvironmentPlayModeTests" runstate="Runnable" seed="535942044" result="Passed" start-time="2026-07-04 02:26:59Z" end-time="2026-07-04 02:26:59Z" duration="0.000710" asserts="0">
              <properties>
                <property name="retryIteration" value="0" />
                <property name="repeatIteration" value="0" />
              </properties>
            </test-case>
            <test-case id="1069" name="MissionSelect_HasPictureTileAndInstructionsForEveryMission" fullname="CheddarAndCocoa.Tests.BackyardEnvironmentPlayModeTests.MissionSelect_HasPictureTileAndInstructionsForEveryMission" methodname="MissionSelect_HasPictureTileAndInstructionsForEveryMission" classname="CheddarAndCocoa.Tests.BackyardEnvironmentPlayModeTests" runstate="Runnable" seed="1969409987" result="Passed" start-time="2026-07-04 02:26:59Z" end-time="2026-07-04 02:26:59Z" duration="0.010314" asserts="0">
              <properties>
                <property name="retryIteration" value="0" />
                <property name="repeatIteration" value="0" />
              </properties>
            </test-case>
            <test-case id="1066" name="MissionSelectPanel_FitsAllMissionRowsAndReadableGoal" fullname="CheddarAndCocoa.Tests.BackyardEnvironmentPlayModeTests.MissionSelectPanel_FitsAllMissionRowsAndReadableGoal" methodname="MissionSelectPanel_FitsAllMissionRowsAndReadableGoal" classname="CheddarAndCocoa.Tests.BackyardEnvironmentPlayModeTests" runstate="Runnable" seed="634641034" result="Passed" start-time="2026-07-04 02:26:59Z" end-time="2026-07-04 02:26:59Z" duration="0.001456" asserts="0">
              <properties>
                <property name="retryIteration" value="0" />
                <property name="repeatIteration" value="0" />
              </properties>
            </test-case>
            <test-case id="1067" name="MissionSpecificSceneryCues_OnlyShowDuringTheirMission" fullname="CheddarAndCocoa.Tests.BackyardEnvironmentPlayModeTests.MissionSpecificSceneryCues_OnlyShowDuringTheirMission" methodname="MissionSpecificSceneryCues_OnlyShowDuringTheirMission" classname="CheddarAndCocoa.Tests.BackyardEnvironmentPlayModeTests" runstate="Runnable" seed="447916417" result="Passed" start-time="2026-07-04 02:26:59Z" end-time="2026-07-04 02:26:59Z" duration="0.053530" asserts="0">
              <properties>
                <property name="_JOINTYPE" value="UnityCombinatorial" />
                <property name="retryIteration" value="0" />
                <property name="repeatIteration" value="0" />
              </properties>
            </test-case>
            <test-case id="1073" name="MissionWorldLabels_AreContextualPromptsUnlessDebugOverlayEnabled" fullname="CheddarAndCocoa.Tests.BackyardEnvironmentPlayModeTests.MissionWorldLabels_AreContextualPromptsUnlessDebugOverlayEnabled" methodname="MissionWorldLabels_AreContextualPromptsUnlessDebugOverlayEnabled" classname="CheddarAndCocoa.Tests.BackyardEnvironmentPlayModeTests" runstate="Runnable" seed="1438878637" result="Passed" start-time="2026-07-04 02:26:59Z" end-time="2026-07-04 02:26:59Z" duration="0.048982" asserts="0">
              <properties>
                <property name="_JOINTYPE" value="UnityCombinatorial" />
                <property name="retryIteration" value="0" />
                <property name="repeatIteration" value="0" />
              </properties>
            </test-case>
            <test-case id="1072" name="MissionWorldLabels_UseGeneratedSkinsForLabelsAndScorePops" fullname="CheddarAndCocoa.Tests.BackyardEnvironmentPlayModeTests.MissionWorldLabels_UseGeneratedSkinsForLabelsAndScorePops" methodname="MissionWorldLabels_UseGeneratedSkinsForLabelsAndScorePops" classname="CheddarAndCocoa.Tests.BackyardEnvironmentPlayModeTests" runstate="Runnable" seed="1012724788" result="Passed" start-time="2026-07-04 02:26:59Z" end-time="2026-07-04 02:26:59Z" duration="0.051895" asserts="0">
              <properties>
                <property name="_JOINTYPE" value="UnityCombinatorial" />
                <property name="retryIteration" value="0" />
                <property name="repeatIteration" value="0" />
              </properties>
            </test-case>
            <test-case id="1074" name="ObjectiveArrows_UseIconGuidanceInProductionAndTextOnlyInDebugOverlay" fullname="CheddarAndCocoa.Tests.BackyardEnvironmentPlayModeTests.ObjectiveArrows_UseIconGuidanceInProductionAndTextOnlyInDebugOverlay" methodname="ObjectiveArrows_UseIconGuidanceInProductionAndTextOnlyInDebugOverlay" classname="CheddarAndCocoa.Tests.BackyardEnvironmentPlayModeTests" runstate="Runnable" seed="935237608" result="Passed" start-time="2026-07-04 02:26:59Z" end-time="2026-07-04 02:26:59Z" duration="0.048802" asserts="0">
              <properties>
                <property name="_JOINTYPE" value="UnityCombinatorial" />
                <property name="retryIteration" value="0" />
                <property name="repeatIteration" value="0" />
              </properties>
            </test-case>
            <test-case id="1083" name="StrategicZoom_KeepsActionWorldPopsReadable" fullname="CheddarAndCocoa.Tests.BackyardEnvironmentPlayModeTests.StrategicZoom_KeepsActionWorldPopsReadable" methodname="StrategicZoom_KeepsActionWorldPopsReadable" classname="CheddarAndCocoa.Tests.BackyardEnvironmentPlayModeTests" runstate="Runnable" seed="2119693406" result="Passed" start-time="2026-07-04 02:26:59Z" end-time="2026-07-04 02:26:59Z" duration="0.045735" asserts="0">
              <properties>
                <property name="_JOINTYPE" value="UnityCombinatorial" />
                <property name="retryIteration" value="0" />
                <property name="repeatIteration" value="0" />
              </properties>
            </test-case>
          </test-suite>
          <test-suite type="TestFixture" id="1086" name="BackyardPoolPlayModeTests" fullname="CheddarAndCocoa.Tests.BackyardPoolPlayModeTests" classname="CheddarAndCocoa.Tests.BackyardPoolPlayModeTests" runstate="Runnable" testcasecount="11" result="Passed" start-time="2026-07-04 02:26:59Z" end-time="2026-07-04 02:26:59Z" duration="0.114615" total="11" passed="11" failed="0" inconclusive="0" skipped="0" asserts="0">
            <properties />
            <test-case id="1094" name="EagleDepthPose_BanksIntoTravelAndBreathesScale" fullname="CheddarAndCocoa.Tests.BackyardPoolPlayModeTests.EagleDepthPose_BanksIntoTravelAndBreathesScale" methodname="EagleDepthPose_BanksIntoTravelAndBreathesScale" classname="CheddarAndCocoa.Tests.BackyardPoolPlayModeTests" runstate="Runnable" seed="1783454662" result="Passed" start-time="2026-07-04 02:26:59Z" end-time="2026-07-04 02:26:59Z" duration="0.000165" asserts="0">
              <properties>
                <property name="retryIteration" value="0" />
                <property name="repeatIteration" value="0" />
              </properties>
            </test-case>
            <test-case id="1093" name="HighlightOnScreenLabels_WrapsCapsRunsAndLeavesProseAlone" fullname="CheddarAndCocoa.Tests.BackyardPoolPlayModeTests.HighlightOnScreenLabels_WrapsCapsRunsAndLeavesProseAlone" methodname="HighlightOnScreenLabels_WrapsCapsRunsAndLeavesProseAlone" classname="CheddarAndCocoa.Tests.BackyardPoolPlayModeTests" runstate="Runnable" seed="1838001881" result="Passed" start-time="2026-07-04 02:26:59Z" end-time="2026-07-04 02:26:59Z" duration="0.000119" asserts="0">
              <properties>
                <property name="retryIteration" value="0" />
                <property name="repeatIteration" value="0" />
              </properties>
            </test-case>
            <test-case id="1092" name="HowToPlaySteps_BackyardRescue_ShowsOnScreenLabelsVerbatim" fullname="CheddarAndCocoa.Tests.BackyardPoolPlayModeTests.HowToPlaySteps_BackyardRescue_ShowsOnScreenLabelsVerbatim" methodname="HowToPlaySteps_BackyardRescue_ShowsOnScreenLabelsVerbatim" classname="CheddarAndCocoa.Tests.BackyardPoolPlayModeTests" runstate="Runnable" seed="2145144786" result="Passed" start-time="2026-07-04 02:26:59Z" end-time="2026-07-04 02:26:59Z" duration="0.000137" asserts="0">
              <properties>
                <property name="retryIteration" value="0" />
                <property name="repeatIteration" value="0" />
              </properties>
            </test-case>
            <test-case id="1091" name="HowToPlaySteps_EveryMission_HasReadableBulletSteps" fullname="CheddarAndCocoa.Tests.BackyardPoolPlayModeTests.HowToPlaySteps_EveryMission_HasReadableBulletSteps" methodname="HowToPlaySteps_EveryMission_HasReadableBulletSteps" classname="CheddarAndCocoa.Tests.BackyardPoolPlayModeTests" runstate="Runnable" seed="447640496" result="Passed" start-time="2026-07-04 02:26:59Z" end-time="2026-07-04 02:26:59Z" duration="0.000328" asserts="0">
              <properties>
                <property name="retryIteration" value="0" />
                <property name="repeatIteration" value="0" />
              </properties>
            </test-case>
            <test-case id="1088" name="PoolGeometry_FloaterEllipseAndWaterTests_MatchReferenceBehavior" fullname="CheddarAndCocoa.Tests.BackyardPoolPlayModeTests.PoolGeometry_FloaterEllipseAndWaterTests_MatchReferenceBehavior" methodname="PoolGeometry_FloaterEllipseAndWaterTests_MatchReferenceBehavior" classname="CheddarAndCocoa.Tests.BackyardPoolPlayModeTests" runstate="Runnable" seed="650904466" result="Passed" start-time="2026-07-04 02:26:59Z" end-time="2026-07-04 02:26:59Z" duration="0.000427" asserts="0">
              <properties>
                <property name="retryIteration" value="0" />
                <property name="repeatIteration" value="0" />
              </properties>
            </test-case>
            <test-case id="1089" name="PoolGeometry_NearestDeckPoint_IsAlwaysJustOutsideTheWater" fullname="CheddarAndCocoa.Tests.BackyardPoolPlayModeTests.PoolGeometry_NearestDeckPoint_IsAlwaysJustOutsideTheWater" methodname="PoolGeometry_NearestDeckPoint_IsAlwaysJustOutsideTheWater" classname="CheddarAndCocoa.Tests.BackyardPoolPlayModeTests" runstate="Runnable" seed="1903247759" result="Passed" start-time="2026-07-04 02:26:59Z" end-time="2026-07-04 02:26:59Z" duration="0.000280" asserts="0">
              <properties>
                <property name="retryIteration" value="0" />
                <property name="repeatIteration" value="0" />
              </properties>
            </test-case>
            <test-case id="1087" name="PoolGeometry_WaterRect_IsHugeAndInsideTheYard" fullname="CheddarAndCocoa.Tests.BackyardPoolPlayModeTests.PoolGeometry_WaterRect_IsHugeAndInsideTheYard" methodname="PoolGeometry_WaterRect_IsHugeAndInsideTheYard" classname="CheddarAndCocoa.Tests.BackyardPoolPlayModeTests" runstate="Runnable" seed="1797227787" result="Passed" start-time="2026-07-04 02:26:59Z" end-time="2026-07-04 02:26:59Z" duration="0.000090" asserts="0">
              <properties>
                <property name="retryIteration" value="0" />
                <property name="repeatIteration" value="0" />
              </properties>
            </test-case>
            <test-case id="1096" name="PoolZone_DogFallsIn_SwimsShakesAndComesOutWet" fullname="CheddarAndCocoa.Tests.BackyardPoolPlayModeTests.PoolZone_DogFallsIn_SwimsShakesAndComesOutWet" methodname="PoolZone_DogFallsIn_SwimsShakesAndComesOutWet" classname="CheddarAndCocoa.Tests.BackyardPoolPlayModeTests" runstate="Runnable" seed="1939426192" result="Passed" start-time="2026-07-04 02:26:59Z" end-time="2026-07-04 02:26:59Z" duration="0.052026" asserts="0">
              <properties>
                <property name="_JOINTYPE" value="UnityCombinatorial" />
                <property name="retryIteration" value="0" />
                <property name="repeatIteration" value="0" />
              </properties>
            </test-case>
            <test-case id="1097" name="PoolZone_DogOnFloater_StaysDryAndPoolClosesIndoors" fullname="CheddarAndCocoa.Tests.BackyardPoolPlayModeTests.PoolZone_DogOnFloater_StaysDryAndPoolClosesIndoors" methodname="PoolZone_DogOnFloater_StaysDryAndPoolClosesIndoors" classname="CheddarAndCocoa.Tests.BackyardPoolPlayModeTests" runstate="Runnable" seed="2107354774" result="Passed" start-time="2026-07-04 02:26:59Z" end-time="2026-07-04 02:26:59Z" duration="0.059113" asserts="0">
              <properties>
                <property name="_JOINTYPE" value="UnityCombinatorial" />
                <property name="retryIteration" value="0" />
                <property name="repeatIteration" value="0" />
              </properties>
            </test-case>
            <test-case id="1090" name="ScentSearch_DigSpots_AllStayOnDryLand" fullname="CheddarAndCocoa.Tests.BackyardPoolPlayModeTests.ScentSearch_DigSpots_AllStayOnDryLand" methodname="ScentSearch_DigSpots_AllStayOnDryLand" classname="CheddarAndCocoa.Tests.BackyardPoolPlayModeTests" runstate="Runnable" seed="433913808" result="Passed" start-time="2026-07-04 02:26:59Z" end-time="2026-07-04 02:26:59Z" duration="0.000271" asserts="0">
              <properties>
                <property name="retryIteration" value="0" />
                <property name="repeatIteration" value="0" />
              </properties>
            </test-case>
            <test-case id="1095" name="SwimPose_SubmergesBothDogsWithDistinctPaddles" fullname="CheddarAndCocoa.Tests.BackyardPoolPlayModeTests.SwimPose_SubmergesBothDogsWithDistinctPaddles" methodname="SwimPose_SubmergesBothDogsWithDistinctPaddles" classname="CheddarAndCocoa.Tests.BackyardPoolPlayModeTests" runstate="Runnable" seed="14325814" result="Passed" start-time="2026-07-04 02:26:59Z" end-time="2026-07-04 02:26:59Z" duration="0.000261" asserts="0">
              <properties>
                <property name="retryIteration" value="0" />
                <property name="repeatIteration" value="0" />
              </properties>
            </test-case>
          </test-suite>
          <test-suite type="TestFixture" id="1098" name="BackyardRescuePlayModeTests" fullname="CheddarAndCocoa.Tests.BackyardRescuePlayModeTests" classname="CheddarAndCocoa.Tests.BackyardRescuePlayModeTests" runstate="Runnable" testcasecount="6" result="Passed" start-time="2026-07-04 02:26:59Z" end-time="2026-07-04 02:27:03Z" duration="3.561895" total="6" passed="6" failed="0" inconclusive="0" skipped="0" asserts="0">
            <properties />
            <test-case id="1104" name="ClearPath_FoodTrapTugPredator_AllRequired" fullname="CheddarAndCocoa.Tests.BackyardRescuePlayModeTests.ClearPath_FoodTrapTugPredator_AllRequired" methodname="ClearPath_FoodTrapTugPredator_AllRequired" classname="CheddarAndCocoa.Tests.BackyardRescuePlayModeTests" runstate="Runnable" seed="801825621" result="Passed" start-time="2026-07-04 02:26:59Z" end-time="2026-07-04 02:27:01Z" duration="2.054207" asserts="0">
              <properties>
                <property name="_JOINTYPE" value="UnityCombinatorial" />
                <property name="retryIteration" value="0" />
                <property name="repeatIteration" value="0" />
              </properties>
              <output><![CDATA[[Cheddar] WOOF!
[Cocoa] WOOF!
]]></output>
            </test-case>
            <test-case id="1103" name="Replay_ResetsAllState" fullname="CheddarAndCocoa.Tests.BackyardRescuePlayModeTests.Replay_ResetsAllState" methodname="Replay_ResetsAllState" classname="CheddarAndCocoa.Tests.BackyardRescuePlayModeTests" runstate="Runnable" seed="535819682" result="Passed" start-time="2026-07-04 02:27:01Z" end-time="2026-07-04 02:27:02Z" duration="0.051997" asserts="0">
              <properties>
                <property name="_JOINTYPE" value="UnityCombinatorial" />
                <property name="retryIteration" value="0" />
                <property name="repeatIteration" value="0" />
              </properties>
            </test-case>
            <test-case id="1099" name="RunsThroughDedicatedController" fullname="CheddarAndCocoa.Tests.BackyardRescuePlayModeTests.RunsThroughDedicatedController" methodname="RunsThroughDedicatedController" classname="CheddarAndCocoa.Tests.BackyardRescuePlayModeTests" runstate="Runnable" seed="1293328478" result="Passed" start-time="2026-07-04 02:27:02Z" end-time="2026-07-04 02:27:02Z" duration="0.047239" asserts="0">
              <properties>
                <property name="_JOINTYPE" value="UnityCombinatorial" />
                <property name="retryIteration" value="0" />
                <property name="repeatIteration" value="0" />
              </properties>
            </test-case>
            <test-case id="1102" name="SquirrelStealing_ScoresPenaltyAndTracksStolen" fullname="CheddarAndCocoa.Tests.BackyardRescuePlayModeTests.SquirrelStealing_ScoresPenaltyAndTracksStolen" methodname="SquirrelStealing_ScoresPenaltyAndTracksStolen" classname="CheddarAndCocoa.Tests.BackyardRescuePlayModeTests" runstate="Runnable" seed="44714668" result="Passed" start-time="2026-07-04 02:27:02Z" end-time="2026-07-04 02:27:02Z" duration="0.050467" asserts="0">
              <properties>
                <property name="_JOINTYPE" value="UnityCombinatorial" />
                <property name="retryIteration" value="0" />
                <property name="repeatIteration" value="0" />
              </properties>
            </test-case>
            <test-case id="1100" name="SquirrelTrap_TwoPassRoleReversal_ScoresAndCompletes" fullname="CheddarAndCocoa.Tests.BackyardRescuePlayModeTests.SquirrelTrap_TwoPassRoleReversal_ScoresAndCompletes" methodname="SquirrelTrap_TwoPassRoleReversal_ScoresAndCompletes" classname="CheddarAndCocoa.Tests.BackyardRescuePlayModeTests" runstate="Runnable" seed="670700813" result="Passed" start-time="2026-07-04 02:27:02Z" end-time="2026-07-04 02:27:02Z" duration="0.053969" asserts="0">
              <properties>
                <property name="_JOINTYPE" value="UnityCombinatorial" />
                <property name="retryIteration" value="0" />
                <property name="repeatIteration" value="0" />
              </properties>
            </test-case>
            <test-case id="1101" name="SquirrelTrap_UsesReadableBackyardStateArt" fullname="CheddarAndCocoa.Tests.BackyardRescuePlayModeTests.SquirrelTrap_UsesReadableBackyardStateArt" methodname="SquirrelTrap_UsesReadableBackyardStateArt" classname="CheddarAndCocoa.Tests.BackyardRescuePlayModeTests" runstate="Runnable" seed="2116726452" result="Passed" start-time="2026-07-04 02:27:02Z" end-time="2026-07-04 02:27:03Z" duration="1.302603" asserts="0">
              <properties>
                <property name="_JOINTYPE" value="UnityCombinatorial" />
                <property name="retryIteration" value="0" />
                <property name="repeatIteration" value="0" />
              </properties>
            </test-case>
          </test-suite>
          <test-suite type="TestFixture" id="1105" name="BackyardSquirrelTrapPlayModeTests" fullname="CheddarAndCocoa.Tests.BackyardSquirrelTrapPlayModeTests" classname="CheddarAndCocoa.Tests.BackyardSquirrelTrapPlayModeTests" runstate="Runnable" testcasecount="2" result="Passed" start-time="2026-07-04 02:27:03Z" end-time="2026-07-04 02:27:03Z" duration="0.101190" total="2" passed="2" failed="0" inconclusive="0" skipped="0" asserts="0">
            <properties />
            <test-case id="1107" name="BackyardTrap_ReplayResetsAuthoredBeat" fullname="CheddarAndCocoa.Tests.BackyardSquirrelTrapPlayModeTests.BackyardTrap_ReplayResetsAuthoredBeat" methodname="BackyardTrap_ReplayResetsAuthoredBeat" classname="CheddarAndCocoa.Tests.BackyardSquirrelTrapPlayModeTests" runstate="Runnable" seed="866401021" result="Passed" start-time="2026-07-04 02:27:03Z" end-time="2026-07-04 02:27:03Z" duration="0.049827" asserts="0">
              <properties>
                <property name="_JOINTYPE" value="UnityCombinatorial" />
                <property name="retryIteration" value="0" />
                <property name="repeatIteration" value="0" />
              </properties>
            </test-case>
            <test-case id="1106" name="BackyardTrap_RequiresGapPartnerRecovery_ThenReversesRoles" fullname="CheddarAndCocoa.Tests.BackyardSquirrelTrapPlayModeTests.BackyardTrap_RequiresGapPartnerRecovery_ThenReversesRoles" methodname="BackyardTrap_RequiresGapPartnerRecovery_ThenReversesRoles" classname="CheddarAndCocoa.Tests.BackyardSquirrelTrapPlayModeTests" runstate="Runnable" seed="1440744801" result="Passed" start-time="2026-07-04 02:27:03Z" end-time="2026-07-04 02:27:03Z" duration="0.050666" asserts="0">
              <properties>
                <property name="_JOINTYPE" value="UnityCombinatorial" />
                <property name="retryIteration" value="0" />
                <property name="repeatIteration" value="0" />
              </properties>
            </test-case>
          </test-suite>
          <test-suite type="TestFixture" id="1108" name="CarRidePlayModeTests" fullname="CheddarAndCocoa.Tests.CarRidePlayModeTests" classname="CheddarAndCocoa.Tests.CarRidePlayModeTests" runstate="Runnable" testcasecount="5" result="Passed" start-time="2026-07-04 02:27:03Z" end-time="2026-07-04 02:27:03Z" duration="0.263863" total="5" passed="5" failed="0" inconclusive="0" skipped="0" asserts="0">
            <properties />
[...]
              <properties>
                <property name="_JOINTYPE" value="UnityCombinatorial" />
                <property name="retryIteration" value="0" />
                <property name="repeatIteration" value="0" />
              </properties>
            </test-case>
            <test-case id="1469" name="SnackHeist_FailPath_SquirrelStealsEnough" fullname="CheddarAndCocoa.Tests.SnackHeistPlayModeTests.SnackHeist_FailPath_SquirrelStealsEnough" methodname="SnackHeist_FailPath_SquirrelStealsEnough" classname="CheddarAndCocoa.Tests.SnackHeistPlayModeTests" runstate="Runnable" seed="1164872892" result="Passed" start-time="2026-07-04 02:27:20Z" end-time="2026-07-04 02:27:20Z" duration="0.055477" asserts="0">
              <properties>
                <property name="_JOINTYPE" value="UnityCombinatorial" />
                <property name="retryIteration" value="0" />
                <property name="repeatIteration" value="0" />
              </properties>
            </test-case>
            <test-case id="1470" name="SnackHeist_Replay_ResetsState" fullname="CheddarAndCocoa.Tests.SnackHeistPlayModeTests.SnackHeist_Replay_ResetsState" methodname="SnackHeist_Replay_ResetsState" classname="CheddarAndCocoa.Tests.SnackHeistPlayModeTests" runstate="Runnable" seed="159061510" result="Passed" start-time="2026-07-04 02:27:20Z" end-time="2026-07-04 02:27:20Z" duration="0.049867" asserts="0">
              <properties>
                <property name="_JOINTYPE" value="UnityCombinatorial" />
                <property name="retryIteration" value="0" />
                <property name="repeatIteration" value="0" />
              </properties>
            </test-case>
            <test-case id="1467" name="SnackHeist_RunsThroughDedicatedController" fullname="CheddarAndCocoa.Tests.SnackHeistPlayModeTests.SnackHeist_RunsThroughDedicatedController" methodname="SnackHeist_RunsThroughDedicatedController" classname="CheddarAndCocoa.Tests.SnackHeistPlayModeTests" runstate="Runnable" seed="1890020976" result="Passed" start-time="2026-07-04 02:27:20Z" end-time="2026-07-04 02:27:20Z" duration="0.048812" asserts="0">
              <properties>
                <property name="_JOINTYPE" value="UnityCombinatorial" />
                <property name="retryIteration" value="0" />
                <property name="repeatIteration" value="0" />
              </properties>
            </test-case>
            <test-case id="1471" name="SnackHeist_UsesReadableTargetAndGuardLaneArt" fullname="CheddarAndCocoa.Tests.SnackHeistPlayModeTests.SnackHeist_UsesReadableTargetAndGuardLaneArt" methodname="SnackHeist_UsesReadableTargetAndGuardLaneArt" classname="CheddarAndCocoa.Tests.SnackHeistPlayModeTests" runstate="Runnable" seed="752610443" result="Passed" start-time="2026-07-04 02:27:20Z" end-time="2026-07-04 02:27:20Z" duration="0.048518" asserts="0">
              <properties>
                <property name="_JOINTYPE" value="UnityCombinatorial" />
                <property name="retryIteration" value="0" />
                <property name="repeatIteration" value="0" />
              </properties>
            </test-case>
          </test-suite>
          <test-suite type="TestFixture" id="1472" name="SquirrelConspiracyPlayModeTests" fullname="CheddarAndCocoa.Tests.SquirrelConspiracyPlayModeTests" classname="CheddarAndCocoa.Tests.SquirrelConspiracyPlayModeTests" runstate="Runnable" testcasecount="6" result="Passed" start-time="2026-07-04 02:27:20Z" end-time="2026-07-04 02:27:21Z" duration="0.309789" total="6" passed="6" failed="0" inconclusive="0" skipped="0" asserts="0">
            <properties />
            <test-case id="1473" name="SquirrelConspiracy_AppearsInSelectWithDeterministicRouteAndCutoffs" fullname="CheddarAndCocoa.Tests.SquirrelConspiracyPlayModeTests.SquirrelConspiracy_AppearsInSelectWithDeterministicRouteAndCutoffs" methodname="SquirrelConspiracy_AppearsInSelectWithDeterministicRouteAndCutoffs" classname="CheddarAndCocoa.Tests.SquirrelConspiracyPlayModeTests" runstate="Runnable" seed="349387230" result="Passed" start-time="2026-07-04 02:27:20Z" end-time="2026-07-04 02:27:20Z" duration="0.047239" asserts="0">
              <properties>
                <property name="_JOINTYPE" value="UnityCombinatorial" />
                <property name="retryIteration" value="0" />
                <property name="repeatIteration" value="0" />
              </properties>
            </test-case>
            <test-case id="1475" name="SquirrelConspiracy_ClearPath_RevealsFindsStashAndSummarizesOutcome" fullname="CheddarAndCocoa.Tests.SquirrelConspiracyPlayModeTests.SquirrelConspiracy_ClearPath_RevealsFindsStashAndSummarizesOutcome" methodname="SquirrelConspiracy_ClearPath_RevealsFindsStashAndSummarizesOutcome" classname="CheddarAndCocoa.Tests.SquirrelConspiracyPlayModeTests" runstate="Runnable" seed="665931135" result="Passed" start-time="2026-07-04 02:27:20Z" end-time="2026-07-04 02:27:21Z" duration="0.056996" asserts="0">
              <properties>
                <property name="_JOINTYPE" value="UnityCombinatorial" />
                <property name="retryIteration" value="0" />
                <property name="repeatIteration" value="0" />
              </properties>
            </test-case>
            <test-case id="1476" name="SquirrelConspiracy_FailPath_TauntsEndMission" fullname="CheddarAndCocoa.Tests.SquirrelConspiracyPlayModeTests.SquirrelConspiracy_FailPath_TauntsEndMission" methodname="SquirrelConspiracy_FailPath_TauntsEndMission" classname="CheddarAndCocoa.Tests.SquirrelConspiracyPlayModeTests" runstate="Runnable" seed="786245628" result="Passed" start-time="2026-07-04 02:27:21Z" end-time="2026-07-04 02:27:21Z" duration="0.048064" asserts="0">
              <properties>
                <property name="_JOINTYPE" value="UnityCombinatorial" />
                <property name="retryIteration" value="0" />
                <property name="repeatIteration" value="0" />
              </properties>
            </test-case>
            <test-case id="1474" name="SquirrelConspiracy_HerdCutoffAndEarlyBarkHaveDistinctResults" fullname="CheddarAndCocoa.Tests.SquirrelConspiracyPlayModeTests.SquirrelConspiracy_HerdCutoffAndEarlyBarkHaveDistinctResults" methodname="SquirrelConspiracy_HerdCutoffAndEarlyBarkHaveDistinctResults" classname="CheddarAndCocoa.Tests.SquirrelConspiracyPlayModeTests" runstate="Runnable" seed="465446591" result="Passed" start-time="2026-07-04 02:27:21Z" end-time="2026-07-04 02:27:21Z" duration="0.049860" asserts="0">
              <properties>
                <property name="_JOINTYPE" value="UnityCombinatorial" />
                <property name="retryIteration" value="0" />
                <property name="repeatIteration" value="0" />
              </properties>
            </test-case>
            <test-case id="1477" name="SquirrelConspiracy_Replay_ResetsHerdingRuntimeState" fullname="CheddarAndCocoa.Tests.SquirrelConspiracyPlayModeTests.SquirrelConspiracy_Replay_ResetsHerdingRuntimeState" methodname="SquirrelConspiracy_Replay_ResetsHerdingRuntimeState" classname="CheddarAndCocoa.Tests.SquirrelConspiracyPlayModeTests" runstate="Runnable" seed="1034912195" result="Passed" start-time="2026-07-04 02:27:21Z" end-time="2026-07-04 02:27:21Z" duration="0.054666" asserts="0">
              <properties>
                <property name="_JOINTYPE" value="UnityCombinatorial" />
                <property name="retryIteration" value="0" />
                <property name="repeatIteration" value="0" />
              </properties>
            </test-case>
            <test-case id="1478" name="SquirrelConspiracy_UsesReadableCutoffStateArt" fullname="CheddarAndCocoa.Tests.SquirrelConspiracyPlayModeTests.SquirrelConspiracy_UsesReadableCutoffStateArt" methodname="SquirrelConspiracy_UsesReadableCutoffStateArt" classname="CheddarAndCocoa.Tests.SquirrelConspiracyPlayModeTests" runstate="Runnable" seed="1405308606" result="Passed" start-time="2026-07-04 02:27:21Z" end-time="2026-07-04 02:27:21Z" duration="0.051704" asserts="0">
              <properties>
                <property name="_JOINTYPE" value="UnityCombinatorial" />
                <property name="retryIteration" value="0" />
                <property name="repeatIteration" value="0" />
              </properties>
            </test-case>
          </test-suite>
          <test-suite type="TestFixture" id="1479" name="ThunderstormComfortPlayModeTests" fullname="CheddarAndCocoa.Tests.ThunderstormComfortPlayModeTests" classname="CheddarAndCocoa.Tests.ThunderstormComfortPlayModeTests" runstate="Runnable" testcasecount="6" result="Passed" start-time="2026-07-04 02:27:21Z" end-time="2026-07-04 02:27:21Z" duration="0.312482" total="6" passed="6" failed="0" inconclusive="0" skipped="0" asserts="0">
            <properties />
            <test-case id="1480" name="Thunderstorm_RunsThroughDedicatedController" fullname="CheddarAndCocoa.Tests.ThunderstormComfortPlayModeTests.Thunderstorm_RunsThroughDedicatedController" methodname="Thunderstorm_RunsThroughDedicatedController" classname="CheddarAndCocoa.Tests.ThunderstormComfortPlayModeTests" runstate="Runnable" seed="202555623" result="Passed" start-time="2026-07-04 02:27:21Z" end-time="2026-07-04 02:27:21Z" duration="0.048836" asserts="0">
              <properties>
                <property name="_JOINTYPE" value="UnityCombinatorial" />
                <property name="retryIteration" value="0" />
                <property name="repeatIteration" value="0" />
              </properties>
            </test-case>
            <test-case id="1481" name="ThunderstormComfort_AppearsInMissionSelectRotation" fullname="CheddarAndCocoa.Tests.ThunderstormComfortPlayModeTests.ThunderstormComfort_AppearsInMissionSelectRotation" methodname="ThunderstormComfort_AppearsInMissionSelectRotation" classname="CheddarAndCocoa.Tests.ThunderstormComfortPlayModeTests" runstate="Runnable" seed="1219147547" result="Passed" start-time="2026-07-04 02:27:21Z" end-time="2026-07-04 02:27:21Z" duration="0.054216" asserts="0">
              <properties>
                <property name="_JOINTYPE" value="UnityCombinatorial" />
                <property name="retryIteration" value="0" />
                <property name="repeatIteration" value="0" />
              </properties>
            </test-case>
            <test-case id="1482" name="ThunderstormComfort_ClearPath_HuddleThroughEveryClap" fullname="CheddarAndCocoa.Tests.ThunderstormComfortPlayModeTests.ThunderstormComfort_ClearPath_HuddleThroughEveryClap" methodname="ThunderstormComfort_ClearPath_HuddleThroughEveryClap" classname="CheddarAndCocoa.Tests.ThunderstormComfortPlayModeTests" runstate="Runnable" seed="174580434" result="Passed" start-time="2026-07-04 02:27:21Z" end-time="2026-07-04 02:27:21Z" duration="0.056315" asserts="0">
              <properties>
                <property name="_JOINTYPE" value="UnityCombinatorial" />
                <property name="retryIteration" value="0" />
                <property name="repeatIteration" value="0" />
              </properties>
            </test-case>
            <test-case id="1483" name="ThunderstormComfort_FailPath_PanicMaxesWhenApart" fullname="CheddarAndCocoa.Tests.ThunderstormComfortPlayModeTests.ThunderstormComfort_FailPath_PanicMaxesWhenApart" methodname="ThunderstormComfort_FailPath_PanicMaxesWhenApart" classname="CheddarAndCocoa.Tests.ThunderstormComfortPlayModeTests" runstate="Runnable" seed="2138000525" result="Passed" start-time="2026-07-04 02:27:21Z" end-time="2026-07-04 02:27:21Z" duration="0.051191" asserts="0">
              <properties>
                <property name="_JOINTYPE" value="UnityCombinatorial" />
                <property name="retryIteration" value="0" />
                <property name="repeatIteration" value="0" />
              </properties>
            </test-case>
            <test-case id="1484" name="ThunderstormComfort_Replay_ResetsStormAndPanic" fullname="CheddarAndCocoa.Tests.ThunderstormComfortPlayModeTests.ThunderstormComfort_Replay_ResetsStormAndPanic" methodname="ThunderstormComfort_Replay_ResetsStormAndPanic" classname="CheddarAndCocoa.Tests.ThunderstormComfortPlayModeTests" runstate="Runnable" seed="866410635" result="Passed" start-time="2026-07-04 02:27:21Z" end-time="2026-07-04 02:27:21Z" duration="0.050402" asserts="0">
              <properties>
                <property name="_JOINTYPE" value="UnityCombinatorial" />
                <property name="retryIteration" value="0" />
                <property name="repeatIteration" value="0" />
              </properties>
            </test-case>
            <test-case id="1485" name="ThunderstormComfort_Thunderclap_MakesDogsFlinch" fullname="CheddarAndCocoa.Tests.ThunderstormComfortPlayModeTests.ThunderstormComfort_Thunderclap_MakesDogsFlinch" methodname="ThunderstormComfort_Thunderclap_MakesDogsFlinch" classname="CheddarAndCocoa.Tests.ThunderstormComfortPlayModeTests" runstate="Runnable" seed="2045501517" result="Passed" start-time="2026-07-04 02:27:21Z" end-time="2026-07-04 02:27:21Z" duration="0.050166" asserts="0">
              <properties>
                <property name="_JOINTYPE" value="UnityCombinatorial" />
                <property name="retryIteration" value="0" />
                <property name="repeatIteration" value="0" />
              </properties>
            </test-case>
          </test-suite>
          <test-suite type="TestFixture" id="1486" name="TugFeelPlayModeTests" fullname="CheddarAndCocoa.Tests.TugFeelPlayModeTests" classname="CheddarAndCocoa.Tests.TugFeelPlayModeTests" runstate="Runnable" testcasecount="2" result="Passed" start-time="2026-07-04 02:27:21Z" end-time="2026-07-04 02:27:21Z" duration="0.451488" total="2" passed="2" failed="0" inconclusive="0" skipped="0" asserts="0">
            <properties />
            <test-case id="1488" name="TeamTug_BothDogsTugAndFaceTheRopeFromOppositeSides" fullname="CheddarAndCocoa.Tests.TugFeelPlayModeTests.TeamTug_BothDogsTugAndFaceTheRopeFromOppositeSides" methodname="TeamTug_BothDogsTugAndFaceTheRopeFromOppositeSides" classname="CheddarAndCocoa.Tests.TugFeelPlayModeTests" runstate="Runnable" seed="1175428010" result="Passed" start-time="2026-07-04 02:27:21Z" end-time="2026-07-04 02:27:21Z" duration="0.450597" asserts="0">
              <properties>
                <property name="_JOINTYPE" value="UnityCombinatorial" />
                <property name="retryIteration" value="0" />
                <property name="repeatIteration" value="0" />
              </properties>
            </test-case>
            <test-case id="1487" name="TugCadence_DiffersBetweenCheddarAndCocoa" fullname="CheddarAndCocoa.Tests.TugFeelPlayModeTests.TugCadence_DiffersBetweenCheddarAndCocoa" methodname="TugCadence_DiffersBetweenCheddarAndCocoa" classname="CheddarAndCocoa.Tests.TugFeelPlayModeTests" runstate="Runnable" seed="1718265306" result="Passed" start-time="2026-07-04 02:27:21Z" end-time="2026-07-04 02:27:21Z" duration="0.000171" asserts="0">
              <properties>
                <property name="retryIteration" value="0" />
                <property name="repeatIteration" value="0" />
              </properties>
            </test-case>
          </test-suite>
          <test-suite type="TestFixture" id="1489" name="WeenieRoundupPlayModeTests" fullname="CheddarAndCocoa.Tests.WeenieRoundupPlayModeTests" classname="CheddarAndCocoa.Tests.WeenieRoundupPlayModeTests" runstate="Runnable" testcasecount="5" result="Passed" start-time="2026-07-04 02:27:21Z" end-time="2026-07-04 02:27:23Z" duration="1.461902" total="5" passed="5" failed="0" inconclusive="0" skipped="0" asserts="0">
            <properties />
            <test-case id="1490" name="WeenieRoundup_AppearsInMissionSelectRotation" fullname="CheddarAndCocoa.Tests.WeenieRoundupPlayModeTests.WeenieRoundup_AppearsInMissionSelectRotation" methodname="WeenieRoundup_AppearsInMissionSelectRotation" classname="CheddarAndCocoa.Tests.WeenieRoundupPlayModeTests" runstate="Runnable" seed="1868286945" result="Passed" start-time="2026-07-04 02:27:21Z" end-time="2026-07-04 02:27:22Z" duration="0.056782" asserts="0">
              <properties>
                <property name="_JOINTYPE" value="UnityCombinatorial" />
                <property name="retryIteration" value="0" />
                <property name="repeatIteration" value="0" />
              </properties>
            </test-case>
            <test-case id="1493" name="WeenieRoundup_CarryPosePersistsUntilCargoLeavesDog" fullname="CheddarAndCocoa.Tests.WeenieRoundupPlayModeTests.WeenieRoundup_CarryPosePersistsUntilCargoLeavesDog" methodname="WeenieRoundup_CarryPosePersistsUntilCargoLeavesDog" classname="CheddarAndCocoa.Tests.WeenieRoundupPlayModeTests" runstate="Runnable" seed="24774989" result="Passed" start-time="2026-07-04 02:27:22Z" end-time="2026-07-04 02:27:23Z" duration="1.251949" asserts="0">
              <properties>
                <property name="_JOINTYPE" value="UnityCombinatorial" />
                <property name="retryIteration" value="0" />
                <property name="repeatIteration" value="0" />
              </properties>
            </test-case>
            <test-case id="1491" name="WeenieRoundup_ClearPath_CarryEveryWeenieToTheBowl" fullname="CheddarAndCocoa.Tests.WeenieRoundupPlayModeTests.WeenieRoundup_ClearPath_CarryEveryWeenieToTheBowl" methodname="WeenieRoundup_ClearPath_CarryEveryWeenieToTheBowl" classname="CheddarAndCocoa.Tests.WeenieRoundupPlayModeTests" runstate="Runnable" seed="894971597" result="Passed" start-time="2026-07-04 02:27:23Z" end-time="2026-07-04 02:27:23Z" duration="0.053579" asserts="0">
              <properties>
                <property name="_JOINTYPE" value="UnityCombinatorial" />
                <property name="retryIteration" value="0" />
                <property name="repeatIteration" value="0" />
              </properties>
            </test-case>
            <test-case id="1492" name="WeenieRoundup_Drop_ReturnsWeenieToTheYard" fullname="CheddarAndCocoa.Tests.WeenieRoundupPlayModeTests.WeenieRoundup_Drop_ReturnsWeenieToTheYard" methodname="WeenieRoundup_Drop_ReturnsWeenieToTheYard" classname="CheddarAndCocoa.Tests.WeenieRoundupPlayModeTests" runstate="Runnable" seed="1516608890" result="Passed" start-time="2026-07-04 02:27:23Z" end-time="2026-07-04 02:27:23Z" duration="0.049488" asserts="0">
              <properties>
                <property name="_JOINTYPE" value="UnityCombinatorial" />
                <property name="retryIteration" value="0" />
                <property name="repeatIteration" value="0" />
              </properties>
            </test-case>
            <test-case id="1494" name="WeenieRoundup_Replay_ResetsCarryRuntimeState" fullname="CheddarAndCocoa.Tests.WeenieRoundupPlayModeTests.WeenieRoundup_Replay_ResetsCarryRuntimeState" methodname="WeenieRoundup_Replay_ResetsCarryRuntimeState" classname="CheddarAndCocoa.Tests.WeenieRoundupPlayModeTests" runstate="Runnable" seed="1526900895" result="Passed" start-time="2026-07-04 02:27:23Z" end-time="2026-07-04 02:27:23Z" duration="0.049036" asserts="0">
              <properties>
                <property name="_JOINTYPE" value="UnityCombinatorial" />
                <property name="retryIteration" value="0" />
                <property name="repeatIteration" value="0" />
              </properties>
              <output><![CDATA[Saving results to: /Users/kchapman/Weeniegame-claude/unity/CheddarAndCocoa/../playmode-results.xml
]]></output>
            </test-case>
          </test-suite>
        </test-suite>
      </test-suite>
    </test-suite>
  </test-suite>
</test-run>