<?xml version="1.0" encoding="utf-8"?>
<test-run id="2" testcasecount="1" result="Passed" total="1" passed="1" failed="0" inconclusive="0" skipped="0" asserts="0" engine-version="3.5.0.0" clr-version="4.0.30319.42000" start-time="2026-07-01 13:12:28Z" end-time="2026-07-01 13:12:28Z" duration="0.286505">
  <test-suite type="TestSuite" id="1482" name="Cheddar and Cocoa" fullname="Cheddar and Cocoa" runstate="Runnable" testcasecount="399" result="Passed" start-time="2026-07-01 13:12:28Z" end-time="2026-07-01 13:12:28Z" duration="0.286505" total="1" passed="1" failed="0" inconclusive="0" skipped="0" asserts="0">
    <properties>
      <property name="platform" value="PlayMode" />
    </properties>
    <test-suite type="Assembly" id="1474" name="CheddarAndCocoa.Tests.PlayMode.dll" fullname="/Users/kchapman/Weeniegame/unity/CheddarAndCocoa/Library/ScriptAssemblies/CheddarAndCocoa.Tests.PlayMode.dll" runstate="Runnable" testcasecount="399" result="Passed" start-time="2026-07-01 13:12:28Z" end-time="2026-07-01 13:12:28Z" duration="0.276766" total="1" passed="1" failed="0" inconclusive="0" skipped="0" asserts="0">
      <properties>
        <property name="_PID" value="55879" />
        <property name="_APPDOMAIN" value="Unity Child Domain" />
        <property name="platform" value="PlayMode" />
        <property name="EditorOnly" value="False" />
      </properties>
      <test-suite type="TestSuite" id="1475" name="CheddarAndCocoa" fullname="CheddarAndCocoa" runstate="Runnable" testcasecount="399" result="Passed" start-time="2026-07-01 13:12:28Z" end-time="2026-07-01 13:12:28Z" duration="0.271861" total="1" passed="1" failed="0" inconclusive="0" skipped="0" asserts="0">
        <properties />
        <test-suite type="TestSuite" id="1478" name="Tests" fullname="CheddarAndCocoa.Tests" runstate="Runnable" testcasecount="397" result="Passed" start-time="2026-07-01 13:12:28Z" end-time="2026-07-01 13:12:28Z" duration="0.265915" total="1" passed="1" failed="0" inconclusive="0" skipped="0" asserts="0">
          <properties />
          <test-suite type="TestFixture" id="1435" name="SnackHeistPlayModeTests" fullname="CheddarAndCocoa.Tests.SnackHeistPlayModeTests" classname="CheddarAndCocoa.Tests.SnackHeistPlayModeTests" runstate="Runnable" testcasecount="5" result="Passed" start-time="2026-07-01 13:12:28Z" end-time="2026-07-01 13:12:28Z" duration="0.259186" total="1" passed="1" failed="0" inconclusive="0" skipped="0" asserts="0">
            <properties />
            <test-case id="1440" name="SnackHeist_UsesReadableTargetAndGuardLaneArt" fullname="CheddarAndCocoa.Tests.SnackHeistPlayModeTests.SnackHeist_UsesReadableTargetAndGuardLaneArt" methodname="SnackHeist_UsesReadableTargetAndGuardLaneArt" classname="CheddarAndCocoa.Tests.SnackHeistPlayModeTests" runstate="Runnable" seed="1982217724" result="Passed" start-time="2026-07-01 13:12:28Z" end-time="2026-07-01 13:12:28Z" duration="0.253554" asserts="0">
              <properties>
                <property name="_JOINTYPE" value="UnityCombinatorial" />
                <property name="retryIteration" value="0" />
                <property name="repeatIteration" value="0" />
              </properties>
              <output><![CDATA[Saving results to: /Users/kchapman/Weeniegame/unity/test-results/snack-heist-p0-state-art-results.xml
]]></output>
            </test-case>
          </test-suite>
        </test-suite>
      </test-suite>
    </test-suite>
  </test-suite>
</test-run>