<?xml version="1.0" encoding="utf-8"?>
<test-run id="2" testcasecount="8" result="Passed" total="8" passed="8" failed="0" inconclusive="0" skipped="0" asserts="0" engine-version="3.5.0.0" clr-version="4.0.30319.42000" start-time="2026-07-01 13:18:40Z" end-time="2026-07-01 13:18:46Z" duration="5.3478221">
  <test-suite type="TestSuite" id="1483" name="Cheddar and Cocoa" fullname="Cheddar and Cocoa" runstate="Runnable" testcasecount="400" result="Passed" start-time="2026-07-01 13:18:40Z" end-time="2026-07-01 13:18:46Z" duration="5.347822" total="8" passed="8" failed="0" inconclusive="0" skipped="0" asserts="0">
    <properties>
      <property name="platform" value="PlayMode" />
    </properties>
    <test-suite type="Assembly" id="1475" name="CheddarAndCocoa.Tests.PlayMode.dll" fullname="/Users/kchapman/Weeniegame/unity/CheddarAndCocoa/Library/ScriptAssemblies/CheddarAndCocoa.Tests.PlayMode.dll" runstate="Runnable" testcasecount="400" result="Passed" start-time="2026-07-01 13:18:40Z" end-time="2026-07-01 13:18:46Z" duration="5.340104" total="8" passed="8" failed="0" inconclusive="0" skipped="0" asserts="0">
      <properties>
        <property name="_PID" value="96413" />
        <property name="_APPDOMAIN" value="Unity Child Domain" />
        <property name="platform" value="PlayMode" />
        <property name="EditorOnly" value="False" />
      </properties>
      <test-suite type="TestSuite" id="1476" name="CheddarAndCocoa" fullname="CheddarAndCocoa" runstate="Runnable" testcasecount="400" result="Passed" start-time="2026-07-01 13:18:40Z" end-time="2026-07-01 13:18:46Z" duration="5.335929" total="8" passed="8" failed="0" inconclusive="0" skipped="0" asserts="0">
        <properties />
        <test-suite type="TestSuite" id="1479" name="Tests" fullname="CheddarAndCocoa.Tests" runstate="Runnable" testcasecount="398" result="Passed" start-time="2026-07-01 13:18:40Z" end-time="2026-07-01 13:18:46Z" duration="5.331835" total="8" passed="8" failed="0" inconclusive="0" skipped="0" asserts="0">
          <properties />
          <test-suite type="TestFixture" id="1337" name="FinalArtIntegrationPlayModeTests" fullname="CheddarAndCocoa.Tests.FinalArtIntegrationPlayModeTests" classname="CheddarAndCocoa.Tests.FinalArtIntegrationPlayModeTests" runstate="Runnable" testcasecount="8" result="Passed" start-time="2026-07-01 13:18:40Z" end-time="2026-07-01 13:18:46Z" duration="5.325798" total="8" passed="8" failed="0" inconclusive="0" skipped="0" asserts="0">
            <properties />
            <test-case id="1338" name="ArenaFinal_RequiredResourcesLoadAndMissingResourcesStayOptional" fullname="CheddarAndCocoa.Tests.FinalArtIntegrationPlayModeTests.ArenaFinal_RequiredResourcesLoadAndMissingResourcesStayOptional" methodname="ArenaFinal_RequiredResourcesLoadAndMissingResourcesStayOptional" classname="CheddarAndCocoa.Tests.FinalArtIntegrationPlayModeTests" runstate="Runnable" seed="450811637" result="Passed" start-time="2026-07-01 13:18:40Z" end-time="2026-07-01 13:18:40Z" duration="0.164228" asserts="0">
              <properties>
                <property name="retryIteration" value="0" />
                <property name="repeatIteration" value="0" />
              </properties>
            </test-case>
            <test-case id="1340" name="ArtReviewCapture_ParsesOnlyExplicitOutputArgument" fullname="CheddarAndCocoa.Tests.FinalArtIntegrationPlayModeTests.ArtReviewCapture_ParsesOnlyExplicitOutputArgument" methodname="ArtReviewCapture_ParsesOnlyExplicitOutputArgument" classname="CheddarAndCocoa.Tests.FinalArtIntegrationPlayModeTests" runstate="Runnable" seed="285461347" result="Passed" start-time="2026-07-01 13:18:40Z" end-time="2026-07-01 13:18:40Z" duration="0.000165" asserts="0">
              <properties>
                <property name="retryIteration" value="0" />
                <property name="repeatIteration" value="0" />
              </properties>
            </test-case>
            <test-case id="1343" name="BackyardRescue_UsesFinalSpritesWithoutReplacingGameplayObjects" fullname="CheddarAndCocoa.Tests.FinalArtIntegrationPlayModeTests.BackyardRescue_UsesFinalSpritesWithoutReplacingGameplayObjects" methodname="BackyardRescue_UsesFinalSpritesWithoutReplacingGameplayObjects" classname="CheddarAndCocoa.Tests.FinalArtIntegrationPlayModeTests" runstate="Runnable" seed="513738666" result="Passed" start-time="2026-07-01 13:18:40Z" end-time="2026-07-01 13:18:43Z" duration="2.454731" asserts="0">
              <properties>
                <property name="_JOINTYPE" value="UnityCombinatorial" />
                <property name="retryIteration" value="0" />
                <property name="repeatIteration" value="0" />
              </properties>
              <output><![CDATA[[Cheddar] WOOF!
]]></output>
            </test-case>
            <test-case id="1341" name="CharacterMotionArt_BuildsStableDirectionalPathsAndFallsBackSafely" fullname="CheddarAndCocoa.Tests.FinalArtIntegrationPlayModeTests.CharacterMotionArt_BuildsStableDirectionalPathsAndFallsBackSafely" methodname="CharacterMotionArt_BuildsStableDirectionalPathsAndFallsBackSafely" classname="CheddarAndCocoa.Tests.FinalArtIntegrationPlayModeTests" runstate="Runnable" seed="1829336678" result="Passed" start-time="2026-07-01 13:18:43Z" end-time="2026-07-01 13:18:43Z" duration="0.014195" asserts="0">
              <properties>
                <property name="retryIteration" value="0" />
                <property name="repeatIteration" value="0" />
              </properties>
            </test-case>
            <test-case id="1339" name="FinalJuiceEffect_MapsGameplayFeedbackToDistinctReadableSprites" fullname="CheddarAndCocoa.Tests.FinalArtIntegrationPlayModeTests.FinalJuiceEffect_MapsGameplayFeedbackToDistinctReadableSprites" methodname="FinalJuiceEffect_MapsGameplayFeedbackToDistinctReadableSprites" classname="CheddarAndCocoa.Tests.FinalArtIntegrationPlayModeTests" runstate="Runnable" seed="1236398751" result="Passed" start-time="2026-07-01 13:18:43Z" end-time="2026-07-01 13:18:43Z" duration="0.000872" asserts="0">
              <properties>
                <property name="retryIteration" value="0" />
                <property name="repeatIteration" value="0" />
              </properties>
            </test-case>
            <test-case id="1345" name="GeneratedMissionPropPackPass2_CoversVisibleMissionFocusProps" fullname="CheddarAndCocoa.Tests.FinalArtIntegrationPlayModeTests.GeneratedMissionPropPackPass2_CoversVisibleMissionFocusProps" methodname="GeneratedMissionPropPackPass2_CoversVisibleMissionFocusProps" classname="CheddarAndCocoa.Tests.FinalArtIntegrationPlayModeTests" runstate="Runnable" seed="2119076744" result="Passed" start-time="2026-07-01 13:18:43Z" end-time="2026-07-01 13:18:45Z" duration="2.048684" asserts="0">
              <properties>
                <property name="_JOINTYPE" value="UnityCombinatorial" />
                <property name="retryIteration" value="0" />
                <property name="repeatIteration" value="0" />
              </properties>
            </test-case>
            <test-case id="1344" name="MissionThreatActors_UseAuthoredMotionAndMarkerFallbacks" fullname="CheddarAndCocoa.Tests.FinalArtIntegrationPlayModeTests.MissionThreatActors_UseAuthoredMotionAndMarkerFallbacks" methodname="MissionThreatActors_UseAuthoredMotionAndMarkerFallbacks" classname="CheddarAndCocoa.Tests.FinalArtIntegrationPlayModeTests" runstate="Runnable" seed="1519968655" result="Passed" start-time="2026-07-01 13:18:45Z" end-time="2026-07-01 13:18:46Z" duration="0.636214" asserts="0">
              <properties>
                <property name="_JOINTYPE" value="UnityCombinatorial" />
                <property name="retryIteration" value="0" />
                <property name="repeatIteration" value="0" />
              </properties>
            </test-case>
            <test-case id="1342" name="ThreatMotionArt_BuildsStablePathsAndInfersReadableClips" fullname="CheddarAndCocoa.Tests.FinalArtIntegrationPlayModeTests.ThreatMotionArt_BuildsStablePathsAndInfersReadableClips" methodname="ThreatMotionArt_BuildsStablePathsAndInfersReadableClips" classname="CheddarAndCocoa.Tests.FinalArtIntegrationPlayModeTests" runstate="Runnable" seed="847227615" result="Passed" start-time="2026-07-01 13:18:46Z" end-time="2026-07-01 13:18:46Z" duration="0.000407" asserts="0">
              <properties>
                <property name="retryIteration" value="0" />
                <property name="repeatIteration" value="0" />
              </properties>
              <output><![CDATA[Saving results to: /Users/kchapman/Weeniegame/unity/test-results/threat-conspiracy-p0-final-art-results.xml
]]></output>
            </test-case>
          </test-suite>
        </test-suite>
      </test-suite>
    </test-suite>
  </test-suite>
</test-run>